Enter the number of stocks to simulate: Enter the short moving average period: Enter the long moving average period: Downloaded 1/50 stocks
Downloaded 2/50 stocks
Downloaded 3/50 stocks
Downloaded 4/50 stocks
Downloaded 5/50 stocks
Downloaded 6/50 stocks
Downloaded 7/50 stocks
Downloaded 8/50 stocks
Downloaded 9/50 stocks
Downloaded 10/50 stocks
Downloaded 11/50 stocks
Downloaded 12/50 stocks
Downloaded 13/50 stocks
Downloaded 14/50 stocks
Downloaded 15/50 stocks
Downloaded 16/50 stocks
Downloaded 17/50 stocks
Downloaded 18/50 stocks
Downloaded 19/50 stocks
Downloaded 20/50 stocks
Downloaded 21/50 stocks
Downloaded 22/50 stocks
Downloaded 23/50 stocks
Downloaded 24/50 stocks
Downloaded 25/50 stocks
Downloaded 26/50 stocks
Downloaded 27/50 stocks
Downloaded 28/50 stocks
Downloaded 29/50 stocks
Downloaded 30/50 stocks
Downloaded 31/50 stocks
Downloaded 32/50 stocks
Downloaded 33/50 stocks
Downloaded 34/50 stocks
Downloaded 35/50 stocks
Downloaded 36/50 stocks
Downloaded 37/50 stocks
Downloaded 38/50 stocks
Downloaded 39/50 stocks
Downloaded 40/50 stocks
Downloaded 41/50 stocks
Downloaded 42/50 stocks
Downloaded 43/50 stocks
Downloaded 44/50 stocks
Downloaded 45/50 stocks
Downloaded 46/50 stocks
Downloaded 47/50 stocks
Downloaded 48/50 stocks
Downloaded 49/50 stocks
Downloaded 50/50 stocks
模拟交易策略 长城汽车 (601633) 的数据
2024-03-05, B, 4300.0, 22.80, 1960.00
2024-04-10, S, 4300.0, 24.85, 108823.60
2024-04-12, B, 4300.0, 25.30, 33.60
2024-05-14, S, 4300.0, 27.58, 118614.70
601633 (长城汽车) Initial Balance: 100000.00
601633 (长城汽车) Final Balance: 118614.70
601633 (长城汽车) Stock Value: 0.00
601633 (长城汽车) Total Profit/Loss: 18614.70
===
模拟交易策略 创业慧康 (300451) 的数据
2024-03-08, B, 22200.0, 4.50, 100.00
2024-03-18, S, 22200.0, 4.91, 108991.00
2024-05-16, B, 26500.0, 4.11, 76.00
2024-05-30, S, 26500.0, 3.86, 102456.10
300451 (创业慧康) Initial Balance: 100000.00
300451 (创业慧康) Final Balance: 102456.10
300451 (创业慧康) Stock Value: 0.00
300451 (创业慧康) Total Profit/Loss: 2456.10
===
模拟交易策略 海南高速 (000886) 的数据
2024-03-05, B, 23300.0, 4.29, 43.00
2024-03-06, S, 23300.0, 4.68, 108996.13
2024-05-10, B, 23100.0, 4.71, 195.13
2024-05-13, S, 23100.0, 5.13, 118788.22
000886 (海南高速) Initial Balance: 100000.00
000886 (海南高速) Final Balance: 118788.22
000886 (海南高速) Stock Value: 0.00
000886 (海南高速) Total Profit/Loss: 18788.22
===
模拟交易策略 高能环境 (603588) 的数据
2024-03-08, B, 19100.0, 5.22, 298.00
2024-03-18, S, 19100.0, 5.69, 108973.18
2024-06-19, B, 16000.0, 6.78, 493.18
2024-06-26, S, 16000.0, 6.37, 102464.38
603588 (高能环境) Initial Balance: 100000.00
603588 (高能环境) Final Balance: 102464.38
603588 (高能环境) Stock Value: 0.00
603588 (高能环境) Total Profit/Loss: 2464.38
===
模拟交易策略 西南证券 (600369) 的数据
2024-02-29, B, 23900.0, 4.17, 337.00
2024-03-25, S, 23900.0, 3.92, 94020.22
2024-05-10, B, 23800.0, 3.95, 10.22
2024-06-06, S, 23800.0, 3.71, 88379.62
600369 (西南证券) Initial Balance: 100000.00
600369 (西南证券) Final Balance: 88379.62
600369 (西南证券) Stock Value: 0.00
600369 (西南证券) Total Profit/Loss: -11620.38
===
模拟交易策略 中材科技 (002080) 的数据
2024-03-05, B, 6800.0, 14.64, 448.00
2024-04-16, S, 6800.0, 15.96, 108959.68
002080 (中材科技) Initial Balance: 100000.00
002080 (中材科技) Final Balance: 108959.68
002080 (中材科技) Stock Value: 0.00
002080 (中材科技) Total Profit/Loss: 8959.68
===
模拟交易策略 永安期货 (600927) 的数据
2024-03-06, B, 7000.0, 14.27, 110.00
2024-03-25, S, 7000.0, 13.41, 94006.60
600927 (永安期货) Initial Balance: 100000.00
600927 (永安期货) Final Balance: 94006.60
600927 (永安期货) Stock Value: 0.00
600927 (永安期货) Total Profit/Loss: -5993.40
===
模拟交易策略 茂莱光学 (688502) 的数据
2024-03-08, B, 700.0, 125.04, 12472.00
2024-03-20, S, 700.0, 136.29, 107877.52
2024-05-22, B, 1000.0, 101.55, 6327.52
2024-05-27, S, 1000.0, 110.69, 117017.02
688502 (茂莱光学) Initial Balance: 100000.00
688502 (茂莱光学) Final Balance: 117017.02
688502 (茂莱光学) Stock Value: 0.00
688502 (茂莱光学) Total Profit/Loss: 17017.02
===
模拟交易策略 莱茵体育 (000558) 的数据
2024-03-18, B, 37100.0, 2.69, 201.00
2024-03-27, S, 37100.0, 2.53, 94012.06
2024-05-22, B, 35600.0, 2.64, 28.06
2024-05-27, S, 35600.0, 2.48, 88373.02
000558 (莱茵体育) Initial Balance: 100000.00
000558 (莱茵体育) Final Balance: 88373.02
000558 (莱茵体育) Stock Value: 0.00
000558 (莱茵体育) Total Profit/Loss: -11626.98
===
模拟交易策略 信隆健康 (002105) 的数据
2024-03-14, B, 21500.0, 4.65, 25.00
2024-03-21, S, 21500.0, 5.07, 108997.75
2024-05-16, B, 22300.0, 4.88, 173.75
2024-06-03, S, 22300.0, 4.59, 102468.31
002105 (信隆健康) Initial Balance: 100000.00
002105 (信隆健康) Final Balance: 102468.31
002105 (信隆健康) Stock Value: 0.00
002105 (信隆健康) Total Profit/Loss: 2468.31
===
模拟交易策略 格林达 (603931) 的数据
2024-03-06, B, 4600.0, 21.50, 1100.00
2024-03-26, S, 4600.0, 20.21, 94066.00
2024-05-14, B, 4300.0, 21.85, 111.00
2024-05-28, S, 4300.0, 23.82, 102521.95
603931 (格林达) Initial Balance: 100000.00
603931 (格林达) Final Balance: 102521.95
603931 (格林达) Stock Value: 0.00
603931 (格林达) Total Profit/Loss: 2521.95
===
模拟交易策略 恒而达 (300946) 的数据
2024-03-08, B, 3800.0, 25.79, 1998.00
2024-04-08, S, 3800.0, 24.24, 94119.88
2024-05-21, B, 3700.0, 24.91, 1952.88
2024-06-04, S, 3700.0, 23.42, 88589.86
300946 (恒而达) Initial Balance: 100000.00
300946 (恒而达) Final Balance: 88589.86
300946 (恒而达) Stock Value: 0.00
300946 (恒而达) Total Profit/Loss: -11410.14
===
模拟交易策略 智翔金泰 (688443) 的数据
2024-03-05, B, 2800.0, 34.50, 3400.00
2024-03-07, S, 2800.0, 32.43, 94204.00
2024-05-10, B, 2200.0, 41.88, 2068.00
2024-05-16, S, 2200.0, 39.37, 88675.84
688443 (智翔金泰) Initial Balance: 100000.00
688443 (智翔金泰) Final Balance: 88675.84
688443 (智翔金泰) Stock Value: 0.00
688443 (智翔金泰) Total Profit/Loss: -11324.16
===
模拟交易策略 重药控股 (000950) 的数据
2024-02-26, B, 20200.0, 4.94, 212.00
2024-04-18, S, 20200.0, 5.38, 108980.92
000950 (重药控股) Initial Balance: 100000.00
000950 (重药控股) Final Balance: 108980.92
000950 (重药控股) Stock Value: 0.00
000950 (重药控股) Total Profit/Loss: 8980.92
===
模拟交易策略 纵横通信 (603602) 的数据
2024-03-06, B, 7500.0, 13.18, 1150.00
2024-03-13, S, 7500.0, 14.37, 108896.50
2024-05-27, B, 8700.0, 12.44, 668.50
2024-06-04, S, 8700.0, 11.69, 102402.82
603602 (纵横通信) Initial Balance: 100000.00
603602 (纵横通信) Final Balance: 102402.82
603602 (纵横通信) Stock Value: 0.00
603602 (纵横通信) Total Profit/Loss: 2402.82
===
模拟交易策略 万方发展 (000638) 的数据
2024-03-14, B, 17800.0, 5.61, 142.00
2024-03-28, S, 17800.0, 5.27, 94008.52
2024-05-28, B, 17100.0, 5.49, 129.52
2024-05-29, S, 17100.0, 5.16, 88375.78
000638 (万方发展) Initial Balance: 100000.00
000638 (万方发展) Final Balance: 88375.78
000638 (万方发展) Stock Value: 0.00
000638 (万方发展) Total Profit/Loss: -11624.22
===
模拟交易策略 长龄液压 (605389) 的数据
2024-03-18, B, 4600.0, 21.63, 502.00
2024-03-27, S, 4600.0, 20.33, 94030.12
2024-04-30, B, 4200.0, 22.10, 1210.12
2024-06-06, S, 4200.0, 20.77, 88460.92
605389 (长龄液压) Initial Balance: 100000.00
605389 (长龄液压) Final Balance: 88460.92
605389 (长龄液压) Stock Value: 0.00
605389 (长龄液压) Total Profit/Loss: -11539.08
===
模拟交易策略 经纬辉开 (300120) 的数据
2024-03-14, B, 19200.0, 5.20, 160.00
2024-03-18, S, 19200.0, 5.67, 108985.60
2024-05-16, B, 20700.0, 5.24, 517.60
2024-05-21, S, 20700.0, 5.71, 118747.72
2024-07-05, B, 17900.0, 6.61, 428.72
300120 (经纬辉开) Initial Balance: 100000.00
300120 (经纬辉开) Final Balance: 428.72
300120 (经纬辉开) Stock Value: 116529.00
300120 (经纬辉开) Total Profit/Loss: 16957.72
===
模拟交易策略 鸿富瀚 (301086) 的数据
2024-03-08, B, 2900.0, 34.08, 1168.00
2024-03-18, S, 2900.0, 37.15, 108894.88
2024-05-20, B, 3300.0, 32.74, 852.88
2024-05-23, S, 3300.0, 35.69, 118618.66
2024-07-01, B, 2900.0, 39.67, 3575.66
2024-07-03, S, 2900.0, 37.29, 111716.08
301086 (鸿富瀚) Initial Balance: 100000.00
301086 (鸿富瀚) Final Balance: 111716.08
301086 (鸿富瀚) Stock Value: 0.00
301086 (鸿富瀚) Total Profit/Loss: 11716.08
===
模拟交易策略 长飞光纤 (601869) 的数据
2024-03-01, B, 3600.0, 27.65, 460.00
2024-03-19, S, 3600.0, 30.14, 108958.60
601869 (长飞光纤) Initial Balance: 100000.00
601869 (长飞光纤) Final Balance: 108958.60
601869 (长飞光纤) Stock Value: 0.00
601869 (长飞光纤) Total Profit/Loss: 8958.60
===
模拟交易策略 金隅集团 (601992) 的数据
2024-02-22, B, 51200.0, 1.95, 160.00
2024-04-24, S, 51200.0, 1.83, 94009.60
601992 (金隅集团) Initial Balance: 100000.00
601992 (金隅集团) Final Balance: 94009.60
601992 (金隅集团) Stock Value: 0.00
601992 (金隅集团) Total Profit/Loss: -5990.40
===
模拟交易策略 通宇通讯 (002792) 的数据
2024-03-07, B, 8300.0, 11.93, 981.00
2024-03-20, S, 8300.0, 13.00, 108911.71
2024-05-22, B, 9600.0, 11.23, 1103.71
2024-05-29, S, 9600.0, 10.56, 102443.23
002792 (通宇通讯) Initial Balance: 100000.00
002792 (通宇通讯) Final Balance: 102443.23
002792 (通宇通讯) Stock Value: 0.00
002792 (通宇通讯) Total Profit/Loss: 2443.23
===
模拟交易策略 中原内配 (002448) 的数据
2024-03-07, B, 16900.0, 5.89, 459.00
2024-03-19, S, 16900.0, 6.42, 108958.69
2024-05-13, B, 16800.0, 6.47, 262.69
2024-06-05, S, 16800.0, 6.08, 102436.93
002448 (中原内配) Initial Balance: 100000.00
002448 (中原内配) Final Balance: 102436.93
002448 (中原内配) Stock Value: 0.00
002448 (中原内配) Total Profit/Loss: 2436.93
===
模拟交易策略 中源家居 (603709) 的数据
2024-03-19, B, 7200.0, 13.83, 424.00
2024-03-25, S, 7200.0, 15.07, 108961.84
2024-05-17, B, 7200.0, 15.02, 817.84
2024-05-23, S, 7200.0, 14.12, 102473.20
603709 (中源家居) Initial Balance: 100000.00
603709 (中源家居) Final Balance: 102473.20
603709 (中源家居) Stock Value: 0.00
603709 (中源家居) Total Profit/Loss: 2473.20
===
模拟交易策略 铜牛信息 (300895) 的数据
2024-03-06, B, 3200.0, 30.70, 1760.00
2024-03-08, S, 3200.0, 33.46, 108841.60
2024-05-20, B, 4000.0, 26.91, 1201.60
2024-05-27, S, 4000.0, 25.30, 102383.20
300895 (铜牛信息) Initial Balance: 100000.00
300895 (铜牛信息) Final Balance: 102383.20
300895 (铜牛信息) Stock Value: 0.00
300895 (铜牛信息) Total Profit/Loss: 2383.20
===
模拟交易策略 三钢闽光 (002110) 的数据
2024-03-07, B, 27800.0, 3.59, 198.00
2024-06-04, S, 27800.0, 3.37, 94011.88
2024-06-05, B, 27600.0, 3.40, 171.88
2024-06-06, S, 27600.0, 3.20, 88381.48
002110 (三钢闽光) Initial Balance: 100000.00
002110 (三钢闽光) Final Balance: 88381.48
002110 (三钢闽光) Stock Value: 0.00
002110 (三钢闽光) Total Profit/Loss: -11618.52
===
模拟交易策略 键凯科技 (688356) 的数据
2024-03-08, B, 1300.0, 76.04, 1148.00
2024-03-12, S, 1300.0, 82.88, 108896.68
2024-04-25, B, 1400.0, 77.42, 508.68
2024-04-29, S, 1400.0, 84.39, 118651.60
688356 (键凯科技) Initial Balance: 100000.00
688356 (键凯科技) Final Balance: 118651.60
688356 (键凯科技) Stock Value: 0.00
688356 (键凯科技) Total Profit/Loss: 18651.60
===
模拟交易策略 威力传动 (300904) 的数据
2024-03-11, B, 1700.0, 58.32, 856.00
2024-03-25, S, 1700.0, 54.82, 94051.36
2024-05-27, B, 2100.0, 43.68, 2323.36
2024-06-06, S, 2100.0, 41.06, 88547.68
300904 (威力传动) Initial Balance: 100000.00
300904 (威力传动) Final Balance: 88547.68
300904 (威力传动) Stock Value: 0.00
300904 (威力传动) Total Profit/Loss: -11452.32
===
模拟交易策略 曲美家居 (603818) 的数据
2024-03-15, B, 26000.0, 3.84, 160.00
2024-03-27, S, 26000.0, 4.19, 108985.60
2024-05-22, B, 30100.0, 3.61, 324.60
2024-05-28, S, 30100.0, 3.39, 102465.94
603818 (曲美家居) Initial Balance: 100000.00
603818 (曲美家居) Final Balance: 102465.94
603818 (曲美家居) Stock Value: 0.00
603818 (曲美家居) Total Profit/Loss: 2465.94
===
模拟交易策略 诺禾致源 (688315) 的数据
2024-03-15, B, 6500.0, 15.26, 810.00
2024-03-20, S, 6500.0, 16.63, 108927.10
2024-05-13, B, 7200.0, 14.95, 1287.10
2024-05-17, S, 7200.0, 14.05, 102468.70
688315 (诺禾致源) Initial Balance: 100000.00
688315 (诺禾致源) Final Balance: 102468.70
688315 (诺禾致源) Stock Value: 0.00
688315 (诺禾致源) Total Profit/Loss: 2468.70
===
模拟交易策略 *ST博信 (600083) 的数据
2024-03-12, B, 15500.0, 6.45, 25.00
2024-03-18, S, 15500.0, 7.03, 108997.75
600083 (*ST博信) Initial Balance: 100000.00
600083 (*ST博信) Final Balance: 108997.75
600083 (*ST博信) Stock Value: 0.00
600083 (*ST博信) Total Profit/Loss: 8997.75
===
模拟交易策略 物产金轮 (002722) 的数据
2024-03-14, B, 8300.0, 11.93, 981.00
2024-03-25, S, 8300.0, 13.00, 108911.71
2024-05-13, B, 8100.0, 13.30, 1181.71
2024-05-27, S, 8100.0, 12.50, 102447.91
002722 (物产金轮) Initial Balance: 100000.00
002722 (物产金轮) Final Balance: 102447.91
002722 (物产金轮) Stock Value: 0.00
002722 (物产金轮) Total Profit/Loss: 2447.91
===
模拟交易策略 浙文影业 (601599) 的数据
2024-03-06, B, 26700.0, 3.74, 142.00
2024-03-18, S, 26700.0, 4.08, 108987.22
2024-05-22, B, 32300.0, 3.37, 136.22
2024-05-29, S, 32300.0, 3.17, 102456.16
601599 (浙文影业) Initial Balance: 100000.00
601599 (浙文影业) Final Balance: 102456.16
601599 (浙文影业) Stock Value: 0.00
601599 (浙文影业) Total Profit/Loss: 2456.16
===
模拟交易策略 滨江集团 (002244) 的数据
2024-05-14, B, 12700.0, 7.84, 432.00
2024-05-15, S, 12700.0, 8.55, 108961.12
002244 (滨江集团) Initial Balance: 100000.00
002244 (滨江集团) Final Balance: 108961.12
002244 (滨江集团) Stock Value: 0.00
002244 (滨江集团) Total Profit/Loss: 8961.12
===
模拟交易策略 安诺其 (300067) 的数据
2024-02-28, B, 25800.0, 3.87, 154.00
2024-02-29, S, 25800.0, 3.64, 94009.24
2024-05-13, B, 18900.0, 4.95, 454.24
2024-05-22, S, 18900.0, 4.65, 88395.94
300067 (安诺其) Initial Balance: 100000.00
300067 (安诺其) Final Balance: 88395.94
300067 (安诺其) Stock Value: 0.00
300067 (安诺其) Total Profit/Loss: -11604.06
===
模拟交易策略 苏能股份 (600925) 的数据
2024-03-01, B, 19000.0, 5.24, 440.00
2024-03-26, S, 19000.0, 4.93, 94026.40
2024-04-19, B, 17500.0, 5.37, 51.40
2024-06-24, S, 17500.0, 5.05, 88387.90
600925 (苏能股份) Initial Balance: 100000.00
600925 (苏能股份) Final Balance: 88387.90
600925 (苏能股份) Stock Value: 0.00
600925 (苏能股份) Total Profit/Loss: -11612.10
===
模拟交易策略 以岭药业 (002603) 的数据
2024-03-07, B, 4700.0, 21.25, 125.00
2024-03-28, S, 4700.0, 19.97, 94007.50
002603 (以岭药业) Initial Balance: 100000.00
002603 (以岭药业) Final Balance: 94007.50
002603 (以岭药业) Stock Value: 0.00
002603 (以岭药业) Total Profit/Loss: -5992.50
===
模拟交易策略 美能能源 (001299) 的数据
2024-03-15, B, 8200.0, 12.12, 616.00
2024-04-02, S, 8200.0, 13.21, 108944.56
2024-05-20, B, 8500.0, 12.68, 1164.56
2024-06-05, S, 8500.0, 11.92, 102477.76
001299 (美能能源) Initial Balance: 100000.00
001299 (美能能源) Final Balance: 102477.76
001299 (美能能源) Stock Value: 0.00
001299 (美能能源) Total Profit/Loss: 2477.76
===
模拟交易策略 鼎龙股份 (300054) 的数据
2024-03-01, B, 4700.0, 21.10, 830.00
2024-04-29, S, 4700.0, 23.00, 108925.30
2024-05-08, B, 4600.0, 23.65, 135.30
2024-05-22, S, 4600.0, 22.23, 102397.90
2024-06-19, B, 4400.0, 23.07, 889.90
2024-06-25, S, 4400.0, 21.69, 96307.42
300054 (鼎龙股份) Initial Balance: 100000.00
300054 (鼎龙股份) Final Balance: 96307.42
300054 (鼎龙股份) Stock Value: 0.00
300054 (鼎龙股份) Total Profit/Loss: -3692.58
===
模拟交易策略 株冶集团 (600961) 的数据
2024-05-24, B, 9800.0, 10.11, 922.00
2024-05-28, S, 9800.0, 11.02, 108917.02
600961 (株冶集团) Initial Balance: 100000.00
600961 (株冶集团) Final Balance: 108917.02
600961 (株冶集团) Stock Value: 0.00
600961 (株冶集团) Total Profit/Loss: 8917.02
===
模拟交易策略 景兴纸业 (002067) 的数据
2024-03-18, B, 34900.0, 2.86, 186.00
2024-03-25, S, 34900.0, 3.12, 108983.26
2024-05-16, B, 34100.0, 3.19, 204.26
2024-05-23, S, 34100.0, 3.00, 102456.52
002067 (景兴纸业) Initial Balance: 100000.00
002067 (景兴纸业) Final Balance: 102456.52
002067 (景兴纸业) Stock Value: 0.00
002067 (景兴纸业) Total Profit/Loss: 2456.52
===
模拟交易策略 中国船舶 (600150) 的数据
2024-04-03, B, 2600.0, 37.33, 2942.00
2024-06-28, S, 2600.0, 40.69, 108735.22
600150 (中国船舶) Initial Balance: 100000.00
600150 (中国船舶) Final Balance: 108735.22
600150 (中国船舶) Stock Value: 0.00
600150 (中国船舶) Total Profit/Loss: 8735.22
===
模拟交易策略 纽威股份 (603699) 的数据
2024-03-01, B, 6000.0, 16.49, 1060.00
2024-04-02, S, 6000.0, 17.97, 108904.60
603699 (纽威股份) Initial Balance: 100000.00
603699 (纽威股份) Final Balance: 108904.60
603699 (纽威股份) Stock Value: 0.00
603699 (纽威股份) Total Profit/Loss: 8904.60
===
模拟交易策略 杭氧股份 (002430) 的数据
2024-02-27, B, 3800.0, 26.19, 478.00
2024-03-12, S, 3800.0, 28.55, 108956.98
002430 (杭氧股份) Initial Balance: 100000.00
002430 (杭氧股份) Final Balance: 108956.98
002430 (杭氧股份) Stock Value: 0.00
002430 (杭氧股份) Total Profit/Loss: 8956.98
===
模拟交易策略 希荻微 (688173) 的数据
2024-03-08, B, 7000.0, 14.15, 950.00
2024-03-25, S, 7000.0, 13.30, 94057.00
2024-05-20, B, 8200.0, 11.40, 577.00
2024-05-24, S, 8200.0, 10.72, 88448.20
688173 (希荻微) Initial Balance: 100000.00
688173 (希荻微) Final Balance: 88448.20
688173 (希荻微) Stock Value: 0.00
688173 (希荻微) Total Profit/Loss: -11551.80
===
模拟交易策略 兄弟科技 (002562) 的数据
2024-03-14, B, 31200.0, 3.20, 160.00
2024-03-27, S, 31200.0, 3.49, 108985.60
2024-05-15, B, 30800.0, 3.53, 261.60
2024-05-31, S, 30800.0, 3.32, 102462.16
002562 (兄弟科技) Initial Balance: 100000.00
002562 (兄弟科技) Final Balance: 102462.16
002562 (兄弟科技) Stock Value: 0.00
002562 (兄弟科技) Total Profit/Loss: 2462.16
===
模拟交易策略 上海凯鑫 (300899) 的数据
2024-03-20, B, 4200.0, 23.57, 1006.00
2024-03-22, S, 4200.0, 25.69, 108909.46
2024-05-20, B, 5000.0, 21.49, 1459.46
2024-05-23, S, 5000.0, 20.20, 102462.46
300899 (上海凯鑫) Initial Balance: 100000.00
300899 (上海凯鑫) Final Balance: 102462.46
300899 (上海凯鑫) Stock Value: 0.00
300899 (上海凯鑫) Total Profit/Loss: 2462.46
===
模拟交易策略 山大地纬 (688579) 的数据
2024-03-06, B, 10200.0, 9.74, 652.00
2024-03-20, S, 10200.0, 10.62, 108941.32
2024-05-17, B, 12600.0, 8.63, 203.32
2024-05-27, S, 12600.0, 8.11, 102417.04
688579 (山大地纬) Initial Balance: 100000.00
688579 (山大地纬) Final Balance: 102417.04
688579 (山大地纬) Stock Value: 0.00
688579 (山大地纬) Total Profit/Loss: 2417.04
===
模拟交易策略 微导纳米 (688147) 的数据
2024-02-28, B, 2600.0, 37.67, 2058.00
2024-02-29, S, 2600.0, 35.41, 94123.48
2024-06-18, B, 3100.0, 29.45, 2828.48
2024-06-21, S, 3100.0, 27.68, 88645.78
688147 (微导纳米) Initial Balance: 100000.00
688147 (微导纳米) Final Balance: 88645.78
688147 (微导纳米) Stock Value: 0.00
688147 (微导纳米) Total Profit/Loss: -11354.22
===
模拟交易策略 迪森股份 (300335) 的数据
2024-03-14, B, 23000.0, 4.34, 180.00
2024-04-16, S, 23000.0, 4.08, 94010.80
2024-05-17, B, 20800.0, 4.50, 410.80
2024-06-03, S, 20800.0, 4.23, 88394.80
300335 (迪森股份) Initial Balance: 100000.00
300335 (迪森股份) Final Balance: 88394.80
300335 (迪森股份) Stock Value: 0.00
300335 (迪森股份) Total Profit/Loss: -11605.20
===
Downloaded 1/50 stocks
Downloaded 2/50 stocks
Downloaded 3/50 stocks
Downloaded 4/50 stocks
Downloaded 5/50 stocks
Downloaded 6/50 stocks
Downloaded 7/50 stocks
Downloaded 8/50 stocks
Downloaded 9/50 stocks
Downloaded 10/50 stocks
Downloaded 11/50 stocks
Downloaded 12/50 stocks
Downloaded 13/50 stocks
Downloaded 14/50 stocks
Downloaded 15/50 stocks
Downloaded 16/50 stocks
Downloaded 17/50 stocks
Downloaded 18/50 stocks
Downloaded 19/50 stocks
Downloaded 20/50 stocks
Downloaded 21/50 stocks
Downloaded 22/50 stocks
Downloaded 23/50 stocks
Downloaded 24/50 stocks
Downloaded 25/50 stocks
Downloaded 26/50 stocks
Downloaded 27/50 stocks
Downloaded 28/50 stocks
Downloaded 29/50 stocks
Downloaded 30/50 stocks
Downloaded 31/50 stocks
Downloaded 32/50 stocks
Downloaded 33/50 stocks
Downloaded 34/50 stocks
Downloaded 35/50 stocks
Downloaded 36/50 stocks
Downloaded 37/50 stocks
Downloaded 38/50 stocks
Downloaded 39/50 stocks
Downloaded 40/50 stocks
Downloaded 41/50 stocks
Downloaded 42/50 stocks
Downloaded 43/50 stocks
Downloaded 44/50 stocks
Downloaded 45/50 stocks
Downloaded 46/50 stocks
Downloaded 47/50 stocks
Downloaded 48/50 stocks
Downloaded 49/50 stocks
Downloaded 50/50 stocks
模拟交易策略 创兴资源 (600193) 的数据
2024-03-14, B, 24600.0, 4.05, 370.00
2024-03-18, S, 24600.0, 4.41, 108966.70
2024-05-23, B, 26200.0, 4.15, 236.70
2024-05-29, S, 26200.0, 3.90, 102442.90
600193 (创兴资源) Initial Balance: 100000.00
600193 (创兴资源) Final Balance: 102442.90
600193 (创兴资源) Stock Value: 0.00
600193 (创兴资源) Total Profit/Loss: 2442.90
===
模拟交易策略 国泰君安 (601211) 的数据
2024-05-15, B, 7300.0, 13.59, 793.00
601211 (国泰君安) Initial Balance: 100000.00
601211 (国泰君安) Final Balance: 793.00
601211 (国泰君安) Stock Value: 98185.00
601211 (国泰君安) Total Profit/Loss: -1022.00
===
模拟交易策略 标榜股份 (301181) 的数据
2024-03-11, B, 4700.0, 21.00, 1300.00
2024-03-19, S, 4700.0, 22.89, 108883.00
2024-05-22, B, 5300.0, 20.24, 1611.00
2024-06-03, S, 5300.0, 22.06, 118537.48
2024-06-28, B, 5300.0, 22.07, 1566.48
2024-07-02, S, 5300.0, 24.06, 129064.87
301181 (标榜股份) Initial Balance: 100000.00
301181 (标榜股份) Final Balance: 129064.87
301181 (标榜股份) Stock Value: 0.00
301181 (标榜股份) Total Profit/Loss: 29064.87
===
模拟交易策略 大龙地产 (600159) 的数据
2024-03-20, B, 36100.0, 2.77, 3.00
2024-03-26, S, 36100.0, 3.02, 108999.73
2024-05-21, B, 38100.0, 2.86, 33.73
2024-05-24, S, 38100.0, 2.69, 102461.77
600159 (大龙地产) Initial Balance: 100000.00
600159 (大龙地产) Final Balance: 102461.77
600159 (大龙地产) Stock Value: 0.00
600159 (大龙地产) Total Profit/Loss: 2461.77
===
模拟交易策略 恒太照明 (873339) 的数据
2024-05-16, B, 23600.0, 4.22, 408.00
2024-06-05, S, 23600.0, 3.97, 94024.48
873339 (恒太照明) Initial Balance: 100000.00
873339 (恒太照明) Final Balance: 94024.48
873339 (恒太照明) Stock Value: 0.00
873339 (恒太照明) Total Profit/Loss: -5975.52
===
模拟交易策略 瑞贝卡 (600439) 的数据
2024-03-13, B, 38300.0, 2.61, 37.00
2024-03-18, S, 38300.0, 2.84, 108996.67
2024-05-21, B, 44300.0, 2.46, 18.67
2024-05-28, S, 44300.0, 2.31, 102457.99
600439 (瑞贝卡) Initial Balance: 100000.00
600439 (瑞贝卡) Final Balance: 102457.99
600439 (瑞贝卡) Stock Value: 0.00
600439 (瑞贝卡) Total Profit/Loss: 2457.99
===
模拟交易策略 邵阳液压 (301079) 的数据
2024-03-15, B, 8400.0, 11.88, 208.00
2024-03-18, S, 8400.0, 12.95, 108981.28
2024-05-22, B, 9000.0, 12.06, 441.28
2024-05-27, S, 9000.0, 11.34, 102468.88
2024-06-20, B, 8300.0, 12.29, 461.88
2024-06-21, S, 8300.0, 11.55, 96348.46
301079 (邵阳液压) Initial Balance: 100000.00
301079 (邵阳液压) Final Balance: 96348.46
301079 (邵阳液压) Stock Value: 0.00
301079 (邵阳液压) Total Profit/Loss: -3651.54
===
模拟交易策略 川大智胜 (002253) 的数据
2024-03-14, B, 8100.0, 12.28, 532.00
2024-03-19, S, 8100.0, 13.39, 108952.12
2024-05-17, B, 9700.0, 11.22, 118.12
2024-05-20, S, 9700.0, 12.23, 118747.18
2024-07-04, B, 10800.0, 10.93, 703.18
2024-07-05, S, 10800.0, 10.27, 111664.54
002253 (川大智胜) Initial Balance: 100000.00
002253 (川大智胜) Final Balance: 111664.54
002253 (川大智胜) Stock Value: 0.00
002253 (川大智胜) Total Profit/Loss: 11664.54
===
模拟交易策略 物产环能 (603071) 的数据
2024-03-08, B, 7300.0, 13.68, 136.00
2024-06-20, S, 7300.0, 12.86, 94008.16
603071 (物产环能) Initial Balance: 100000.00
603071 (物产环能) Final Balance: 94008.16
603071 (物产环能) Stock Value: 0.00
603071 (物产环能) Total Profit/Loss: -5991.84
===
模拟交易策略 锋龙股份 (002931) 的数据
2024-03-01, B, 6900.0, 14.40, 640.00
2024-03-15, S, 6900.0, 15.70, 108942.40
002931 (锋龙股份) Initial Balance: 100000.00
002931 (锋龙股份) Final Balance: 108942.40
002931 (锋龙股份) Stock Value: 0.00
002931 (锋龙股份) Total Profit/Loss: 8942.40
===
模拟交易策略 上实发展 (600748) 的数据
2024-03-27, B, 29200.0, 3.42, 136.00
2024-03-29, S, 29200.0, 3.21, 94008.16
2024-05-20, B, 28300.0, 3.32, 52.16
2024-05-27, S, 28300.0, 3.12, 88370.80
600748 (上实发展) Initial Balance: 100000.00
600748 (上实发展) Final Balance: 88370.80
600748 (上实发展) Stock Value: 0.00
600748 (上实发展) Total Profit/Loss: -11629.20
===
模拟交易策略 盛洋科技 (603703) 的数据
2024-03-06, B, 9100.0, 10.92, 628.00
2024-03-19, S, 9100.0, 11.90, 108943.48
2024-05-15, B, 9700.0, 11.22, 109.48
2024-05-21, S, 9700.0, 10.55, 102413.44
603703 (盛洋科技) Initial Balance: 100000.00
603703 (盛洋科技) Final Balance: 102413.44
603703 (盛洋科技) Stock Value: 0.00
603703 (盛洋科技) Total Profit/Loss: 2413.44
===
模拟交易策略 步科股份 (688160) 的数据
2024-03-06, B, 2000.0, 49.90, 200.00
2024-03-07, S, 2000.0, 54.39, 108982.00
2024-05-21, B, 2300.0, 46.30, 2492.00
2024-05-27, S, 2300.0, 43.52, 102592.60
688160 (步科股份) Initial Balance: 100000.00
688160 (步科股份) Final Balance: 102592.60
688160 (步科股份) Stock Value: 0.00
688160 (步科股份) Total Profit/Loss: 2592.60
===
模拟交易策略 宁波港 (601018) 的数据
2024-02-23, B, 28800.0, 3.47, 64.00
601018 (宁波港) Initial Balance: 100000.00
601018 (宁波港) Final Balance: 64.00
601018 (宁波港) Stock Value: 99648.00
601018 (宁波港) Total Profit/Loss: -288.00
===
模拟交易策略 视觉中国 (000681) 的数据
2024-03-05, B, 7100.0, 14.07, 103.00
2024-03-22, S, 7100.0, 15.34, 108990.73
2024-05-15, B, 8200.0, 13.28, 94.73
2024-05-27, S, 8200.0, 12.48, 102456.97
000681 (视觉中国) Initial Balance: 100000.00
000681 (视觉中国) Final Balance: 102456.97
000681 (视觉中国) Stock Value: 0.00
000681 (视觉中国) Total Profit/Loss: 2456.97
===
模拟交易策略 孚日股份 (002083) 的数据
2024-03-15, B, 23900.0, 4.18, 98.00
2024-04-12, S, 23900.0, 4.56, 108991.18
002083 (孚日股份) Initial Balance: 100000.00
002083 (孚日股份) Final Balance: 108991.18
002083 (孚日股份) Stock Value: 0.00
002083 (孚日股份) Total Profit/Loss: 8991.18
===
模拟交易策略 金科环境 (688466) 的数据
2024-03-19, B, 7100.0, 14.00, 600.00
2024-03-25, S, 7100.0, 13.16, 94036.00
2024-05-17, B, 7300.0, 12.84, 304.00
2024-06-05, S, 7300.0, 12.07, 88412.08
688466 (金科环境) Initial Balance: 100000.00
688466 (金科环境) Final Balance: 88412.08
688466 (金科环境) Stock Value: 0.00
688466 (金科环境) Total Profit/Loss: -11587.92
===
模拟交易策略 永安药业 (002365) 的数据
2024-03-18, B, 13900.0, 7.18, 198.00
2024-04-16, S, 13900.0, 6.75, 94011.88
2024-05-13, B, 11800.0, 7.95, 201.88
2024-05-21, S, 11800.0, 8.67, 102454.78
002365 (永安药业) Initial Balance: 100000.00
002365 (永安药业) Final Balance: 102454.78
002365 (永安药业) Stock Value: 0.00
002365 (永安药业) Total Profit/Loss: 2454.78
===
模拟交易策略 国义招标 (831039) 的数据
2024-05-10, B, 15600.0, 6.39, 316.00
2024-05-29, S, 15600.0, 6.01, 94018.96
831039 (国义招标) Initial Balance: 100000.00
831039 (国义招标) Final Balance: 94018.96
831039 (国义招标) Stock Value: 0.00
831039 (国义招标) Total Profit/Loss: -5981.04
===
模拟交易策略 惠柏新材 (301555) 的数据
2024-03-12, B, 3000.0, 32.55, 2350.00
2024-03-19, S, 3000.0, 35.48, 108788.50
2024-05-10, B, 2900.0, 37.20, 908.50
2024-05-13, S, 2900.0, 34.97, 102315.70
301555 (惠柏新材) Initial Balance: 100000.00
301555 (惠柏新材) Final Balance: 102315.70
301555 (惠柏新材) Stock Value: 0.00
301555 (惠柏新材) Total Profit/Loss: 2315.70
===
模拟交易策略 拓邦股份 (002139) 的数据
2024-03-05, B, 11300.0, 8.82, 334.00
2024-03-25, S, 11300.0, 9.61, 108969.94
2024-06-24, B, 10300.0, 10.53, 510.94
002139 (拓邦股份) Initial Balance: 100000.00
002139 (拓邦股份) Final Balance: 510.94
002139 (拓邦股份) Stock Value: 109695.00
002139 (拓邦股份) Total Profit/Loss: 10205.94
===
模拟交易策略 国光电气 (688776) 的数据
2024-03-08, B, 1200.0, 79.00, 5200.00
2024-03-13, S, 1200.0, 74.26, 94312.00
2024-05-10, B, 1300.0, 72.11, 569.00
2024-05-14, S, 1300.0, 67.78, 88687.42
688776 (国光电气) Initial Balance: 100000.00
688776 (国光电气) Final Balance: 88687.42
688776 (国光电气) Stock Value: 0.00
688776 (国光电气) Total Profit/Loss: -11312.58
===
模拟交易策略 华西股份 (000936) 的数据
2024-03-04, B, 11000.0, 9.01, 890.00
2024-03-25, S, 11000.0, 8.47, 94053.40
2024-05-20, B, 12700.0, 7.40, 73.40
2024-05-24, S, 12700.0, 6.96, 88414.60
000936 (华西股份) Initial Balance: 100000.00
000936 (华西股份) Final Balance: 88414.60
000936 (华西股份) Stock Value: 0.00
000936 (华西股份) Total Profit/Loss: -11585.40
===
模拟交易策略 东方智造 (002175) 的数据
2024-03-08, B, 39000.0, 2.56, 160.00
2024-03-11, S, 39000.0, 2.41, 94009.60
2024-05-21, B, 41700.0, 2.25, 184.60
2024-05-27, S, 41700.0, 2.11, 88380.10
002175 (东方智造) Initial Balance: 100000.00
002175 (东方智造) Final Balance: 88380.10
002175 (东方智造) Stock Value: 0.00
002175 (东方智造) Total Profit/Loss: -11619.90
===
模拟交易策略 华发股份 (600325) 的数据
2024-04-02, B, 14800.0, 6.74, 248.00
2024-04-08, S, 14800.0, 6.34, 94014.88
2024-05-20, B, 12300.0, 7.61, 411.88
2024-05-23, S, 12300.0, 7.15, 88398.70
600325 (华发股份) Initial Balance: 100000.00
600325 (华发股份) Final Balance: 88398.70
600325 (华发股份) Stock Value: 0.00
600325 (华发股份) Total Profit/Loss: -11601.30
===
模拟交易策略 长城电工 (600192) 的数据
2024-03-15, B, 22700.0, 4.40, 120.00
2024-03-27, S, 22700.0, 4.80, 108989.20
2024-05-23, B, 24400.0, 4.45, 409.20
2024-05-30, S, 24400.0, 4.85, 118761.40
2024-07-01, B, 25900.0, 4.57, 398.40
2024-07-04, S, 25900.0, 4.30, 111659.62
600192 (长城电工) Initial Balance: 100000.00
600192 (长城电工) Final Balance: 111659.62
600192 (长城电工) Stock Value: 0.00
600192 (长城电工) Total Profit/Loss: 11659.62
===
模拟交易策略 思瑞浦 (688536) 的数据
2024-03-06, B, 900.0, 111.05, 55.00
2024-03-08, S, 900.0, 104.39, 94003.30
2024-06-05, B, 900.0, 101.01, 3094.30
2024-06-07, S, 900.0, 94.95, 88548.76
688536 (思瑞浦) Initial Balance: 100000.00
688536 (思瑞浦) Final Balance: 88548.76
688536 (思瑞浦) Stock Value: 0.00
688536 (思瑞浦) Total Profit/Loss: -11451.24
===
模拟交易策略 爱乐达 (300696) 的数据
2024-03-08, B, 7400.0, 13.40, 840.00
2024-03-19, S, 7400.0, 14.61, 108924.40
2024-05-10, B, 7100.0, 15.27, 507.40
2024-05-13, S, 7100.0, 14.35, 102419.38
300696 (爱乐达) Initial Balance: 100000.00
300696 (爱乐达) Final Balance: 102419.38
300696 (爱乐达) Stock Value: 0.00
300696 (爱乐达) Total Profit/Loss: 2419.38
===
模拟交易策略 阳光股份 (000608) 的数据
2024-03-21, B, 44400.0, 2.25, 100.00
2024-04-08, S, 44400.0, 2.11, 94006.00
2024-05-21, B, 44100.0, 2.13, 73.00
2024-05-27, S, 44100.0, 2.00, 88370.02
000608 (阳光股份) Initial Balance: 100000.00
000608 (阳光股份) Final Balance: 88370.02
000608 (阳光股份) Stock Value: 0.00
000608 (阳光股份) Total Profit/Loss: -11629.98
===
模拟交易策略 哈铁科技 (688459) 的数据
2024-03-13, B, 11200.0, 8.91, 208.00
2024-06-06, S, 11200.0, 8.38, 94012.48
688459 (哈铁科技) Initial Balance: 100000.00
688459 (哈铁科技) Final Balance: 94012.48
688459 (哈铁科技) Stock Value: 0.00
688459 (哈铁科技) Total Profit/Loss: -5987.52
===
模拟交易策略 金麒麟 (603586) 的数据
2024-03-20, B, 7000.0, 14.11, 1230.00
2024-03-27, S, 7000.0, 13.26, 94073.80
2024-06-26, B, 5100.0, 18.22, 1151.80
2024-06-27, S, 5100.0, 19.86, 102436.78
603586 (金麒麟) Initial Balance: 100000.00
603586 (金麒麟) Final Balance: 102436.78
603586 (金麒麟) Stock Value: 0.00
603586 (金麒麟) Total Profit/Loss: 2436.78
===
模拟交易策略 南都物业 (603506) 的数据
2024-03-19, B, 11800.0, 8.47, 54.00
2024-04-15, S, 11800.0, 7.96, 94003.24
2024-05-10, B, 9400.0, 9.92, 755.24
2024-05-13, S, 9400.0, 10.81, 102395.56
603506 (南都物业) Initial Balance: 100000.00
603506 (南都物业) Final Balance: 102395.56
603506 (南都物业) Stock Value: 0.00
603506 (南都物业) Total Profit/Loss: 2395.56
===
模拟交易策略 国金证券 (600109) 的数据
2024-02-23, B, 11100.0, 8.94, 766.00
2024-03-29, S, 11100.0, 8.40, 94045.96
2024-05-09, B, 10800.0, 8.65, 625.96
2024-06-03, S, 10800.0, 8.13, 88440.76
600109 (国金证券) Initial Balance: 100000.00
600109 (国金证券) Final Balance: 88440.76
600109 (国金证券) Stock Value: 0.00
600109 (国金证券) Total Profit/Loss: -11559.24
===
模拟交易策略 西藏旅游 (600749) 的数据
2024-03-13, B, 9400.0, 10.55, 830.00
2024-04-09, S, 9400.0, 11.50, 108925.30
2024-05-13, B, 10000.0, 10.80, 925.30
2024-05-16, S, 10000.0, 11.77, 118645.30
2024-07-03, B, 9000.0, 13.10, 745.30
2024-07-04, S, 9000.0, 12.31, 111571.30
600749 (西藏旅游) Initial Balance: 100000.00
600749 (西藏旅游) Final Balance: 111571.30
600749 (西藏旅游) Stock Value: 0.00
600749 (西藏旅游) Total Profit/Loss: 11571.30
===
模拟交易策略 东杰智能 (300486) 的数据
2024-03-07, B, 16500.0, 6.05, 175.00
2024-03-26, S, 16500.0, 5.69, 94010.50
2024-05-17, B, 18100.0, 5.19, 71.50
2024-05-23, S, 18100.0, 4.88, 88374.16
300486 (东杰智能) Initial Balance: 100000.00
300486 (东杰智能) Final Balance: 88374.16
300486 (东杰智能) Stock Value: 0.00
300486 (东杰智能) Total Profit/Loss: -11625.84
===
模拟交易策略 XD骆驼股 (601311) 的数据
2024-03-07, B, 13700.0, 7.26, 538.00
2024-03-19, S, 13700.0, 7.91, 108951.58
601311 (XD骆驼股) Initial Balance: 100000.00
601311 (XD骆驼股) Final Balance: 108951.58
601311 (XD骆驼股) Stock Value: 0.00
601311 (XD骆驼股) Total Profit/Loss: 8951.58
===
模拟交易策略 广信股份 (603599) 的数据
2024-03-04, B, 6700.0, 14.78, 974.00
2024-05-29, S, 6700.0, 13.89, 94058.44
603599 (广信股份) Initial Balance: 100000.00
603599 (广信股份) Final Balance: 94058.44
603599 (广信股份) Stock Value: 0.00
603599 (广信股份) Total Profit/Loss: -5941.56
===
模拟交易策略 蔚蓝生物 (603739) 的数据
2024-03-15, B, 9500.0, 10.49, 345.00
2024-03-25, S, 9500.0, 11.43, 108968.95
2024-05-08, B, 5900.0, 18.37, 585.95
2024-05-09, S, 5900.0, 20.02, 118723.42
603739 (蔚蓝生物) Initial Balance: 100000.00
603739 (蔚蓝生物) Final Balance: 118723.42
603739 (蔚蓝生物) Stock Value: 0.00
603739 (蔚蓝生物) Total Profit/Loss: 18723.42
===
模拟交易策略 灵鸽科技 (833284) 的数据
2024-03-12, B, 10700.0, 9.27, 811.00
2024-03-22, S, 10700.0, 8.71, 94048.66
2024-05-24, B, 13500.0, 6.96, 88.66
2024-05-29, S, 13500.0, 6.54, 88411.06
833284 (灵鸽科技) Initial Balance: 100000.00
833284 (灵鸽科技) Final Balance: 88411.06
833284 (灵鸽科技) Stock Value: 0.00
833284 (灵鸽科技) Total Profit/Loss: -11588.94
===
模拟交易策略 康缘药业 (600557) 的数据
2024-03-06, B, 5400.0, 18.33, 1018.00
2024-03-11, S, 5400.0, 19.98, 108908.38
2024-05-21, B, 5700.0, 18.88, 1292.38
2024-05-22, S, 5700.0, 17.75, 102451.42
600557 (康缘药业) Initial Balance: 100000.00
600557 (康缘药业) Final Balance: 102451.42
600557 (康缘药业) Stock Value: 0.00
600557 (康缘药业) Total Profit/Loss: 2451.42
===
模拟交易策略 奥 特 迅 (002227) 的数据
2024-03-14, B, 10500.0, 9.48, 460.00
2024-03-19, S, 10500.0, 10.33, 108958.60
2024-05-20, B, 12100.0, 9.00, 58.60
2024-05-23, S, 12100.0, 8.46, 102424.60
002227 (奥 特 迅) Initial Balance: 100000.00
002227 (奥 特 迅) Final Balance: 102424.60
002227 (奥 特 迅) Stock Value: 0.00
002227 (奥 特 迅) Total Profit/Loss: 2424.60
===
模拟交易策略 科华生物 (002022) 的数据
2024-03-12, B, 12600.0, 7.91, 334.00
2024-03-21, S, 12600.0, 8.62, 108969.94
2024-05-20, B, 15000.0, 7.23, 519.94
2024-05-27, S, 15000.0, 6.80, 102462.94
002022 (科华生物) Initial Balance: 100000.00
002022 (科华生物) Final Balance: 102462.94
002022 (科华生物) Stock Value: 0.00
002022 (科华生物) Total Profit/Loss: 2462.94
===
模拟交易策略 日久光电 (003015) 的数据
2024-03-12, B, 8300.0, 11.91, 1147.00
2024-03-15, S, 8300.0, 11.20, 94068.82
2024-05-22, B, 8700.0, 10.76, 456.82
2024-05-27, S, 8700.0, 10.11, 88452.10
003015 (日久光电) Initial Balance: 100000.00
003015 (日久光电) Final Balance: 88452.10
003015 (日久光电) Stock Value: 0.00
003015 (日久光电) Total Profit/Loss: -11547.90
===
模拟交易策略 金海通 (603061) 的数据
2024-03-06, B, 1400.0, 69.64, 2504.00
2024-03-12, S, 1400.0, 75.91, 108774.64
2024-05-23, B, 1600.0, 64.05, 6294.64
2024-05-27, S, 1600.0, 60.21, 102625.84
2024-06-19, B, 1400.0, 69.00, 6025.84
2024-06-25, S, 1400.0, 64.86, 96829.84
603061 (金海通) Initial Balance: 100000.00
603061 (金海通) Final Balance: 96829.84
603061 (金海通) Stock Value: 0.00
603061 (金海通) Total Profit/Loss: -3170.16
===
模拟交易策略 天洋新材 (603330) 的数据
2024-03-18, B, 15700.0, 6.35, 305.00
2024-03-25, S, 15700.0, 5.97, 94018.30
2024-05-23, B, 15600.0, 6.00, 418.30
2024-05-27, S, 15600.0, 5.64, 88402.30
603330 (天洋新材) Initial Balance: 100000.00
603330 (天洋新材) Final Balance: 88402.30
603330 (天洋新材) Stock Value: 0.00
603330 (天洋新材) Total Profit/Loss: -11597.70
===
模拟交易策略 天桥起重 (002523) 的数据
2024-03-11, B, 31500.0, 3.17, 145.00
2024-03-28, S, 31500.0, 2.98, 94008.70
002523 (天桥起重) Initial Balance: 100000.00
002523 (天桥起重) Final Balance: 94008.70
002523 (天桥起重) Stock Value: 0.00
002523 (天桥起重) Total Profit/Loss: -5991.30
===
模拟交易策略 启迪药业 (000590) 的数据
2024-03-18, B, 13900.0, 7.18, 198.00
2024-04-09, S, 13900.0, 7.83, 108982.18
2024-05-23, B, 15900.0, 6.84, 226.18
2024-05-28, S, 15900.0, 7.46, 118770.22
000590 (启迪药业) Initial Balance: 100000.00
000590 (启迪药业) Final Balance: 118770.22
000590 (启迪药业) Stock Value: 0.00
000590 (启迪药业) Total Profit/Loss: 18770.22
===
模拟交易策略 上海新阳 (300236) 的数据
2024-03-01, B, 2900.0, 34.18, 878.00
2024-03-27, S, 2900.0, 32.13, 94052.68
2024-05-15, B, 2900.0, 31.69, 2151.68
2024-05-24, S, 2900.0, 29.79, 88538.62
300236 (上海新阳) Initial Balance: 100000.00
300236 (上海新阳) Final Balance: 88538.62
300236 (上海新阳) Stock Value: 0.00
300236 (上海新阳) Total Profit/Loss: -11461.38
===
模拟交易策略 西藏药业 (600211) 的数据
2024-03-04, B, 2900.0, 34.18, 878.00
2024-04-30, S, 2900.0, 37.26, 108920.98
600211 (西藏药业) Initial Balance: 100000.00
600211 (西藏药业) Final Balance: 108920.98
600211 (西藏药业) Stock Value: 0.00
600211 (西藏药业) Total Profit/Loss: 8920.98
===
模拟交易策略 奕瑞科技 (688301) 的数据
2024-03-05, B, 600.0, 165.71, 574.00
2024-03-08, S, 600.0, 155.77, 94034.44
2024-05-21, B, 600.0, 144.97, 7052.44
2024-05-22, S, 600.0, 136.27, 88815.52
688301 (奕瑞科技) Initial Balance: 100000.00
688301 (奕瑞科技) Final Balance: 88815.52
688301 (奕瑞科技) Stock Value: 0.00
688301 (奕瑞科技) Total Profit/Loss: -11184.48
===
Downloaded 1/50 stocks
Downloaded 2/50 stocks
Downloaded 3/50 stocks
Downloaded 4/50 stocks
Downloaded 5/50 stocks
Downloaded 6/50 stocks
Downloaded 7/50 stocks
Downloaded 8/50 stocks
Downloaded 9/50 stocks
Downloaded 10/50 stocks
Downloaded 11/50 stocks
Downloaded 12/50 stocks
Downloaded 13/50 stocks
Downloaded 14/50 stocks
Downloaded 15/50 stocks
Downloaded 16/50 stocks
Downloaded 17/50 stocks
Downloaded 18/50 stocks
Downloaded 19/50 stocks
Downloaded 20/50 stocks
Downloaded 21/50 stocks
Downloaded 22/50 stocks
Downloaded 23/50 stocks
Downloaded 24/50 stocks
Downloaded 25/50 stocks
Downloaded 26/50 stocks
Downloaded 27/50 stocks
Downloaded 28/50 stocks
Downloaded 29/50 stocks
Downloaded 30/50 stocks
Downloaded 31/50 stocks
Downloaded 32/50 stocks
Downloaded 33/50 stocks
Downloaded 34/50 stocks
Downloaded 35/50 stocks
Downloaded 36/50 stocks
Downloaded 37/50 stocks
Downloaded 38/50 stocks
Downloaded 39/50 stocks
Downloaded 40/50 stocks
Downloaded 41/50 stocks
Downloaded 42/50 stocks
Downloaded 43/50 stocks
Downloaded 44/50 stocks
Downloaded 45/50 stocks
Downloaded 46/50 stocks
Downloaded 47/50 stocks
Downloaded 48/50 stocks
Downloaded 49/50 stocks
Downloaded 50/50 stocks
模拟交易策略 网达软件 (603189) 的数据
2024-03-08, B, 7700.0, 12.93, 439.00
2024-03-13, S, 7700.0, 14.09, 108960.49
2024-05-15, B, 8400.0, 12.86, 936.49
2024-05-21, S, 8400.0, 12.09, 102479.05
603189 (网达软件) Initial Balance: 100000.00
603189 (网达软件) Final Balance: 102479.05
603189 (网达软件) Stock Value: 0.00
603189 (网达软件) Total Profit/Loss: 2479.05
===
模拟交易策略 浙江力诺 (300838) 的数据
2024-03-13, B, 8000.0, 12.46, 320.00
2024-04-15, S, 8000.0, 11.71, 94019.20
300838 (浙江力诺) Initial Balance: 100000.00
300838 (浙江力诺) Final Balance: 94019.20
300838 (浙江力诺) Stock Value: 0.00
300838 (浙江力诺) Total Profit/Loss: -5980.80
===
模拟交易策略 喜悦智行 (301198) 的数据
2024-03-14, B, 11200.0, 8.90, 320.00
2024-04-02, S, 11200.0, 9.70, 108971.20
2024-05-17, B, 12100.0, 8.99, 192.20
2024-05-27, S, 12100.0, 8.45, 102444.46
301198 (喜悦智行) Initial Balance: 100000.00
301198 (喜悦智行) Final Balance: 102444.46
301198 (喜悦智行) Stock Value: 0.00
301198 (喜悦智行) Total Profit/Loss: 2444.46
===
模拟交易策略 中国石油 (601857) 的数据
2024-06-14, B, 10300.0, 9.64, 708.00
2024-07-01, S, 10300.0, 10.51, 108936.28
2024-07-04, B, 10200.0, 10.58, 1020.28
601857 (中国石油) Initial Balance: 100000.00
601857 (中国石油) Final Balance: 1020.28
601857 (中国石油) Stock Value: 107508.00
601857 (中国石油) Total Profit/Loss: 8528.28
===
模拟交易策略 万孚生物 (300482) 的数据
2024-03-07, B, 3700.0, 26.51, 1913.00
2024-03-25, S, 3700.0, 24.92, 94114.78
2024-05-08, B, 3100.0, 29.58, 2416.78
2024-05-23, S, 3100.0, 27.81, 88612.90
300482 (万孚生物) Initial Balance: 100000.00
300482 (万孚生物) Final Balance: 88612.90
300482 (万孚生物) Stock Value: 0.00
300482 (万孚生物) Total Profit/Loss: -11387.10
===
模拟交易策略 三超新材 (300554) 的数据
2024-03-11, B, 3700.0, 26.61, 1543.00
2024-03-12, S, 3700.0, 29.00, 108861.13
2024-05-16, B, 5100.0, 21.00, 1761.13
2024-05-17, S, 5100.0, 22.89, 118500.13
300554 (三超新材) Initial Balance: 100000.00
300554 (三超新材) Final Balance: 118500.13
300554 (三超新材) Stock Value: 0.00
300554 (三超新材) Total Profit/Loss: 18500.13
===
模拟交易策略 卓朗科技 (600225) 的数据
2024-03-05, B, 27300.0, 3.65, 355.00
2024-03-15, S, 27300.0, 3.43, 94021.30
600225 (卓朗科技) Initial Balance: 100000.00
600225 (卓朗科技) Final Balance: 94021.30
600225 (卓朗科技) Stock Value: 0.00
600225 (卓朗科技) Total Profit/Loss: -5978.70
===
模拟交易策略 盛屯矿业 (600711) 的数据
2024-03-06, B, 26300.0, 3.80, 60.00
2024-03-12, S, 26300.0, 4.14, 108994.60
600711 (盛屯矿业) Initial Balance: 100000.00
600711 (盛屯矿业) Final Balance: 108994.60
600711 (盛屯矿业) Stock Value: 0.00
600711 (盛屯矿业) Total Profit/Loss: 8994.60
===
模拟交易策略 御银股份 (002177) 的数据
2024-03-08, B, 24600.0, 4.05, 370.00
2024-04-08, S, 24600.0, 3.81, 94022.20
2024-05-21, B, 26800.0, 3.50, 222.20
2024-05-27, S, 26800.0, 3.29, 88394.20
002177 (御银股份) Initial Balance: 100000.00
002177 (御银股份) Final Balance: 88394.20
002177 (御银股份) Stock Value: 0.00
002177 (御银股份) Total Profit/Loss: -11605.80
===
模拟交易策略 完美世界 (002624) 的数据
2024-03-01, B, 8800.0, 11.26, 912.00
2024-03-07, S, 8800.0, 10.58, 94054.72
002624 (完美世界) Initial Balance: 100000.00
002624 (完美世界) Final Balance: 94054.72
002624 (完美世界) Stock Value: 0.00
002624 (完美世界) Total Profit/Loss: -5945.28
===
模拟交易策略 ST雪发 (002485) 的数据
2024-03-26, B, 35900.0, 2.78, 198.00
2024-04-03, S, 35900.0, 3.03, 108982.18
2024-04-10, B, 33200.0, 3.28, 86.18
2024-04-12, S, 33200.0, 3.08, 102448.42
2024-06-03, B, 36700.0, 2.79, 55.42
2024-06-06, S, 36700.0, 3.04, 111663.79
002485 (ST雪发) Initial Balance: 100000.00
002485 (ST雪发) Final Balance: 111663.79
002485 (ST雪发) Stock Value: 0.00
002485 (ST雪发) Total Profit/Loss: 11663.79
===
模拟交易策略 田野股份 (832023) 的数据
832023 (田野股份) Initial Balance: 100000.00
832023 (田野股份) Final Balance: 100000.00
832023 (田野股份) Stock Value: 0.00
832023 (田野股份) Total Profit/Loss: 0.00
===
模拟交易策略 威迈斯 (688612) 的数据
2024-03-08, B, 2900.0, 34.40, 240.00
2024-03-14, S, 2900.0, 37.50, 108978.40
688612 (威迈斯) Initial Balance: 100000.00
688612 (威迈斯) Final Balance: 108978.40
688612 (威迈斯) Stock Value: 0.00
688612 (威迈斯) Total Profit/Loss: 8978.40
===
模拟交易策略 潍柴重机 (000880) 的数据
2024-03-11, B, 11900.0, 8.40, 40.00
2024-03-21, S, 11900.0, 9.16, 108996.40
2024-04-22, B, 12300.0, 8.80, 756.40
2024-06-04, S, 12300.0, 8.27, 102502.00
000880 (潍柴重机) Initial Balance: 100000.00
000880 (潍柴重机) Final Balance: 102502.00
000880 (潍柴重机) Stock Value: 0.00
000880 (潍柴重机) Total Profit/Loss: 2502.00
===
模拟交易策略 长江电力 (600900) 的数据
2024-04-18, B, 3800.0, 25.92, 1504.00
2024-06-06, S, 3800.0, 28.25, 108864.64
600900 (长江电力) Initial Balance: 100000.00
600900 (长江电力) Final Balance: 108864.64
600900 (长江电力) Stock Value: 0.00
600900 (长江电力) Total Profit/Loss: 8864.64
===
模拟交易策略 天威视讯 (002238) 的数据
2024-03-07, B, 8500.0, 11.70, 550.00
2024-03-08, S, 8500.0, 11.00, 94033.00
002238 (天威视讯) Initial Balance: 100000.00
002238 (天威视讯) Final Balance: 94033.00
002238 (天威视讯) Stock Value: 0.00
002238 (天威视讯) Total Profit/Loss: -5967.00
===
模拟交易策略 九安医疗 (002432) 的数据
2024-03-01, B, 2500.0, 39.92, 200.00
2024-03-19, S, 2500.0, 43.51, 108982.00
2024-05-14, B, 2500.0, 43.30, 732.00
2024-05-23, S, 2500.0, 40.70, 102487.00
002432 (九安医疗) Initial Balance: 100000.00
002432 (九安医疗) Final Balance: 102487.00
002432 (九安医疗) Stock Value: 0.00
002432 (九安医疗) Total Profit/Loss: 2487.00
===
模拟交易策略 津药药业 (600488) 的数据
2024-03-12, B, 25800.0, 3.87, 154.00
2024-04-16, S, 25800.0, 3.64, 94009.24
2024-05-13, B, 23100.0, 4.06, 223.24
2024-06-03, S, 23100.0, 3.82, 88382.08
600488 (津药药业) Initial Balance: 100000.00
600488 (津药药业) Final Balance: 88382.08
600488 (津药药业) Stock Value: 0.00
600488 (津药药业) Total Profit/Loss: -11617.92
===
模拟交易策略 万凯新材 (301216) 的数据
2024-03-08, B, 7400.0, 13.34, 1284.00
2024-03-25, S, 7400.0, 12.54, 94077.04
2024-05-20, B, 7600.0, 12.34, 293.04
2024-05-27, S, 7600.0, 11.60, 88450.00
301216 (万凯新材) Initial Balance: 100000.00
301216 (万凯新材) Final Balance: 88450.00
301216 (万凯新材) Stock Value: 0.00
301216 (万凯新材) Total Profit/Loss: -11550.00
===
模拟交易策略 贝特瑞 (835185) 的数据
2024-03-12, B, 5100.0, 19.28, 1672.00
2024-03-25, S, 5100.0, 18.12, 94100.32
2024-06-27, B, 5000.0, 18.70, 600.32
2024-07-04, S, 5000.0, 17.58, 88490.32
835185 (贝特瑞) Initial Balance: 100000.00
835185 (贝特瑞) Final Balance: 88490.32
835185 (贝特瑞) Stock Value: 0.00
835185 (贝特瑞) Total Profit/Loss: -11509.68
===
模拟交易策略 国博电子 (688375) 的数据
2024-03-05, B, 2000.0, 48.28, 3440.00
2024-03-26, S, 2000.0, 45.38, 94206.40
2024-05-07, B, 1800.0, 49.75, 4656.40
2024-05-28, S, 1800.0, 46.77, 88833.40
688375 (国博电子) Initial Balance: 100000.00
688375 (国博电子) Final Balance: 88833.40
688375 (国博电子) Stock Value: 0.00
688375 (国博电子) Total Profit/Loss: -11166.60
===
模拟交易策略 金利华电 (300069) 的数据
2024-03-18, B, 8900.0, 11.20, 320.00
2024-03-28, S, 8900.0, 10.53, 94019.20
2024-05-17, B, 8000.0, 11.70, 419.20
2024-05-20, S, 8000.0, 12.75, 102443.20
300069 (金利华电) Initial Balance: 100000.00
300069 (金利华电) Final Balance: 102443.20
300069 (金利华电) Stock Value: 0.00
300069 (金利华电) Total Profit/Loss: 2443.20
===
模拟交易策略 国机重装 (601399) 的数据
2024-03-01, B, 34000.0, 2.94, 40.00
2024-03-27, S, 34000.0, 2.76, 94002.40
2024-04-22, B, 31600.0, 2.97, 150.40
2024-06-13, S, 31600.0, 2.79, 88371.28
601399 (国机重装) Initial Balance: 100000.00
601399 (国机重装) Final Balance: 88371.28
601399 (国机重装) Stock Value: 0.00
601399 (国机重装) Total Profit/Loss: -11628.72
===
模拟交易策略 通鼎互联 (002491) 的数据
2024-03-07, B, 20500.0, 4.86, 370.00
2024-03-20, S, 20500.0, 5.30, 108966.70
002491 (通鼎互联) Initial Balance: 100000.00
002491 (通鼎互联) Final Balance: 108966.70
002491 (通鼎互联) Stock Value: 0.00
002491 (通鼎互联) Total Profit/Loss: 8966.70
===
模拟交易策略 三变科技 (002112) 的数据
2024-03-11, B, 11200.0, 8.92, 96.00
2024-03-27, S, 11200.0, 8.38, 94005.76
2024-05-13, B, 9700.0, 9.68, 109.76
2024-05-15, S, 9700.0, 10.55, 102456.40
002112 (三变科技) Initial Balance: 100000.00
002112 (三变科技) Final Balance: 102456.40
002112 (三变科技) Stock Value: 0.00
002112 (三变科技) Total Profit/Loss: 2456.40
===
模拟交易策略 柯力传感 (603662) 的数据
2024-03-05, B, 3100.0, 31.60, 2040.00
2024-03-18, S, 3100.0, 34.44, 108816.40
2024-05-14, B, 3800.0, 27.98, 2492.40
2024-05-24, S, 3800.0, 26.30, 102436.96
603662 (柯力传感) Initial Balance: 100000.00
603662 (柯力传感) Final Balance: 102436.96
603662 (柯力传感) Stock Value: 0.00
603662 (柯力传感) Total Profit/Loss: 2436.96
===
模拟交易策略 朗特智能 (300916) 的数据
2024-03-12, B, 5500.0, 17.95, 1275.00
2024-03-20, S, 5500.0, 19.57, 108885.25
300916 (朗特智能) Initial Balance: 100000.00
300916 (朗特智能) Final Balance: 108885.25
300916 (朗特智能) Stock Value: 0.00
300916 (朗特智能) Total Profit/Loss: 8885.25
===
模拟交易策略 中国重汽 (000951) 的数据
2024-04-16, B, 5700.0, 17.35, 1105.00
2024-04-23, S, 5700.0, 16.31, 94066.30
000951 (中国重汽) Initial Balance: 100000.00
000951 (中国重汽) Final Balance: 94066.30
000951 (中国重汽) Stock Value: 0.00
000951 (中国重汽) Total Profit/Loss: -5933.70
===
模拟交易策略 芯碁微装 (688630) 的数据
2024-03-07, B, 1400.0, 69.19, 3134.00
2024-03-22, S, 1400.0, 75.42, 108717.94
2024-05-14, B, 1700.0, 61.50, 4167.94
2024-06-04, S, 1700.0, 67.04, 118127.44
688630 (芯碁微装) Initial Balance: 100000.00
688630 (芯碁微装) Final Balance: 118127.44
688630 (芯碁微装) Stock Value: 0.00
688630 (芯碁微装) Total Profit/Loss: 18127.44
===
模拟交易策略 华光源海 (872351) 的数据
2024-03-12, B, 13300.0, 7.48, 516.00
2024-03-25, S, 13300.0, 7.03, 94030.96
2024-05-14, B, 12800.0, 7.32, 334.96
2024-05-15, S, 12800.0, 6.88, 88409.20
872351 (华光源海) Initial Balance: 100000.00
872351 (华光源海) Final Balance: 88409.20
872351 (华光源海) Stock Value: 0.00
872351 (华光源海) Total Profit/Loss: -11590.80
===
模拟交易策略 西安饮食 (000721) 的数据
2024-03-13, B, 10500.0, 9.49, 355.00
2024-03-26, S, 10500.0, 8.92, 94021.30
000721 (西安饮食) Initial Balance: 100000.00
000721 (西安饮食) Final Balance: 94021.30
000721 (西安饮食) Stock Value: 0.00
000721 (西安饮食) Total Profit/Loss: -5978.70
===
模拟交易策略 华凯易佰 (300592) 的数据
2024-03-08, B, 7600.0, 13.09, 516.00
2024-03-13, S, 7600.0, 14.27, 108953.56
2024-05-15, B, 8000.0, 13.59, 233.56
2024-05-27, S, 8000.0, 14.81, 118738.36
300592 (华凯易佰) Initial Balance: 100000.00
300592 (华凯易佰) Final Balance: 118738.36
300592 (华凯易佰) Stock Value: 0.00
300592 (华凯易佰) Total Profit/Loss: 18738.36
===
模拟交易策略 潮宏基 (002345) 的数据
2024-03-18, B, 15500.0, 6.42, 490.00
2024-03-26, S, 15500.0, 6.03, 94029.40
002345 (潮宏基) Initial Balance: 100000.00
002345 (潮宏基) Final Balance: 94029.40
002345 (潮宏基) Stock Value: 0.00
002345 (潮宏基) Total Profit/Loss: -5970.60
===
模拟交易策略 长江通信 (600345) 的数据
2024-06-20, B, 4400.0, 22.62, 472.00
2024-06-21, S, 4400.0, 21.26, 94028.32
600345 (长江通信) Initial Balance: 100000.00
600345 (长江通信) Final Balance: 94028.32
600345 (长江通信) Stock Value: 0.00
600345 (长江通信) Total Profit/Loss: -5971.68
===
模拟交易策略 世名科技 (300522) 的数据
2024-03-12, B, 9100.0, 10.95, 355.00
2024-03-15, S, 9100.0, 11.94, 108968.05
2024-05-13, B, 8900.0, 12.23, 121.05
2024-05-27, S, 8900.0, 11.50, 102437.23
300522 (世名科技) Initial Balance: 100000.00
300522 (世名科技) Final Balance: 102437.23
300522 (世名科技) Stock Value: 0.00
300522 (世名科技) Total Profit/Loss: 2437.23
===
模拟交易策略 黄山旅游 (600054) 的数据
2024-03-13, B, 8700.0, 11.40, 820.00
2024-04-08, S, 8700.0, 12.43, 108926.20
600054 (黄山旅游) Initial Balance: 100000.00
600054 (黄山旅游) Final Balance: 108926.20
600054 (黄山旅游) Stock Value: 0.00
600054 (黄山旅游) Total Profit/Loss: 8926.20
===
模拟交易策略 凯恩股份 (002012) 的数据
2024-03-15, B, 23800.0, 4.20, 40.00
2024-03-20, S, 23800.0, 4.58, 108996.40
2024-05-22, B, 25800.0, 4.22, 120.40
2024-05-27, S, 25800.0, 3.97, 102463.84
002012 (凯恩股份) Initial Balance: 100000.00
002012 (凯恩股份) Final Balance: 102463.84
002012 (凯恩股份) Stock Value: 0.00
002012 (凯恩股份) Total Profit/Loss: 2463.84
===
模拟交易策略 德生科技 (002908) 的数据
2024-03-08, B, 10300.0, 9.67, 399.00
2024-03-21, S, 10300.0, 10.54, 108964.09
002908 (德生科技) Initial Balance: 100000.00
002908 (德生科技) Final Balance: 108964.09
002908 (德生科技) Stock Value: 0.00
002908 (德生科技) Total Profit/Loss: 8964.09
===
模拟交易策略 德邦科技 (688035) 的数据
2024-03-08, B, 2600.0, 38.21, 654.00
2024-03-12, S, 2600.0, 41.65, 108941.14
2024-05-21, B, 3300.0, 32.12, 2945.14
2024-05-27, S, 3300.0, 30.19, 102581.38
2024-06-17, B, 3000.0, 33.97, 671.38
2024-06-20, S, 3000.0, 37.03, 111753.28
688035 (德邦科技) Initial Balance: 100000.00
688035 (德邦科技) Final Balance: 111753.28
688035 (德邦科技) Stock Value: 0.00
688035 (德邦科技) Total Profit/Loss: 11753.28
===
模拟交易策略 中信重工 (601608) 的数据
2024-02-22, B, 25500.0, 3.91, 295.00
2024-02-27, S, 25500.0, 4.26, 108973.45
601608 (中信重工) Initial Balance: 100000.00
601608 (中信重工) Final Balance: 108973.45
601608 (中信重工) Stock Value: 0.00
601608 (中信重工) Total Profit/Loss: 8973.45
===
模拟交易策略 新迅达 (300518) 的数据
2024-03-13, B, 8000.0, 12.48, 160.00
2024-03-28, S, 8000.0, 11.73, 94009.60
300518 (新迅达) Initial Balance: 100000.00
300518 (新迅达) Final Balance: 94009.60
300518 (新迅达) Stock Value: 0.00
300518 (新迅达) Total Profit/Loss: -5990.40
===
模拟交易策略 航天软件 (688562) 的数据
2024-03-11, B, 5500.0, 17.99, 1055.00
2024-03-27, S, 5500.0, 16.91, 94063.30
2024-05-16, B, 6100.0, 15.32, 611.30
2024-05-28, S, 6100.0, 14.40, 88456.18
688562 (航天软件) Initial Balance: 100000.00
688562 (航天软件) Final Balance: 88456.18
688562 (航天软件) Stock Value: 0.00
688562 (航天软件) Total Profit/Loss: -11543.82
===
模拟交易策略 红星发展 (600367) 的数据
2024-03-12, B, 9500.0, 10.49, 345.00
2024-04-02, S, 9500.0, 11.43, 108968.95
2024-05-09, B, 8100.0, 13.29, 1319.95
2024-05-15, S, 8100.0, 12.49, 102510.01
600367 (红星发展) Initial Balance: 100000.00
600367 (红星发展) Final Balance: 102510.01
600367 (红星发展) Stock Value: 0.00
600367 (红星发展) Total Profit/Loss: 2510.01
===
模拟交易策略 慕思股份 (001323) 的数据
2024-04-18, B, 3200.0, 31.18, 224.00
2024-05-06, S, 3200.0, 33.99, 108979.84
001323 (慕思股份) Initial Balance: 100000.00
001323 (慕思股份) Final Balance: 108979.84
001323 (慕思股份) Stock Value: 0.00
001323 (慕思股份) Total Profit/Loss: 8979.84
===
模拟交易策略 共达电声 (002655) 的数据
2024-03-08, B, 10000.0, 9.94, 600.00
2024-03-18, S, 10000.0, 10.83, 108946.00
2024-05-17, B, 10700.0, 10.09, 983.00
2024-05-30, S, 10700.0, 11.00, 118662.67
002655 (共达电声) Initial Balance: 100000.00
002655 (共达电声) Final Balance: 118662.67
002655 (共达电声) Stock Value: 0.00
002655 (共达电声) Total Profit/Loss: 18662.67
===
模拟交易策略 网宿科技 (300017) 的数据
2024-05-08, B, 10900.0, 9.15, 265.00
2024-05-09, S, 10900.0, 8.60, 94015.90
2024-06-20, B, 10800.0, 8.67, 379.90
2024-06-25, S, 10800.0, 8.15, 88397.74
300017 (网宿科技) Initial Balance: 100000.00
300017 (网宿科技) Final Balance: 88397.74
300017 (网宿科技) Stock Value: 0.00
300017 (网宿科技) Total Profit/Loss: -11602.26
===
模拟交易策略 佳都科技 (600728) 的数据
2024-03-05, B, 19100.0, 5.22, 298.00
2024-03-27, S, 19100.0, 4.91, 94017.88
600728 (佳都科技) Initial Balance: 100000.00
600728 (佳都科技) Final Balance: 94017.88
600728 (佳都科技) Stock Value: 0.00
600728 (佳都科技) Total Profit/Loss: -5982.12
===
模拟交易策略 海科新源 (301292) 的数据
2024-03-13, B, 5300.0, 18.70, 890.00
2024-03-15, S, 5300.0, 17.58, 94053.40
301292 (海科新源) Initial Balance: 100000.00
301292 (海科新源) Final Balance: 94053.40
301292 (海科新源) Stock Value: 0.00
301292 (海科新源) Total Profit/Loss: -5946.60
===
模拟交易策略 ST元成 (603388) 的数据
2024-03-14, B, 15500.0, 6.42, 490.00
2024-03-22, S, 15500.0, 7.00, 108955.90
603388 (ST元成) Initial Balance: 100000.00
603388 (ST元成) Final Balance: 108955.90
603388 (ST元成) Stock Value: 0.00
603388 (ST元成) Total Profit/Loss: 8955.90
===
模拟交易策略 *ST中迪 (000609) 的数据
2024-03-18, B, 20200.0, 4.95, 10.00
2024-03-21, S, 20200.0, 5.40, 108999.10
2024-07-03, B, 60800.0, 1.79, 167.10
000609 (*ST中迪) Initial Balance: 100000.00
000609 (*ST中迪) Final Balance: 167.10
000609 (*ST中迪) Stock Value: 110656.00
000609 (*ST中迪) Total Profit/Loss: 10823.10
===
Downloaded 1/50 stocks
Downloaded 2/50 stocks
Downloaded 3/50 stocks
Downloaded 4/50 stocks
Downloaded 5/50 stocks
Downloaded 6/50 stocks
Downloaded 7/50 stocks
Downloaded 8/50 stocks
Downloaded 9/50 stocks
Downloaded 10/50 stocks
Downloaded 11/50 stocks
Downloaded 12/50 stocks
Downloaded 13/50 stocks
Downloaded 14/50 stocks
Downloaded 15/50 stocks
Downloaded 16/50 stocks
Downloaded 17/50 stocks
Downloaded 18/50 stocks
Downloaded 19/50 stocks
Downloaded 20/50 stocks
Downloaded 21/50 stocks
Downloaded 22/50 stocks
Downloaded 23/50 stocks
Downloaded 24/50 stocks
Downloaded 25/50 stocks
Downloaded 26/50 stocks
Downloaded 27/50 stocks
Downloaded 28/50 stocks
Downloaded 29/50 stocks
Downloaded 30/50 stocks
Downloaded 31/50 stocks
Downloaded 32/50 stocks
Downloaded 33/50 stocks
Downloaded 34/50 stocks
Downloaded 35/50 stocks
Downloaded 36/50 stocks
Downloaded 37/50 stocks
Downloaded 38/50 stocks
Downloaded 39/50 stocks
Downloaded 40/50 stocks
Downloaded 41/50 stocks
Downloaded 42/50 stocks
Downloaded 43/50 stocks
Downloaded 44/50 stocks
Downloaded 45/50 stocks
Downloaded 46/50 stocks
Downloaded 47/50 stocks
Downloaded 48/50 stocks
Downloaded 49/50 stocks
Downloaded 50/50 stocks
模拟交易策略 天晟新材 (300169) 的数据
2024-03-13, B, 16200.0, 6.16, 208.00
2024-03-27, S, 16200.0, 5.79, 94012.48
2024-05-16, B, 15800.0, 5.95, 2.48
2024-05-21, S, 15800.0, 5.59, 88371.88
300169 (天晟新材) Initial Balance: 100000.00
300169 (天晟新材) Final Balance: 88371.88
300169 (天晟新材) Stock Value: 0.00
300169 (天晟新材) Total Profit/Loss: -11628.12
===
模拟交易策略 佐力药业 (300181) 的数据
2024-03-05, B, 9300.0, 10.74, 118.00
2024-03-12, S, 9300.0, 11.71, 108989.38
300181 (佐力药业) Initial Balance: 100000.00
300181 (佐力药业) Final Balance: 108989.38
300181 (佐力药业) Stock Value: 0.00
300181 (佐力药业) Total Profit/Loss: 8989.38
===
模拟交易策略 艾艾精工 (603580) 的数据
2024-03-13, B, 5600.0, 17.75, 600.00
2024-03-14, S, 5600.0, 19.35, 108946.00
2024-05-17, B, 4300.0, 25.28, 242.00
2024-05-23, S, 4300.0, 23.76, 102423.76
603580 (艾艾精工) Initial Balance: 100000.00
603580 (艾艾精工) Final Balance: 102423.76
603580 (艾艾精工) Stock Value: 0.00
603580 (艾艾精工) Total Profit/Loss: 2423.76
===
模拟交易策略 宁夏建材 (600449) 的数据
2024-03-05, B, 6300.0, 15.87, 19.00
2024-03-11, S, 6300.0, 17.30, 108998.29
2024-05-21, B, 7500.0, 14.50, 248.29
2024-05-23, S, 7500.0, 13.63, 102473.29
600449 (宁夏建材) Initial Balance: 100000.00
600449 (宁夏建材) Final Balance: 102473.29
600449 (宁夏建材) Stock Value: 0.00
600449 (宁夏建材) Total Profit/Loss: 2473.29
===
模拟交易策略 顺丰控股 (002352) 的数据
2024-03-04, B, 2600.0, 37.62, 2188.00
2024-03-27, S, 2600.0, 35.36, 94131.28
2024-05-10, B, 2500.0, 37.06, 1481.28
2024-07-01, S, 2500.0, 34.84, 88572.28
002352 (顺丰控股) Initial Balance: 100000.00
002352 (顺丰控股) Final Balance: 88572.28
002352 (顺丰控股) Stock Value: 0.00
002352 (顺丰控股) Total Profit/Loss: -11427.72
===
模拟交易策略 南模生物 (688265) 的数据
2024-03-13, B, 3600.0, 27.60, 640.00
2024-03-14, S, 3600.0, 30.08, 108942.40
2024-05-17, B, 4100.0, 26.53, 169.40
2024-05-29, S, 4100.0, 24.94, 102416.02
688265 (南模生物) Initial Balance: 100000.00
688265 (南模生物) Final Balance: 102416.02
688265 (南模生物) Stock Value: 0.00
688265 (南模生物) Total Profit/Loss: 2416.02
===
模拟交易策略 中顺洁柔 (002511) 的数据
2024-03-04, B, 10900.0, 9.14, 374.00
2024-03-22, S, 10900.0, 8.59, 94022.44
2024-05-09, B, 10800.0, 8.69, 170.44
2024-05-23, S, 10800.0, 8.17, 88391.32
002511 (中顺洁柔) Initial Balance: 100000.00
002511 (中顺洁柔) Final Balance: 88391.32
002511 (中顺洁柔) Stock Value: 0.00
002511 (中顺洁柔) Total Profit/Loss: -11608.68
===
模拟交易策略 中船应急 (300527) 的数据
2024-03-07, B, 14400.0, 6.91, 496.00
2024-03-26, S, 14400.0, 6.50, 94029.76
2024-05-06, B, 13000.0, 7.20, 429.76
2024-05-16, S, 13000.0, 6.77, 88413.76
300527 (中船应急) Initial Balance: 100000.00
300527 (中船应急) Final Balance: 88413.76
300527 (中船应急) Stock Value: 0.00
300527 (中船应急) Total Profit/Loss: -11586.24
===
模拟交易策略 东方通信 (600776) 的数据
2024-03-05, B, 9600.0, 10.32, 928.00
2024-03-27, S, 9600.0, 9.70, 94055.68
2024-05-10, B, 8900.0, 10.52, 427.68
2024-05-27, S, 8900.0, 9.89, 88438.00
600776 (东方通信) Initial Balance: 100000.00
600776 (东方通信) Final Balance: 88438.00
600776 (东方通信) Stock Value: 0.00
600776 (东方通信) Total Profit/Loss: -11562.00
===
模拟交易策略 长缆科技 (002879) 的数据
2024-03-11, B, 7400.0, 13.38, 988.00
2024-03-15, S, 7400.0, 14.58, 108911.08
2024-05-13, B, 7600.0, 14.15, 1371.08
2024-06-06, S, 7600.0, 13.30, 102458.68
002879 (长缆科技) Initial Balance: 100000.00
002879 (长缆科技) Final Balance: 102458.68
002879 (长缆科技) Stock Value: 0.00
002879 (长缆科技) Total Profit/Loss: 2458.68
===
模拟交易策略 *ST亚星 (600213) 的数据
2024-03-15, B, 15700.0, 6.33, 619.00
2024-03-18, S, 15700.0, 6.90, 108944.29
2024-05-23, B, 17600.0, 6.18, 176.29
2024-06-03, S, 17600.0, 5.81, 102418.21
600213 (*ST亚星) Initial Balance: 100000.00
600213 (*ST亚星) Final Balance: 102418.21
600213 (*ST亚星) Stock Value: 0.00
600213 (*ST亚星) Total Profit/Loss: 2418.21
===
模拟交易策略 英 力 特 (000635) 的数据
2024-03-14, B, 13600.0, 7.31, 584.00
2024-04-15, S, 13600.0, 6.87, 94035.04
2024-05-21, B, 13100.0, 7.14, 501.04
2024-05-27, S, 13100.0, 6.71, 88423.00
000635 (英 力 特) Initial Balance: 100000.00
000635 (英 力 特) Final Balance: 88423.00
000635 (英 力 特) Stock Value: 0.00
000635 (英 力 特) Total Profit/Loss: -11577.00
===
模拟交易策略 粤电力Ａ (000539) 的数据
2024-03-08, B, 19900.0, 5.02, 102.00
2024-04-08, S, 19900.0, 5.47, 108990.82
000539 (粤电力Ａ) Initial Balance: 100000.00
000539 (粤电力Ａ) Final Balance: 108990.82
000539 (粤电力Ａ) Stock Value: 0.00
000539 (粤电力Ａ) Total Profit/Loss: 8990.82
===
模拟交易策略 紫江企业 (600210) 的数据
2024-03-01, B, 22200.0, 4.49, 322.00
2024-03-21, S, 22200.0, 4.89, 108971.02
600210 (紫江企业) Initial Balance: 100000.00
600210 (紫江企业) Final Balance: 108971.02
600210 (紫江企业) Stock Value: 0.00
600210 (紫江企业) Total Profit/Loss: 8971.02
===
模拟交易策略 潍柴动力 (000338) 的数据
2024-04-03, B, 5700.0, 17.49, 307.00
2024-05-20, S, 5700.0, 16.44, 94018.42
000338 (潍柴动力) Initial Balance: 100000.00
000338 (潍柴动力) Final Balance: 94018.42
000338 (潍柴动力) Stock Value: 0.00
000338 (潍柴动力) Total Profit/Loss: -5981.58
===
模拟交易策略 常青科技 (603125) 的数据
2024-03-14, B, 5300.0, 18.86, 42.00
2024-04-10, S, 5300.0, 20.56, 108996.22
603125 (常青科技) Initial Balance: 100000.00
603125 (常青科技) Final Balance: 108996.22
603125 (常青科技) Stock Value: 0.00
603125 (常青科技) Total Profit/Loss: 8996.22
===
模拟交易策略 丰华股份 (600615) 的数据
2024-03-11, B, 10000.0, 9.99, 100.00
2024-03-19, S, 10000.0, 10.89, 108991.00
2024-05-22, B, 9800.0, 11.07, 505.00
2024-05-23, S, 9800.0, 10.41, 102481.84
600615 (丰华股份) Initial Balance: 100000.00
600615 (丰华股份) Final Balance: 102481.84
600615 (丰华股份) Stock Value: 0.00
600615 (丰华股份) Total Profit/Loss: 2481.84
===
模拟交易策略 中威电子 (300270) 的数据
2024-03-08, B, 15300.0, 6.51, 397.00
2024-03-14, S, 15300.0, 6.12, 94023.82
2024-04-10, B, 14900.0, 6.30, 153.82
2024-04-11, S, 14900.0, 5.92, 88391.62
2024-06-17, B, 14400.0, 6.10, 551.62
2024-06-18, S, 14400.0, 6.65, 96297.22
300270 (中威电子) Initial Balance: 100000.00
300270 (中威电子) Final Balance: 96297.22
300270 (中威电子) Stock Value: 0.00
300270 (中威电子) Total Profit/Loss: -3702.78
===
模拟交易策略 康乐卫士 (833575) 的数据
2024-03-12, B, 5400.0, 18.23, 1558.00
2024-03-27, S, 5400.0, 17.14, 94093.48
2024-04-11, B, 4300.0, 21.42, 1987.48
2024-04-23, S, 4300.0, 20.13, 88567.12
2024-07-03, B, 4200.0, 20.74, 1459.12
833575 (康乐卫士) Initial Balance: 100000.00
833575 (康乐卫士) Final Balance: 1459.12
833575 (康乐卫士) Stock Value: 85428.00
833575 (康乐卫士) Total Profit/Loss: -13112.88
===
模拟交易策略 华升股份 (600156) 的数据
2024-03-18, B, 23600.0, 4.23, 172.00
2024-03-22, S, 23600.0, 4.61, 108984.52
2024-05-30, B, 29200.0, 3.72, 360.52
2024-06-04, S, 29200.0, 3.50, 102467.08
600156 (华升股份) Initial Balance: 100000.00
600156 (华升股份) Final Balance: 102467.08
600156 (华升股份) Stock Value: 0.00
600156 (华升股份) Total Profit/Loss: 2467.08
===
模拟交易策略 浙江建投 (002761) 的数据
2024-03-06, B, 10800.0, 9.21, 532.00
2024-03-25, S, 10800.0, 8.66, 94031.92
2024-05-17, B, 10000.0, 9.36, 431.92
2024-05-23, S, 10000.0, 10.20, 102455.92
002761 (浙江建投) Initial Balance: 100000.00
002761 (浙江建投) Final Balance: 102455.92
002761 (浙江建投) Stock Value: 0.00
002761 (浙江建投) Total Profit/Loss: 2455.92
===
模拟交易策略 梅雁吉祥 (600868) 的数据
2024-03-12, B, 38900.0, 2.57, 27.00
2024-03-18, S, 38900.0, 2.42, 94001.62
2024-05-27, B, 42700.0, 2.20, 61.62
2024-05-28, S, 42700.0, 2.40, 102456.22
600868 (梅雁吉祥) Initial Balance: 100000.00
600868 (梅雁吉祥) Final Balance: 102456.22
600868 (梅雁吉祥) Stock Value: 0.00
600868 (梅雁吉祥) Total Profit/Loss: 2456.22
===
模拟交易策略 沪电股份 (002463) 的数据
2024-05-07, B, 3000.0, 32.92, 1240.00
2024-05-10, S, 3000.0, 30.94, 94074.40
002463 (沪电股份) Initial Balance: 100000.00
002463 (沪电股份) Final Balance: 94074.40
002463 (沪电股份) Stock Value: 0.00
002463 (沪电股份) Total Profit/Loss: -5925.60
===
模拟交易策略 成都先导 (688222) 的数据
2024-03-08, B, 8500.0, 11.75, 125.00
2024-03-12, S, 8500.0, 12.81, 108988.75
2024-05-14, B, 8300.0, 13.13, 9.75
2024-05-23, S, 8300.0, 12.34, 102450.01
688222 (成都先导) Initial Balance: 100000.00
688222 (成都先导) Final Balance: 102450.01
688222 (成都先导) Stock Value: 0.00
688222 (成都先导) Total Profit/Loss: 2450.01
===
模拟交易策略 瑞晟智能 (688215) 的数据
2024-03-13, B, 3500.0, 27.85, 2525.00
2024-03-27, S, 3500.0, 26.18, 94151.50
2024-05-20, B, 3700.0, 25.29, 578.50
2024-06-03, S, 3700.0, 23.77, 88537.12
688215 (瑞晟智能) Initial Balance: 100000.00
688215 (瑞晟智能) Final Balance: 88537.12
688215 (瑞晟智能) Stock Value: 0.00
688215 (瑞晟智能) Total Profit/Loss: -11462.88
===
模拟交易策略 瑞华泰 (688323) 的数据
2024-03-14, B, 6900.0, 14.41, 571.00
2024-03-25, S, 6900.0, 15.71, 108948.61
2024-05-23, B, 8700.0, 12.46, 546.61
2024-05-30, S, 8700.0, 11.71, 102444.49
688323 (瑞华泰) Initial Balance: 100000.00
688323 (瑞华泰) Final Balance: 102444.49
688323 (瑞华泰) Stock Value: 0.00
688323 (瑞华泰) Total Profit/Loss: 2444.49
===
模拟交易策略 ST西钢 (600117) 的数据
2024-03-11, B, 33200.0, 3.01, 68.00
2024-03-22, S, 33200.0, 2.83, 94004.08
600117 (ST西钢) Initial Balance: 100000.00
600117 (ST西钢) Final Balance: 94004.08
600117 (ST西钢) Stock Value: 0.00
600117 (ST西钢) Total Profit/Loss: -5995.92
===
模拟交易策略 联合光电 (300691) 的数据
2024-03-11, B, 5800.0, 17.09, 878.00
2024-03-27, S, 5800.0, 16.06, 94052.68
2024-05-17, B, 6300.0, 14.81, 749.68
2024-05-31, S, 6300.0, 16.14, 102449.95
2024-06-24, B, 6800.0, 15.00, 449.95
2024-06-25, S, 6800.0, 14.10, 96329.95
300691 (联合光电) Initial Balance: 100000.00
300691 (联合光电) Final Balance: 96329.95
300691 (联合光电) Stock Value: 0.00
300691 (联合光电) Total Profit/Loss: -3670.05
===
模拟交易策略 海辰药业 (300584) 的数据
2024-03-14, B, 5100.0, 19.44, 856.00
2024-03-22, S, 5100.0, 18.27, 94051.36
2024-05-15, B, 5200.0, 17.92, 867.36
2024-05-27, S, 5200.0, 16.84, 88460.32
300584 (海辰药业) Initial Balance: 100000.00
300584 (海辰药业) Final Balance: 88460.32
300584 (海辰药业) Stock Value: 0.00
300584 (海辰药业) Total Profit/Loss: -11539.68
===
模拟交易策略 华菱精工 (603356) 的数据
2024-03-12, B, 7600.0, 13.00, 1200.00
2024-03-13, S, 7600.0, 14.17, 108892.00
2024-05-17, B, 8700.0, 12.49, 229.00
2024-06-06, S, 8700.0, 11.74, 102372.22
603356 (华菱精工) Initial Balance: 100000.00
603356 (华菱精工) Final Balance: 102372.22
603356 (华菱精工) Stock Value: 0.00
603356 (华菱精工) Total Profit/Loss: 2372.22
===
模拟交易策略 天准科技 (688003) 的数据
2024-03-05, B, 2800.0, 35.35, 1020.00
2024-03-08, S, 2800.0, 38.53, 108908.20
2024-06-19, B, 3000.0, 35.77, 1598.20
2024-06-25, S, 3000.0, 33.62, 102469.60
688003 (天准科技) Initial Balance: 100000.00
688003 (天准科技) Final Balance: 102469.60
688003 (天准科技) Stock Value: 0.00
688003 (天准科技) Total Profit/Loss: 2469.60
===
模拟交易策略 尤夫股份 (002427) 的数据
2024-03-14, B, 25400.0, 3.93, 178.00
2024-04-15, S, 25400.0, 3.69, 94010.68
2024-05-21, B, 24100.0, 3.90, 20.68
2024-05-22, S, 24100.0, 4.25, 102469.78
002427 (尤夫股份) Initial Balance: 100000.00
002427 (尤夫股份) Final Balance: 102469.78
002427 (尤夫股份) Stock Value: 0.00
002427 (尤夫股份) Total Profit/Loss: 2469.78
===
模拟交易策略 国安达 (300902) 的数据
2024-03-08, B, 4900.0, 20.36, 236.00
2024-03-27, S, 4900.0, 19.14, 94014.16
300902 (国安达) Initial Balance: 100000.00
300902 (国安达) Final Balance: 94014.16
300902 (国安达) Stock Value: 0.00
300902 (国安达) Total Profit/Loss: -5985.84
===
模拟交易策略 赛意信息 (300687) 的数据
2024-03-05, B, 5200.0, 19.23, 4.00
2024-03-28, S, 5200.0, 18.08, 94000.24
2024-05-21, B, 5700.0, 16.22, 1546.24
2024-05-27, S, 5700.0, 15.25, 88453.00
300687 (赛意信息) Initial Balance: 100000.00
300687 (赛意信息) Final Balance: 88453.00
300687 (赛意信息) Stock Value: 0.00
300687 (赛意信息) Total Profit/Loss: -11547.00
===
模拟交易策略 峆一药业 (430478) 的数据
2024-03-11, B, 7400.0, 13.41, 766.00
2024-03-12, S, 7400.0, 14.62, 108931.06
2024-05-08, B, 8200.0, 13.24, 363.06
2024-05-13, S, 8200.0, 14.43, 118702.18
430478 (峆一药业) Initial Balance: 100000.00
430478 (峆一药业) Final Balance: 118702.18
430478 (峆一药业) Stock Value: 0.00
430478 (峆一药业) Total Profit/Loss: 18702.18
===
模拟交易策略 连云港 (601008) 的数据
2024-03-11, B, 27700.0, 3.60, 280.00
2024-05-06, S, 27700.0, 3.92, 108974.80
601008 (连云港) Initial Balance: 100000.00
601008 (连云港) Final Balance: 108974.80
601008 (连云港) Stock Value: 0.00
601008 (连云港) Total Profit/Loss: 8974.80
===
模拟交易策略 新天科技 (300259) 的数据
2024-03-08, B, 31900.0, 3.13, 153.00
2024-04-16, S, 31900.0, 2.94, 94009.18
300259 (新天科技) Initial Balance: 100000.00
300259 (新天科技) Final Balance: 94009.18
300259 (新天科技) Stock Value: 0.00
300259 (新天科技) Total Profit/Loss: -5990.82
===
模拟交易策略 奥来德 (688378) 的数据
2024-03-08, B, 4400.0, 22.32, 1792.00
2024-03-11, S, 4400.0, 24.33, 108838.72
2024-05-13, B, 4700.0, 22.90, 1208.72
2024-05-20, S, 4700.0, 24.96, 118525.42
688378 (奥来德) Initial Balance: 100000.00
688378 (奥来德) Final Balance: 118525.42
688378 (奥来德) Stock Value: 0.00
688378 (奥来德) Total Profit/Loss: 18525.42
===
模拟交易策略 宏达股份 (600331) 的数据
2024-02-27, B, 18300.0, 5.45, 265.00
2024-03-01, S, 18300.0, 5.94, 108976.15
2024-05-24, B, 16200.0, 6.69, 598.15
2024-05-28, S, 16200.0, 7.29, 118730.17
600331 (宏达股份) Initial Balance: 100000.00
600331 (宏达股份) Final Balance: 118730.17
600331 (宏达股份) Stock Value: 0.00
600331 (宏达股份) Total Profit/Loss: 18730.17
===
模拟交易策略 麦捷科技 (300319) 的数据
2024-03-06, B, 12300.0, 8.13, 1.00
2024-03-27, S, 12300.0, 7.64, 94000.06
2024-05-16, B, 12400.0, 7.57, 132.06
2024-06-17, S, 12400.0, 8.25, 102448.18
2024-06-18, B, 12300.0, 8.28, 604.18
2024-06-20, S, 12300.0, 9.03, 111614.14
300319 (麦捷科技) Initial Balance: 100000.00
300319 (麦捷科技) Final Balance: 111614.14
300319 (麦捷科技) Stock Value: 0.00
300319 (麦捷科技) Total Profit/Loss: 11614.14
===
模拟交易策略 品茗科技 (688109) 的数据
2024-03-13, B, 4500.0, 21.98, 1090.00
2024-03-20, S, 4500.0, 23.96, 108901.90
688109 (品茗科技) Initial Balance: 100000.00
688109 (品茗科技) Final Balance: 108901.90
688109 (品茗科技) Stock Value: 0.00
688109 (品茗科技) Total Profit/Loss: 8901.90
===
模拟交易策略 汇中股份 (300371) 的数据
2024-03-14, B, 10300.0, 9.66, 502.00
2024-03-18, S, 10300.0, 10.53, 108954.82
2024-05-17, B, 11400.0, 9.53, 312.82
2024-06-03, S, 11400.0, 8.96, 102436.30
300371 (汇中股份) Initial Balance: 100000.00
300371 (汇中股份) Final Balance: 102436.30
300371 (汇中股份) Stock Value: 0.00
300371 (汇中股份) Total Profit/Loss: 2436.30
===
模拟交易策略 赛福天 (603028) 的数据
2024-03-11, B, 11900.0, 8.39, 159.00
2024-03-18, S, 11900.0, 9.15, 108985.69
603028 (赛福天) Initial Balance: 100000.00
603028 (赛福天) Final Balance: 108985.69
603028 (赛福天) Stock Value: 0.00
603028 (赛福天) Total Profit/Loss: 8985.69
===
模拟交易策略 亚盛集团 (600108) 的数据
2024-03-06, B, 37500.0, 2.66, 250.00
2024-04-16, S, 37500.0, 2.50, 94015.00
2024-05-17, B, 34400.0, 2.73, 103.00
2024-06-03, S, 34400.0, 2.57, 88380.28
600108 (亚盛集团) Initial Balance: 100000.00
600108 (亚盛集团) Final Balance: 88380.28
600108 (亚盛集团) Stock Value: 0.00
600108 (亚盛集团) Total Profit/Loss: -11619.72
===
模拟交易策略 山东药玻 (600529) 的数据
2024-03-04, B, 3800.0, 25.86, 1732.00
2024-03-12, S, 3800.0, 28.19, 108844.12
600529 (山东药玻) Initial Balance: 100000.00
600529 (山东药玻) Final Balance: 108844.12
600529 (山东药玻) Stock Value: 0.00
600529 (山东药玻) Total Profit/Loss: 8844.12
===
模拟交易策略 新风光 (688663) 的数据
2024-03-11, B, 4500.0, 22.10, 550.00
2024-03-26, S, 4500.0, 20.77, 94033.00
2024-04-22, B, 3900.0, 24.00, 433.00
2024-05-07, S, 3900.0, 26.16, 102457.00
688663 (新风光) Initial Balance: 100000.00
688663 (新风光) Final Balance: 102457.00
688663 (新风光) Stock Value: 0.00
688663 (新风光) Total Profit/Loss: 2457.00
===
模拟交易策略 华润材料 (301090) 的数据
2024-03-07, B, 10500.0, 9.44, 880.00
2024-04-26, S, 10500.0, 8.87, 94052.80
301090 (华润材料) Initial Balance: 100000.00
301090 (华润材料) Final Balance: 94052.80
301090 (华润材料) Stock Value: 0.00
301090 (华润材料) Total Profit/Loss: -5947.20
===
模拟交易策略 博汇股份 (300839) 的数据
2024-03-08, B, 11400.0, 8.70, 820.00
2024-04-01, S, 11400.0, 8.18, 94049.20
2024-05-15, B, 12000.0, 7.78, 689.20
2024-06-03, S, 12000.0, 7.31, 88447.60
300839 (博汇股份) Initial Balance: 100000.00
300839 (博汇股份) Final Balance: 88447.60
300839 (博汇股份) Stock Value: 0.00
300839 (博汇股份) Total Profit/Loss: -11552.40
===
模拟交易策略 同济科技 (600846) 的数据
2024-03-19, B, 11500.0, 8.65, 525.00
2024-03-27, S, 11500.0, 8.13, 94031.50
2024-05-15, B, 11300.0, 8.28, 467.50
2024-06-04, S, 11300.0, 7.78, 88417.66
600846 (同济科技) Initial Balance: 100000.00
600846 (同济科技) Final Balance: 88417.66
600846 (同济科技) Stock Value: 0.00
600846 (同济科技) Total Profit/Loss: -11582.34
===
模拟交易策略 武汉蓝电 (830779) 的数据
2024-03-11, B, 3500.0, 28.42, 530.00
2024-03-18, S, 3500.0, 30.98, 108952.30
830779 (武汉蓝电) Initial Balance: 100000.00
830779 (武汉蓝电) Final Balance: 108952.30
830779 (武汉蓝电) Stock Value: 0.00
830779 (武汉蓝电) Total Profit/Loss: 8952.30
===
Total Cash: 19334110.46
Total Stock Value: 727649.00
Total Portfolio Value: 20061759.46
Number of Stocks Simulated: 200
Number of Profitable Stocks: 115
Number of Losing Stocks: 85
Win Rate: 57.50%
Average Profit: 7184.43
Average Loss: -8993.53
