模拟交易策略 603339 的数据
Date: 2024-03-05 00:00:00, Type: buy, Shares: 10020.0, Price: 9.98, Balance: 0.40
Date: 2024-03-22 00:00:00, Type: sell, Shares: 10020.0, Price: 10.98, Balance: 109999.96
603339 Initial Balance: 100000.00
603339 Final Balance: 109999.96
603339 Stock Value: 0.00
603339 Total Profit/Loss: 9999.96
===
模拟交易策略 605228 的数据
Date: 2024-03-06 00:00:00, Type: buy, Shares: 11210.0, Price: 8.92, Balance: 6.80
Date: 2024-03-12 00:00:00, Type: sell, Shares: 11210.0, Price: 9.81, Balance: 109999.32
Date: 2024-05-08 00:00:00, Type: buy, Shares: 10036.0, Price: 10.96, Balance: 4.76
Date: 2024-05-27 00:00:00, Type: sell, Shares: 10036.0, Price: 10.41, Balance: 104499.59
605228 Initial Balance: 100000.00
605228 Final Balance: 104499.59
605228 Stock Value: 0.00
605228 Total Profit/Loss: 4499.59
===
模拟交易策略 688766 的数据
Date: 2024-02-27 00:00:00, Type: buy, Shares: 1617.0, Price: 61.83, Balance: 20.89
Date: 2024-02-28 00:00:00, Type: sell, Shares: 1617.0, Price: 58.74, Balance: 95001.04
Date: 2024-04-25 00:00:00, Type: buy, Shares: 1385.0, Price: 68.57, Balance: 31.59
Date: 2024-04-29 00:00:00, Type: sell, Shares: 1385.0, Price: 75.43, Balance: 104497.99
688766 Initial Balance: 100000.00
688766 Final Balance: 104497.99
688766 Stock Value: 0.00
688766 Total Profit/Loss: 4497.99
===
模拟交易策略 002993 的数据
Date: 2024-02-29 00:00:00, Type: buy, Shares: 3489.0, Price: 28.66, Balance: 5.26
Date: 2024-03-04 00:00:00, Type: sell, Shares: 3489.0, Price: 31.53, Balance: 109999.47
Date: 2024-05-07 00:00:00, Type: buy, Shares: 3249.0, Price: 33.85, Balance: 20.82
Date: 2024-05-27 00:00:00, Type: sell, Shares: 3249.0, Price: 32.16, Balance: 104500.54
002993 Initial Balance: 100000.00
002993 Final Balance: 104500.54
002993 Stock Value: 0.00
002993 Total Profit/Loss: 4500.54
===
模拟交易策略 000701 的数据
Date: 2024-03-08 00:00:00, Type: buy, Shares: 24271.0, Price: 4.12, Balance: 3.48
Date: 2024-03-21 00:00:00, Type: sell, Shares: 24271.0, Price: 4.53, Balance: 109999.65
Date: 2024-05-23 00:00:00, Type: buy, Shares: 22727.0, Price: 4.84, Balance: 0.97
Date: 2024-05-24 00:00:00, Type: sell, Shares: 22727.0, Price: 4.60, Balance: 104499.72
000701 Initial Balance: 100000.00
000701 Final Balance: 104499.72
000701 Stock Value: 0.00
000701 Total Profit/Loss: 4499.72
===
模拟交易策略 002766 的数据
Date: 2024-03-06 00:00:00, Type: buy, Shares: 23255.0, Price: 4.30, Balance: 3.50
Date: 2024-03-19 00:00:00, Type: sell, Shares: 23255.0, Price: 4.73, Balance: 109999.65
Date: 2024-05-08 00:00:00, Type: buy, Shares: 24228.0, Price: 4.54, Balance: 4.53
Date: 2024-05-13 00:00:00, Type: sell, Shares: 24228.0, Price: 4.31, Balance: 104499.89
Date: 2024-06-20 00:00:00, Type: buy, Shares: 17504.0, Price: 5.97, Balance: 1.01
Date: 2024-06-21 00:00:00, Type: sell, Shares: 17504.0, Price: 6.57, Balance: 114949.78
002766 Initial Balance: 100000.00
002766 Final Balance: 114949.78
002766 Stock Value: 0.00
002766 Total Profit/Loss: 14949.78
===
模拟交易策略 300172 的数据
Date: 2024-03-14 00:00:00, Type: buy, Shares: 20283.0, Price: 4.93, Balance: 4.81
Date: 2024-03-20 00:00:00, Type: sell, Shares: 20283.0, Price: 5.42, Balance: 109999.52
300172 Initial Balance: 100000.00
300172 Final Balance: 109999.52
300172 Stock Value: 0.00
300172 Total Profit/Loss: 9999.52
===
模拟交易策略 003036 的数据
Date: 2024-03-13 00:00:00, Type: buy, Shares: 11389.0, Price: 8.78, Balance: 4.58
Date: 2024-03-21 00:00:00, Type: sell, Shares: 11389.0, Price: 9.66, Balance: 109999.54
Date: 2024-05-10 00:00:00, Type: buy, Shares: 11446.0, Price: 9.61, Balance: 3.48
Date: 2024-05-13 00:00:00, Type: sell, Shares: 11446.0, Price: 9.13, Balance: 104499.74
003036 Initial Balance: 100000.00
003036 Final Balance: 104499.74
003036 Stock Value: 0.00
003036 Total Profit/Loss: 4499.74
===
模拟交易策略 002949 的数据
Date: 2024-03-14 00:00:00, Type: buy, Shares: 9832.0, Price: 10.17, Balance: 8.56
Date: 2024-03-19 00:00:00, Type: sell, Shares: 9832.0, Price: 11.19, Balance: 109999.14
Date: 2024-05-23 00:00:00, Type: buy, Shares: 8709.0, Price: 12.63, Balance: 4.47
Date: 2024-05-24 00:00:00, Type: sell, Shares: 8709.0, Price: 12.00, Balance: 104499.41
002949 Initial Balance: 100000.00
002949 Final Balance: 104499.41
002949 Stock Value: 0.00
002949 Total Profit/Loss: 4499.41
===
模拟交易策略 600626 的数据
Date: 2024-03-18 00:00:00, Type: buy, Shares: 33003.0, Price: 3.03, Balance: 0.91
Date: 2024-04-15 00:00:00, Type: sell, Shares: 33003.0, Price: 2.88, Balance: 95000.05
Date: 2024-05-13 00:00:00, Type: buy, Shares: 32312.0, Price: 2.94, Balance: 2.77
Date: 2024-06-03 00:00:00, Type: sell, Shares: 32312.0, Price: 2.79, Balance: 90250.18
600626 Initial Balance: 100000.00
600626 Final Balance: 90250.18
600626 Stock Value: 0.00
600626 Total Profit/Loss: -9749.82
===
模拟交易策略 002921 的数据
Date: 2024-03-11 00:00:00, Type: buy, Shares: 8417.0, Price: 11.88, Balance: 6.04
Date: 2024-03-18 00:00:00, Type: sell, Shares: 8417.0, Price: 13.07, Balance: 109999.40
002921 Initial Balance: 100000.00
002921 Final Balance: 109999.40
002921 Stock Value: 0.00
002921 Total Profit/Loss: 9999.40
===
模拟交易策略 688325 的数据
Date: 2024-02-29 00:00:00, Type: buy, Shares: 2643.0, Price: 37.83, Balance: 15.31
Date: 2024-03-04 00:00:00, Type: sell, Shares: 2643.0, Price: 35.94, Balance: 95000.77
Date: 2024-05-09 00:00:00, Type: buy, Shares: 2924.0, Price: 32.48, Balance: 29.25
Date: 2024-05-13 00:00:00, Type: sell, Shares: 2924.0, Price: 30.86, Balance: 90252.19
Date: 2024-06-19 00:00:00, Type: buy, Shares: 2755.0, Price: 32.75, Balance: 25.94
Date: 2024-06-20 00:00:00, Type: sell, Shares: 2755.0, Price: 36.03, Balance: 99274.81
688325 Initial Balance: 100000.00
688325 Final Balance: 99274.81
688325 Stock Value: 0.00
688325 Total Profit/Loss: -725.19
===
模拟交易策略 300491 的数据
Date: 2024-03-05 00:00:00, Type: buy, Shares: 5265.0, Price: 18.99, Balance: 17.65
Date: 2024-03-19 00:00:00, Type: sell, Shares: 5265.0, Price: 20.89, Balance: 109998.24
Date: 2024-05-06 00:00:00, Type: buy, Shares: 5978.0, Price: 18.40, Balance: 3.04
Date: 2024-05-08 00:00:00, Type: sell, Shares: 5978.0, Price: 17.48, Balance: 104498.47
300491 Initial Balance: 100000.00
300491 Final Balance: 104498.47
300491 Stock Value: 0.00
300491 Total Profit/Loss: 4498.47
===
模拟交易策略 603065 的数据
Date: 2024-03-14 00:00:00, Type: buy, Shares: 9416.0, Price: 10.62, Balance: 2.08
Date: 2024-03-27 00:00:00, Type: sell, Shares: 9416.0, Price: 10.09, Balance: 95000.10
Date: 2024-05-08 00:00:00, Type: buy, Shares: 8589.0, Price: 11.06, Balance: 5.76
Date: 2024-05-10 00:00:00, Type: sell, Shares: 8589.0, Price: 10.51, Balance: 90250.39
603065 Initial Balance: 100000.00
603065 Final Balance: 90250.39
603065 Stock Value: 0.00
603065 Total Profit/Loss: -9749.61
===
模拟交易策略 600153 的数据
Date: 2024-02-22 00:00:00, Type: buy, Shares: 10460.0, Price: 9.56, Balance: 2.40
Date: 2024-04-15 00:00:00, Type: sell, Shares: 10460.0, Price: 9.08, Balance: 95000.12
Date: 2024-05-15 00:00:00, Type: buy, Shares: 9783.0, Price: 9.71, Balance: 7.19
Date: 2024-05-17 00:00:00, Type: sell, Shares: 9783.0, Price: 10.68, Balance: 104499.41
600153 Initial Balance: 100000.00
600153 Final Balance: 104499.41
600153 Stock Value: 0.00
600153 Total Profit/Loss: 4499.41
===
模拟交易策略 300866 的数据
Date: 2024-02-22 00:00:00, Type: buy, Shares: 1629.0, Price: 61.38, Balance: 11.98
Date: 2024-03-27 00:00:00, Type: sell, Shares: 1629.0, Price: 58.31, Balance: 95000.60
Date: 2024-04-24 00:00:00, Type: buy, Shares: 1510.0, Price: 62.89, Balance: 36.70
Date: 2024-05-10 00:00:00, Type: sell, Shares: 1510.0, Price: 69.18, Balance: 104496.99
300866 Initial Balance: 100000.00
300866 Final Balance: 104496.99
300866 Stock Value: 0.00
300866 Total Profit/Loss: 4496.99
===
模拟交易策略 600589 的数据
Date: 2024-02-29 00:00:00, Type: buy, Shares: 28735.0, Price: 3.48, Balance: 2.20
Date: 2024-03-01 00:00:00, Type: sell, Shares: 28735.0, Price: 3.83, Balance: 109999.78
Date: 2024-06-14 00:00:00, Type: buy, Shares: 27295.0, Price: 4.03, Balance: 0.93
Date: 2024-06-17 00:00:00, Type: sell, Shares: 27295.0, Price: 3.83, Balance: 104499.84
600589 Initial Balance: 100000.00
600589 Final Balance: 104499.84
600589 Stock Value: 0.00
600589 Total Profit/Loss: 4499.84
===
模拟交易策略 603311 的数据
Date: 2024-03-13 00:00:00, Type: buy, Shares: 11111.0, Price: 9.00, Balance: 1.00
Date: 2024-04-10 00:00:00, Type: sell, Shares: 11111.0, Price: 8.55, Balance: 95000.05
Date: 2024-04-30 00:00:00, Type: buy, Shares: 10674.0, Price: 8.90, Balance: 1.45
Date: 2024-05-06 00:00:00, Type: sell, Shares: 10674.0, Price: 9.79, Balance: 104499.91
603311 Initial Balance: 100000.00
603311 Final Balance: 104499.91
603311 Stock Value: 0.00
603311 Total Profit/Loss: 4499.91
===
模拟交易策略 002045 的数据
Date: 2024-03-04 00:00:00, Type: buy, Shares: 7412.0, Price: 13.49, Balance: 12.12
Date: 2024-03-27 00:00:00, Type: sell, Shares: 7412.0, Price: 12.82, Balance: 95000.61
Date: 2024-05-13 00:00:00, Type: buy, Shares: 7661.0, Price: 12.40, Balance: 4.21
Date: 2024-05-14 00:00:00, Type: sell, Shares: 7661.0, Price: 13.64, Balance: 104500.25
Date: 2024-06-24 00:00:00, Type: buy, Shares: 8260.0, Price: 12.65, Balance: 11.25
Date: 2024-06-27 00:00:00, Type: sell, Shares: 8260.0, Price: 13.92, Balance: 114949.15
002045 Initial Balance: 100000.00
002045 Final Balance: 114949.15
002045 Stock Value: 0.00
002045 Total Profit/Loss: 14949.15
===
模拟交易策略 600673 的数据
Date: 2024-05-09 00:00:00, Type: buy, Shares: 11627.0, Price: 8.60, Balance: 7.80
Date: 2024-05-28 00:00:00, Type: sell, Shares: 11627.0, Price: 8.17, Balance: 95000.39
600673 Initial Balance: 100000.00
600673 Final Balance: 95000.39
600673 Stock Value: 0.00
600673 Total Profit/Loss: -4999.61
===
模拟交易策略 600643 的数据
Date: 2024-03-20 00:00:00, Type: buy, Shares: 21834.0, Price: 4.58, Balance: 0.28
Date: 2024-03-27 00:00:00, Type: sell, Shares: 21834.0, Price: 4.35, Balance: 95000.01
Date: 2024-05-09 00:00:00, Type: buy, Shares: 21348.0, Price: 4.45, Balance: 1.41
Date: 2024-06-03 00:00:00, Type: sell, Shares: 21348.0, Price: 4.23, Balance: 90250.08
600643 Initial Balance: 100000.00
600643 Final Balance: 90250.08
600643 Stock Value: 0.00
600643 Total Profit/Loss: -9749.92
===
模拟交易策略 300036 的数据
Date: 2024-02-29 00:00:00, Type: buy, Shares: 6305.0, Price: 15.86, Balance: 2.70
Date: 2024-03-04 00:00:00, Type: sell, Shares: 6305.0, Price: 17.45, Balance: 109999.73
300036 Initial Balance: 100000.00
300036 Final Balance: 109999.73
300036 Stock Value: 0.00
300036 Total Profit/Loss: 9999.73
===
模拟交易策略 300769 的数据
Date: 2024-03-11 00:00:00, Type: buy, Shares: 2438.0, Price: 41.01, Balance: 17.62
Date: 2024-03-12 00:00:00, Type: sell, Shares: 2438.0, Price: 45.11, Balance: 109998.24
Date: 2024-05-14 00:00:00, Type: buy, Shares: 3013.0, Price: 36.50, Balance: 23.74
Date: 2024-05-24 00:00:00, Type: sell, Shares: 3013.0, Price: 34.67, Balance: 104499.51
300769 Initial Balance: 100000.00
300769 Final Balance: 104499.51
300769 Stock Value: 0.00
300769 Total Profit/Loss: 4499.51
===
模拟交易策略 603218 的数据
Date: 2024-02-29 00:00:00, Type: buy, Shares: 9708.0, Price: 10.30, Balance: 7.60
Date: 2024-03-12 00:00:00, Type: sell, Shares: 9708.0, Price: 11.33, Balance: 109999.24
Date: 2024-05-09 00:00:00, Type: buy, Shares: 9008.0, Price: 12.21, Balance: 11.56
Date: 2024-05-16 00:00:00, Type: sell, Shares: 9008.0, Price: 11.60, Balance: 104499.86
Date: 2024-05-28 00:00:00, Type: buy, Shares: 8221.0, Price: 12.71, Balance: 10.95
Date: 2024-05-31 00:00:00, Type: sell, Shares: 8221.0, Price: 12.07, Balance: 99275.41
603218 Initial Balance: 100000.00
603218 Final Balance: 99275.41
603218 Stock Value: 0.00
603218 Total Profit/Loss: -724.59
===
模拟交易策略 605399 的数据
Date: 2024-03-13 00:00:00, Type: buy, Shares: 8116.0, Price: 12.32, Balance: 10.88
Date: 2024-03-18 00:00:00, Type: sell, Shares: 8116.0, Price: 13.55, Balance: 109998.91
Date: 2024-05-29 00:00:00, Type: buy, Shares: 8950.0, Price: 12.29, Balance: 3.41
Date: 2024-05-30 00:00:00, Type: sell, Shares: 8950.0, Price: 13.52, Balance: 120998.46
605399 Initial Balance: 100000.00
605399 Final Balance: 120998.46
605399 Stock Value: 0.00
605399 Total Profit/Loss: 20998.46
===
模拟交易策略 002184 的数据
Date: 2024-03-01 00:00:00, Type: buy, Shares: 7824.0, Price: 12.78, Balance: 9.28
Date: 2024-03-27 00:00:00, Type: sell, Shares: 7824.0, Price: 12.14, Balance: 95000.46
002184 Initial Balance: 100000.00
002184 Final Balance: 95000.46
002184 Stock Value: 0.00
002184 Total Profit/Loss: -4999.54
===
模拟交易策略 600386 的数据
Date: 2024-03-15 00:00:00, Type: buy, Shares: 28490.0, Price: 3.51, Balance: 0.10
Date: 2024-03-18 00:00:00, Type: sell, Shares: 28490.0, Price: 3.86, Balance: 109999.99
Date: 2024-05-15 00:00:00, Type: buy, Shares: 31976.0, Price: 3.44, Balance: 2.55
Date: 2024-05-27 00:00:00, Type: sell, Shares: 31976.0, Price: 3.27, Balance: 104500.12
600386 Initial Balance: 100000.00
600386 Final Balance: 104500.12
600386 Stock Value: 0.00
600386 Total Profit/Loss: 4500.12
===
模拟交易策略 002314 的数据
Date: 2024-03-22 00:00:00, Type: buy, Shares: 38167.0, Price: 2.62, Balance: 2.46
Date: 2024-04-08 00:00:00, Type: sell, Shares: 38167.0, Price: 2.49, Balance: 95000.12
Date: 2024-05-13 00:00:00, Type: buy, Shares: 38934.0, Price: 2.44, Balance: 1.16
Date: 2024-05-17 00:00:00, Type: sell, Shares: 38934.0, Price: 2.68, Balance: 104500.02
002314 Initial Balance: 100000.00
002314 Final Balance: 104500.02
002314 Stock Value: 0.00
002314 Total Profit/Loss: 4500.02
===
模拟交易策略 603919 的数据
Date: 2024-03-05 00:00:00, Type: buy, Shares: 4935.0, Price: 20.26, Balance: 16.90
Date: 2024-03-29 00:00:00, Type: sell, Shares: 4935.0, Price: 19.25, Balance: 95000.84
Date: 2024-04-29 00:00:00, Type: buy, Shares: 4521.0, Price: 21.01, Balance: 14.63
Date: 2024-06-06 00:00:00, Type: sell, Shares: 4521.0, Price: 19.96, Balance: 90251.53
603919 Initial Balance: 100000.00
603919 Final Balance: 90251.53
603919 Stock Value: 0.00
603919 Total Profit/Loss: -9748.47
===
模拟交易策略 600517 的数据
Date: 2024-02-26 00:00:00, Type: buy, Shares: 21367.0, Price: 4.68, Balance: 2.44
Date: 2024-05-13 00:00:00, Type: sell, Shares: 21367.0, Price: 5.15, Balance: 109999.76
600517 Initial Balance: 100000.00
600517 Final Balance: 109999.76
600517 Stock Value: 0.00
600517 Total Profit/Loss: 9999.76
===
模拟交易策略 601933 的数据
Date: 2024-02-29 00:00:00, Type: buy, Shares: 38759.0, Price: 2.58, Balance: 1.78
Date: 2024-03-21 00:00:00, Type: sell, Shares: 38759.0, Price: 2.45, Balance: 95000.09
Date: 2024-05-07 00:00:00, Type: buy, Shares: 39094.0, Price: 2.43, Balance: 1.67
Date: 2024-05-10 00:00:00, Type: sell, Shares: 39094.0, Price: 2.67, Balance: 104499.93
601933 Initial Balance: 100000.00
601933 Final Balance: 104499.93
601933 Stock Value: 0.00
601933 Total Profit/Loss: 4499.93
===
模拟交易策略 603613 的数据
Date: 2024-02-29 00:00:00, Type: buy, Shares: 5130.0, Price: 19.49, Balance: 16.30
Date: 2024-03-01 00:00:00, Type: sell, Shares: 5130.0, Price: 21.44, Balance: 109998.37
Date: 2024-05-07 00:00:00, Type: buy, Shares: 4139.0, Price: 26.57, Balance: 25.14
Date: 2024-05-14 00:00:00, Type: sell, Shares: 4139.0, Price: 25.24, Balance: 104499.71
603613 Initial Balance: 100000.00
603613 Final Balance: 104499.71
603613 Stock Value: 0.00
603613 Total Profit/Loss: 4499.71
===
模拟交易策略 603330 的数据
Date: 2024-03-14 00:00:00, Type: buy, Shares: 15797.0, Price: 6.33, Balance: 4.99
Date: 2024-03-25 00:00:00, Type: sell, Shares: 15797.0, Price: 6.01, Balance: 95000.25
Date: 2024-04-11 00:00:00, Type: buy, Shares: 13342.0, Price: 7.12, Balance: 5.21
Date: 2024-04-12 00:00:00, Type: sell, Shares: 13342.0, Price: 7.83, Balance: 104499.75
Date: 2024-05-16 00:00:00, Type: buy, Shares: 18627.0, Price: 5.61, Balance: 2.28
Date: 2024-06-03 00:00:00, Type: sell, Shares: 18627.0, Price: 5.33, Balance: 99274.88
603330 Initial Balance: 100000.00
603330 Final Balance: 99274.88
603330 Stock Value: 0.00
603330 Total Profit/Loss: -725.12
===
模拟交易策略 001215 的数据
Date: 2024-02-29 00:00:00, Type: buy, Shares: 2431.0, Price: 41.13, Balance: 12.97
Date: 2024-03-07 00:00:00, Type: sell, Shares: 2431.0, Price: 45.24, Balance: 109998.70
Date: 2024-05-22 00:00:00, Type: buy, Shares: 2863.0, Price: 38.41, Balance: 30.87
Date: 2024-05-28 00:00:00, Type: sell, Shares: 2863.0, Price: 36.49, Balance: 104500.31
001215 Initial Balance: 100000.00
001215 Final Balance: 104500.31
001215 Stock Value: 0.00
001215 Total Profit/Loss: 4500.31
===
模拟交易策略 000561 的数据
Date: 2024-03-04 00:00:00, Type: buy, Shares: 13458.0, Price: 7.43, Balance: 7.06
Date: 2024-03-21 00:00:00, Type: sell, Shares: 13458.0, Price: 8.17, Balance: 109999.29
Date: 2024-05-07 00:00:00, Type: buy, Shares: 15320.0, Price: 7.18, Balance: 1.69
Date: 2024-05-30 00:00:00, Type: sell, Shares: 15320.0, Price: 6.82, Balance: 104499.41
000561 Initial Balance: 100000.00
000561 Final Balance: 104499.41
000561 Stock Value: 0.00
000561 Total Profit/Loss: 4499.41
===
模拟交易策略 000155 的数据
Date: 2024-03-06 00:00:00, Type: buy, Shares: 9049.0, Price: 11.05, Balance: 8.55
Date: 2024-03-27 00:00:00, Type: sell, Shares: 9049.0, Price: 10.50, Balance: 95000.43
Date: 2024-05-08 00:00:00, Type: buy, Shares: 7996.0, Price: 11.88, Balance: 7.95
Date: 2024-06-18 00:00:00, Type: sell, Shares: 7996.0, Price: 11.29, Balance: 90250.80
000155 Initial Balance: 100000.00
000155 Final Balance: 90250.80
000155 Stock Value: 0.00
000155 Total Profit/Loss: -9749.20
===
模拟交易策略 002182 的数据
Date: 2024-03-04 00:00:00, Type: buy, Shares: 8326.0, Price: 12.01, Balance: 4.74
Date: 2024-04-03 00:00:00, Type: sell, Shares: 8326.0, Price: 13.21, Balance: 109999.53
Date: 2024-04-30 00:00:00, Type: buy, Shares: 8326.0, Price: 13.21, Balance: 13.07
Date: 2024-05-15 00:00:00, Type: sell, Shares: 8326.0, Price: 12.55, Balance: 104500.20
Date: 2024-05-22 00:00:00, Type: buy, Shares: 7769.0, Price: 13.45, Balance: 7.15
Date: 2024-05-23 00:00:00, Type: sell, Shares: 7769.0, Price: 12.78, Balance: 99275.55
002182 Initial Balance: 100000.00
002182 Final Balance: 99275.55
002182 Stock Value: 0.00
002182 Total Profit/Loss: -724.45
===
模拟交易策略 002822 的数据
Date: 2024-03-20 00:00:00, Type: buy, Shares: 34482.0, Price: 2.90, Balance: 2.20
Date: 2024-03-26 00:00:00, Type: sell, Shares: 34482.0, Price: 2.75, Balance: 95000.11
002822 Initial Balance: 100000.00
002822 Final Balance: 95000.11
002822 Stock Value: 0.00
002822 Total Profit/Loss: -4999.89
===
模拟交易策略 300639 的数据
Date: 2024-03-05 00:00:00, Type: buy, Shares: 13717.0, Price: 7.29, Balance: 3.07
Date: 2024-03-26 00:00:00, Type: sell, Shares: 13717.0, Price: 6.93, Balance: 95000.15
300639 Initial Balance: 100000.00
300639 Final Balance: 95000.15
300639 Stock Value: 0.00
300639 Total Profit/Loss: -4999.85
===
模拟交易策略 300635 的数据
Date: 2024-03-18 00:00:00, Type: buy, Shares: 10351.0, Price: 9.66, Balance: 9.34
Date: 2024-04-10 00:00:00, Type: sell, Shares: 10351.0, Price: 9.18, Balance: 95000.47
Date: 2024-05-16 00:00:00, Type: buy, Shares: 10783.0, Price: 8.81, Balance: 2.24
Date: 2024-05-27 00:00:00, Type: sell, Shares: 10783.0, Price: 8.37, Balance: 90250.56
300635 Initial Balance: 100000.00
300635 Final Balance: 90250.56
300635 Stock Value: 0.00
300635 Total Profit/Loss: -9749.44
===
模拟交易策略 300583 的数据
Date: 2024-03-04 00:00:00, Type: buy, Shares: 5688.0, Price: 17.58, Balance: 4.96
Date: 2024-03-05 00:00:00, Type: sell, Shares: 5688.0, Price: 16.70, Balance: 95000.25
Date: 2024-05-09 00:00:00, Type: buy, Shares: 5513.0, Price: 17.23, Balance: 11.26
Date: 2024-05-10 00:00:00, Type: sell, Shares: 5513.0, Price: 16.37, Balance: 90250.80
300583 Initial Balance: 100000.00
300583 Final Balance: 90250.80
300583 Stock Value: 0.00
300583 Total Profit/Loss: -9749.20
===
模拟交易策略 600354 的数据
Date: 2024-02-29 00:00:00, Type: buy, Shares: 17331.0, Price: 5.77, Balance: 0.13
Date: 2024-04-15 00:00:00, Type: sell, Shares: 17331.0, Price: 5.48, Balance: 95000.01
Date: 2024-05-15 00:00:00, Type: buy, Shares: 17025.0, Price: 5.58, Balance: 0.51
Date: 2024-05-27 00:00:00, Type: sell, Shares: 17025.0, Price: 5.30, Balance: 90250.03
600354 Initial Balance: 100000.00
600354 Final Balance: 90250.03
600354 Stock Value: 0.00
600354 Total Profit/Loss: -9749.97
===
模拟交易策略 688435 的数据
Date: 2024-03-01 00:00:00, Type: buy, Shares: 2558.0, Price: 39.08, Balance: 33.36
Date: 2024-03-15 00:00:00, Type: sell, Shares: 2558.0, Price: 42.99, Balance: 109996.66
688435 Initial Balance: 100000.00
688435 Final Balance: 109996.66
688435 Stock Value: 0.00
688435 Total Profit/Loss: 9996.66
===
模拟交易策略 002657 的数据
Date: 2024-03-01 00:00:00, Type: buy, Shares: 6397.0, Price: 15.63, Balance: 14.89
Date: 2024-03-07 00:00:00, Type: sell, Shares: 6397.0, Price: 14.85, Balance: 95000.74
002657 Initial Balance: 100000.00
002657 Final Balance: 95000.74
002657 Stock Value: 0.00
002657 Total Profit/Loss: -4999.26
===
模拟交易策略 002124 的数据
Date: 2024-03-07 00:00:00, Type: buy, Shares: 33333.0, Price: 3.00, Balance: 1.00
Date: 2024-03-20 00:00:00, Type: sell, Shares: 33333.0, Price: 2.85, Balance: 95000.05
Date: 2024-06-07 00:00:00, Type: buy, Shares: 39256.0, Price: 2.42, Balance: 0.53
Date: 2024-06-12 00:00:00, Type: sell, Shares: 39256.0, Price: 2.66, Balance: 104500.00
002124 Initial Balance: 100000.00
002124 Final Balance: 104500.00
002124 Stock Value: 0.00
002124 Total Profit/Loss: 4500.00
===
模拟交易策略 300862 的数据
Date: 2024-03-04 00:00:00, Type: buy, Shares: 3714.0, Price: 26.92, Balance: 19.12
Date: 2024-03-05 00:00:00, Type: sell, Shares: 3714.0, Price: 25.57, Balance: 95000.96
Date: 2024-05-06 00:00:00, Type: buy, Shares: 4065.0, Price: 23.37, Balance: 1.91
Date: 2024-05-24 00:00:00, Type: sell, Shares: 4065.0, Price: 22.20, Balance: 90251.00
Date: 2024-06-12 00:00:00, Type: buy, Shares: 3726.0, Price: 24.22, Balance: 7.28
Date: 2024-06-25 00:00:00, Type: sell, Shares: 3726.0, Price: 23.01, Balance: 85738.82
300862 Initial Balance: 100000.00
300862 Final Balance: 85738.82
300862 Stock Value: 0.00
300862 Total Profit/Loss: -14261.18
===
模拟交易策略 603936 的数据
Date: 2024-03-06 00:00:00, Type: buy, Shares: 12919.0, Price: 7.74, Balance: 6.94
Date: 2024-03-22 00:00:00, Type: sell, Shares: 12919.0, Price: 8.51, Balance: 109999.31
Date: 2024-05-15 00:00:00, Type: buy, Shares: 14705.0, Price: 7.48, Balance: 5.91
Date: 2024-06-04 00:00:00, Type: sell, Shares: 14705.0, Price: 7.11, Balance: 104499.64
Date: 2024-06-21 00:00:00, Type: buy, Shares: 13749.0, Price: 7.60, Balance: 7.24
Date: 2024-06-24 00:00:00, Type: sell, Shares: 13749.0, Price: 8.36, Balance: 114948.88
603936 Initial Balance: 100000.00
603936 Final Balance: 114948.88
603936 Stock Value: 0.00
603936 Total Profit/Loss: 14948.88
===
模拟交易策略 300587 的数据
Date: 2024-03-06 00:00:00, Type: buy, Shares: 23584.0, Price: 4.24, Balance: 3.84
Date: 2024-04-16 00:00:00, Type: sell, Shares: 23584.0, Price: 4.03, Balance: 95000.19
Date: 2024-05-07 00:00:00, Type: buy, Shares: 18737.0, Price: 5.07, Balance: 3.60
Date: 2024-05-08 00:00:00, Type: sell, Shares: 18737.0, Price: 4.82, Balance: 90250.36
300587 Initial Balance: 100000.00
300587 Final Balance: 90250.36
300587 Stock Value: 0.00
300587 Total Profit/Loss: -9749.64
===
模拟交易策略 600482 的数据
Date: 2024-04-12 00:00:00, Type: buy, Shares: 4743.0, Price: 21.08, Balance: 17.56
Date: 2024-04-30 00:00:00, Type: sell, Shares: 4743.0, Price: 20.03, Balance: 95000.88
600482 Initial Balance: 100000.00
600482 Final Balance: 95000.88
600482 Stock Value: 0.00
600482 Total Profit/Loss: -4999.12
===
模拟交易策略 301211 的数据
Date: 2024-03-04 00:00:00, Type: buy, Shares: 5694.0, Price: 17.56, Balance: 13.36
Date: 2024-04-11 00:00:00, Type: sell, Shares: 5694.0, Price: 16.68, Balance: 95000.67
Date: 2024-05-09 00:00:00, Type: buy, Shares: 5185.0, Price: 18.32, Balance: 11.47
Date: 2024-05-14 00:00:00, Type: sell, Shares: 5185.0, Price: 17.40, Balance: 90251.21
301211 Initial Balance: 100000.00
301211 Final Balance: 90251.21
301211 Stock Value: 0.00
301211 Total Profit/Loss: -9748.79
===
模拟交易策略 600221 的数据
Date: 2024-05-07 00:00:00, Type: buy, Shares: 72463.0, Price: 1.38, Balance: 1.06
Date: 2024-06-05 00:00:00, Type: sell, Shares: 72463.0, Price: 1.31, Balance: 95000.05
600221 Initial Balance: 100000.00
600221 Final Balance: 95000.05
600221 Stock Value: 0.00
600221 Total Profit/Loss: -4999.95
===
模拟交易策略 688352 的数据
Date: 2024-03-04 00:00:00, Type: buy, Shares: 8810.0, Price: 11.35, Balance: 6.50
Date: 2024-03-06 00:00:00, Type: sell, Shares: 8810.0, Price: 10.78, Balance: 95000.32
Date: 2024-05-07 00:00:00, Type: buy, Shares: 8527.0, Price: 11.14, Balance: 9.54
Date: 2024-05-13 00:00:00, Type: sell, Shares: 8527.0, Price: 10.58, Balance: 90250.79
688352 Initial Balance: 100000.00
688352 Final Balance: 90250.79
688352 Stock Value: 0.00
688352 Total Profit/Loss: -9749.21
===
模拟交易策略 300326 的数据
Date: 2024-03-08 00:00:00, Type: buy, Shares: 20000.0, Price: 5.00, Balance: 0.00
Date: 2024-04-15 00:00:00, Type: sell, Shares: 20000.0, Price: 4.75, Balance: 95000.00
Date: 2024-05-09 00:00:00, Type: buy, Shares: 18627.0, Price: 5.10, Balance: 2.30
Date: 2024-05-20 00:00:00, Type: sell, Shares: 18627.0, Price: 4.84, Balance: 90250.12
300326 Initial Balance: 100000.00
300326 Final Balance: 90250.12
300326 Stock Value: 0.00
300326 Total Profit/Loss: -9749.88
===
模拟交易策略 688227 的数据
Date: 2024-03-06 00:00:00, Type: buy, Shares: 7262.0, Price: 13.77, Balance: 2.26
Date: 2024-03-18 00:00:00, Type: sell, Shares: 7262.0, Price: 15.15, Balance: 109999.77
Date: 2024-05-13 00:00:00, Type: buy, Shares: 8258.0, Price: 13.32, Balance: 3.21
Date: 2024-05-28 00:00:00, Type: sell, Shares: 8258.0, Price: 12.65, Balance: 104499.95
688227 Initial Balance: 100000.00
688227 Final Balance: 104499.95
688227 Stock Value: 0.00
688227 Total Profit/Loss: 4499.95
===
模拟交易策略 300009 的数据
Date: 2024-02-23 00:00:00, Type: buy, Shares: 10537.0, Price: 9.49, Balance: 3.87
Date: 2024-04-23 00:00:00, Type: sell, Shares: 10537.0, Price: 9.02, Balance: 95000.19
Date: 2024-05-06 00:00:00, Type: buy, Shares: 9322.0, Price: 10.19, Balance: 9.01
Date: 2024-05-09 00:00:00, Type: sell, Shares: 9322.0, Price: 11.21, Balance: 104499.31
300009 Initial Balance: 100000.00
300009 Final Balance: 104499.31
300009 Stock Value: 0.00
300009 Total Profit/Loss: 4499.31
===
模拟交易策略 000026 的数据
Date: 2024-03-07 00:00:00, Type: buy, Shares: 10799.0, Price: 9.26, Balance: 1.26
Date: 2024-03-19 00:00:00, Type: sell, Shares: 10799.0, Price: 10.19, Balance: 109999.87
000026 Initial Balance: 100000.00
000026 Final Balance: 109999.87
000026 Stock Value: 0.00
000026 Total Profit/Loss: 9999.87
===
模拟交易策略 300492 的数据
Date: 2024-05-07 00:00:00, Type: buy, Shares: 952.0, Price: 105.04, Balance: 1.92
Date: 2024-06-24 00:00:00, Type: sell, Shares: 952.0, Price: 99.79, Balance: 95000.10
300492 Initial Balance: 100000.00
300492 Final Balance: 95000.10
300492 Stock Value: 0.00
300492 Total Profit/Loss: -4999.90
===
模拟交易策略 300481 的数据
Date: 2024-03-06 00:00:00, Type: buy, Shares: 7530.0, Price: 13.28, Balance: 1.60
Date: 2024-03-26 00:00:00, Type: sell, Shares: 7530.0, Price: 12.62, Balance: 95000.08
Date: 2024-04-12 00:00:00, Type: buy, Shares: 7352.0, Price: 12.92, Balance: 12.24
Date: 2024-04-16 00:00:00, Type: sell, Shares: 7352.0, Price: 12.27, Balance: 90250.69
Date: 2024-05-06 00:00:00, Type: buy, Shares: 6405.0, Price: 14.09, Balance: 4.24
Date: 2024-05-09 00:00:00, Type: sell, Shares: 6405.0, Price: 15.50, Balance: 99275.33
300481 Initial Balance: 100000.00
300481 Final Balance: 99275.33
300481 Stock Value: 0.00
300481 Total Profit/Loss: -724.67
===
模拟交易策略 000002 的数据
Date: 2024-02-22 00:00:00, Type: buy, Shares: 9881.0, Price: 10.12, Balance: 4.28
Date: 2024-03-04 00:00:00, Type: sell, Shares: 9881.0, Price: 9.61, Balance: 95000.21
Date: 2024-05-16 00:00:00, Type: buy, Shares: 12337.0, Price: 7.70, Balance: 5.31
Date: 2024-05-17 00:00:00, Type: sell, Shares: 12337.0, Price: 8.47, Balance: 104499.70
000002 Initial Balance: 100000.00
000002 Final Balance: 104499.70
000002 Stock Value: 0.00
000002 Total Profit/Loss: 4499.70
===
模拟交易策略 002235 的数据
Date: 2024-03-04 00:00:00, Type: buy, Shares: 16977.0, Price: 5.89, Balance: 5.47
Date: 2024-03-21 00:00:00, Type: sell, Shares: 16977.0, Price: 6.48, Balance: 109999.45
Date: 2024-05-27 00:00:00, Type: buy, Shares: 22964.0, Price: 4.79, Balance: 1.89
Date: 2024-06-03 00:00:00, Type: sell, Shares: 22964.0, Price: 4.55, Balance: 104499.57
002235 Initial Balance: 100000.00
002235 Final Balance: 104499.57
002235 Stock Value: 0.00
002235 Total Profit/Loss: 4499.57
===
模拟交易策略 300851 的数据
Date: 2024-03-11 00:00:00, Type: buy, Shares: 3907.0, Price: 25.59, Balance: 19.87
Date: 2024-03-28 00:00:00, Type: sell, Shares: 3907.0, Price: 24.31, Balance: 95000.99
300851 Initial Balance: 100000.00
300851 Final Balance: 95000.99
300851 Stock Value: 0.00
300851 Total Profit/Loss: -4999.01
===
模拟交易策略 688112 的数据
Date: 2024-02-29 00:00:00, Type: buy, Shares: 3313.0, Price: 30.18, Balance: 13.66
Date: 2024-03-01 00:00:00, Type: sell, Shares: 3313.0, Price: 33.20, Balance: 109998.63
Date: 2024-05-31 00:00:00, Type: buy, Shares: 3576.0, Price: 30.76, Balance: 0.87
Date: 2024-06-21 00:00:00, Type: sell, Shares: 3576.0, Price: 29.22, Balance: 104498.75
688112 Initial Balance: 100000.00
688112 Final Balance: 104498.75
688112 Stock Value: 0.00
688112 Total Profit/Loss: 4498.75
===
模拟交易策略 600436 的数据
Date: 2024-02-28 00:00:00, Type: buy, Shares: 463.0, Price: 215.68, Balance: 140.16
Date: 2024-03-13 00:00:00, Type: sell, Shares: 463.0, Price: 237.25, Balance: 109985.98
Date: 2024-05-06 00:00:00, Type: buy, Shares: 462.0, Price: 237.67, Balance: 182.44
Date: 2024-05-28 00:00:00, Type: sell, Shares: 462.0, Price: 225.79, Balance: 104495.81
600436 Initial Balance: 100000.00
600436 Final Balance: 104495.81
600436 Stock Value: 0.00
600436 Total Profit/Loss: 4495.81
===
模拟交易策略 600581 的数据
Date: 2024-03-07 00:00:00, Type: buy, Shares: 32154.0, Price: 3.11, Balance: 1.06
Date: 2024-04-16 00:00:00, Type: sell, Shares: 32154.0, Price: 2.95, Balance: 95000.05
Date: 2024-05-22 00:00:00, Type: buy, Shares: 30448.0, Price: 3.12, Balance: 2.29
Date: 2024-06-03 00:00:00, Type: sell, Shares: 30448.0, Price: 2.96, Balance: 90250.16
600581 Initial Balance: 100000.00
600581 Final Balance: 90250.16
600581 Stock Value: 0.00
600581 Total Profit/Loss: -9749.84
===
模拟交易策略 688317 的数据
Date: 2024-03-15 00:00:00, Type: buy, Shares: 6211.0, Price: 16.10, Balance: 2.90
Date: 2024-04-12 00:00:00, Type: sell, Shares: 6211.0, Price: 15.29, Balance: 95000.14
Date: 2024-05-09 00:00:00, Type: buy, Shares: 5782.0, Price: 16.43, Balance: 1.88
Date: 2024-05-23 00:00:00, Type: sell, Shares: 5782.0, Price: 15.61, Balance: 90250.23
688317 Initial Balance: 100000.00
688317 Final Balance: 90250.23
688317 Stock Value: 0.00
688317 Total Profit/Loss: -9749.77
===
模拟交易策略 300179 的数据
Date: 2024-03-05 00:00:00, Type: buy, Shares: 14513.0, Price: 6.89, Balance: 5.43
Date: 2024-03-14 00:00:00, Type: sell, Shares: 14513.0, Price: 7.58, Balance: 109999.46
Date: 2024-05-10 00:00:00, Type: buy, Shares: 13801.0, Price: 7.97, Balance: 5.49
Date: 2024-05-13 00:00:00, Type: sell, Shares: 13801.0, Price: 7.57, Balance: 104499.76
300179 Initial Balance: 100000.00
300179 Final Balance: 104499.76
300179 Stock Value: 0.00
300179 Total Profit/Loss: 4499.76
===
模拟交易策略 871970 的数据
Date: 2024-03-08 00:00:00, Type: buy, Shares: 15649.0, Price: 6.39, Balance: 2.89
Date: 2024-03-12 00:00:00, Type: sell, Shares: 15649.0, Price: 7.03, Balance: 109999.71
Date: 2024-05-15 00:00:00, Type: buy, Shares: 15406.0, Price: 7.14, Balance: 0.87
Date: 2024-05-24 00:00:00, Type: sell, Shares: 15406.0, Price: 6.78, Balance: 104499.77
871970 Initial Balance: 100000.00
871970 Final Balance: 104499.77
871970 Stock Value: 0.00
871970 Total Profit/Loss: 4499.77
===
模拟交易策略 834950 的数据
Date: 2024-03-08 00:00:00, Type: buy, Shares: 7535.0, Price: 13.27, Balance: 10.55
Date: 2024-04-08 00:00:00, Type: sell, Shares: 7535.0, Price: 12.61, Balance: 95000.53
Date: 2024-04-30 00:00:00, Type: buy, Shares: 6969.0, Price: 13.63, Balance: 13.06
Date: 2024-05-13 00:00:00, Type: sell, Shares: 6969.0, Price: 12.95, Balance: 90251.15
834950 Initial Balance: 100000.00
834950 Final Balance: 90251.15
834950 Stock Value: 0.00
834950 Total Profit/Loss: -9748.85
===
模拟交易策略 300789 的数据
Date: 2024-03-06 00:00:00, Type: buy, Shares: 7692.0, Price: 13.00, Balance: 4.00
Date: 2024-03-11 00:00:00, Type: sell, Shares: 7692.0, Price: 14.30, Balance: 109999.60
Date: 2024-05-09 00:00:00, Type: buy, Shares: 8017.0, Price: 13.72, Balance: 6.36
Date: 2024-06-04 00:00:00, Type: sell, Shares: 8017.0, Price: 13.03, Balance: 104499.94
300789 Initial Balance: 100000.00
300789 Final Balance: 104499.94
300789 Stock Value: 0.00
300789 Total Profit/Loss: 4499.94
===
模拟交易策略 002308 的数据
Date: 2024-03-05 00:00:00, Type: buy, Shares: 36363.0, Price: 2.75, Balance: 1.75
Date: 2024-03-20 00:00:00, Type: sell, Shares: 36363.0, Price: 3.03, Balance: 109999.83
002308 Initial Balance: 100000.00
002308 Final Balance: 109999.83
002308 Stock Value: 0.00
002308 Total Profit/Loss: 9999.83
===
模拟交易策略 688068 的数据
Date: 2024-03-01 00:00:00, Type: buy, Shares: 3081.0, Price: 32.45, Balance: 21.55
Date: 2024-03-07 00:00:00, Type: sell, Shares: 3081.0, Price: 30.83, Balance: 95001.08
Date: 2024-05-10 00:00:00, Type: buy, Shares: 2992.0, Price: 31.75, Balance: 5.08
Date: 2024-05-13 00:00:00, Type: sell, Shares: 2992.0, Price: 30.16, Balance: 90251.28
688068 Initial Balance: 100000.00
688068 Final Balance: 90251.28
688068 Stock Value: 0.00
688068 Total Profit/Loss: -9748.72
===
模拟交易策略 600536 的数据
Date: 2024-02-27 00:00:00, Type: buy, Shares: 3144.0, Price: 31.80, Balance: 20.80
Date: 2024-03-04 00:00:00, Type: sell, Shares: 3144.0, Price: 34.98, Balance: 109997.92
Date: 2024-05-10 00:00:00, Type: buy, Shares: 3588.0, Price: 30.65, Balance: 25.72
Date: 2024-05-20 00:00:00, Type: sell, Shares: 3588.0, Price: 33.72, Balance: 120995.14
600536 Initial Balance: 100000.00
600536 Final Balance: 120995.14
600536 Stock Value: 0.00
600536 Total Profit/Loss: 20995.14
===
模拟交易策略 600593 的数据
Date: 2024-03-11 00:00:00, Type: buy, Shares: 4549.0, Price: 21.98, Balance: 12.98
Date: 2024-03-13 00:00:00, Type: sell, Shares: 4549.0, Price: 20.88, Balance: 95000.65
Date: 2024-05-28 00:00:00, Type: buy, Shares: 4611.0, Price: 20.60, Balance: 14.05
Date: 2024-06-03 00:00:00, Type: sell, Shares: 4611.0, Price: 19.57, Balance: 90251.32
600593 Initial Balance: 100000.00
600593 Final Balance: 90251.32
600593 Stock Value: 0.00
600593 Total Profit/Loss: -9748.68
===
模拟交易策略 600560 的数据
Date: 2024-02-22 00:00:00, Type: buy, Shares: 6605.0, Price: 15.14, Balance: 0.30
Date: 2024-02-26 00:00:00, Type: sell, Shares: 6605.0, Price: 16.65, Balance: 109999.97
600560 Initial Balance: 100000.00
600560 Final Balance: 109999.97
600560 Stock Value: 0.00
600560 Total Profit/Loss: 9999.97
===
模拟交易策略 688278 的数据
Date: 2024-06-20 00:00:00, Type: buy, Shares: 1754.0, Price: 57.01, Balance: 4.46
Date: 2024-06-28 00:00:00, Type: sell, Shares: 1754.0, Price: 54.16, Balance: 95000.22
688278 Initial Balance: 100000.00
688278 Final Balance: 95000.22
688278 Stock Value: 0.00
688278 Total Profit/Loss: -4999.78
===
模拟交易策略 688187 的数据
Date: 2024-02-23 00:00:00, Type: buy, Shares: 2793.0, Price: 35.80, Balance: 10.60
Date: 2024-02-28 00:00:00, Type: sell, Shares: 2793.0, Price: 39.38, Balance: 109998.94
Date: 2024-06-20 00:00:00, Type: buy, Shares: 2236.0, Price: 49.18, Balance: 32.46
Date: 2024-06-25 00:00:00, Type: sell, Shares: 2236.0, Price: 46.72, Balance: 104500.62
688187 Initial Balance: 100000.00
688187 Final Balance: 104500.62
688187 Stock Value: 0.00
688187 Total Profit/Loss: 4500.62
===
模拟交易策略 601696 的数据
Date: 2024-05-06 00:00:00, Type: buy, Shares: 9689.0, Price: 10.32, Balance: 9.52
Date: 2024-05-27 00:00:00, Type: sell, Shares: 9689.0, Price: 9.80, Balance: 95000.48
601696 Initial Balance: 100000.00
601696 Final Balance: 95000.48
601696 Stock Value: 0.00
601696 Total Profit/Loss: -4999.52
===
模拟交易策略 872953 的数据
Date: 2024-03-08 00:00:00, Type: buy, Shares: 6891.0, Price: 14.51, Balance: 11.59
Date: 2024-03-13 00:00:00, Type: sell, Shares: 6891.0, Price: 15.96, Balance: 109998.84
Date: 2024-06-25 00:00:00, Type: buy, Shares: 9016.0, Price: 12.20, Balance: 3.64
Date: 2024-06-27 00:00:00, Type: sell, Shares: 9016.0, Price: 13.42, Balance: 120998.36
872953 Initial Balance: 100000.00
872953 Final Balance: 120998.36
872953 Stock Value: 0.00
872953 Total Profit/Loss: 20998.36
===
模拟交易策略 000014 的数据
Date: 2024-03-05 00:00:00, Type: buy, Shares: 8488.0, Price: 11.78, Balance: 11.36
Date: 2024-04-08 00:00:00, Type: sell, Shares: 8488.0, Price: 11.19, Balance: 95000.57
Date: 2024-05-17 00:00:00, Type: buy, Shares: 8422.0, Price: 11.28, Balance: 0.41
Date: 2024-05-24 00:00:00, Type: sell, Shares: 8422.0, Price: 10.72, Balance: 90250.56
000014 Initial Balance: 100000.00
000014 Final Balance: 90250.56
000014 Stock Value: 0.00
000014 Total Profit/Loss: -9749.44
===
模拟交易策略 688196 的数据
Date: 2024-03-21 00:00:00, Type: buy, Shares: 3716.0, Price: 26.91, Balance: 2.44
Date: 2024-03-25 00:00:00, Type: sell, Shares: 3716.0, Price: 25.56, Balance: 95000.12
Date: 2024-04-11 00:00:00, Type: buy, Shares: 3365.0, Price: 28.23, Balance: 6.17
Date: 2024-04-15 00:00:00, Type: sell, Shares: 3365.0, Price: 26.82, Balance: 90250.42
Date: 2024-05-06 00:00:00, Type: buy, Shares: 3255.0, Price: 27.72, Balance: 21.82
Date: 2024-05-24 00:00:00, Type: sell, Shares: 3255.0, Price: 26.33, Balance: 85738.99
688196 Initial Balance: 100000.00
688196 Final Balance: 85738.99
688196 Stock Value: 0.00
688196 Total Profit/Loss: -14261.01
===
模拟交易策略 000553 的数据
Date: 2024-02-28 00:00:00, Type: buy, Shares: 15174.0, Price: 6.59, Balance: 3.34
Date: 2024-03-06 00:00:00, Type: sell, Shares: 15174.0, Price: 6.26, Balance: 95000.17
Date: 2024-04-15 00:00:00, Type: buy, Shares: 15273.0, Price: 6.22, Balance: 2.11
Date: 2024-04-16 00:00:00, Type: sell, Shares: 15273.0, Price: 5.91, Balance: 90250.26
Date: 2024-05-07 00:00:00, Type: buy, Shares: 13778.0, Price: 6.55, Balance: 4.36
Date: 2024-05-23 00:00:00, Type: sell, Shares: 13778.0, Price: 6.22, Balance: 85737.97
000553 Initial Balance: 100000.00
000553 Final Balance: 85737.97
000553 Stock Value: 0.00
000553 Total Profit/Loss: -14262.03
===
模拟交易策略 000623 的数据
Date: 2024-02-21 00:00:00, Type: buy, Shares: 6631.0, Price: 15.08, Balance: 4.52
Date: 2024-03-28 00:00:00, Type: sell, Shares: 6631.0, Price: 14.33, Balance: 95000.23
Date: 2024-04-26 00:00:00, Type: buy, Shares: 6414.0, Price: 14.81, Balance: 8.89
Date: 2024-06-06 00:00:00, Type: sell, Shares: 6414.0, Price: 14.07, Balance: 90250.66
000623 Initial Balance: 100000.00
000623 Final Balance: 90250.66
000623 Stock Value: 0.00
000623 Total Profit/Loss: -9749.34
===
模拟交易策略 603039 的数据
Date: 2024-02-28 00:00:00, Type: buy, Shares: 2411.0, Price: 41.47, Balance: 15.83
Date: 2024-02-29 00:00:00, Type: sell, Shares: 2411.0, Price: 39.40, Balance: 95000.79
Date: 2024-05-10 00:00:00, Type: buy, Shares: 2543.0, Price: 37.35, Balance: 19.74
Date: 2024-05-13 00:00:00, Type: sell, Shares: 2543.0, Price: 35.48, Balance: 90251.74
603039 Initial Balance: 100000.00
603039 Final Balance: 90251.74
603039 Stock Value: 0.00
603039 Total Profit/Loss: -9748.26
===
模拟交易策略 003028 的数据
Date: 2024-03-01 00:00:00, Type: buy, Shares: 2699.0, Price: 37.05, Balance: 2.05
Date: 2024-04-02 00:00:00, Type: sell, Shares: 2699.0, Price: 40.76, Balance: 109999.80
Date: 2024-04-10 00:00:00, Type: buy, Shares: 2786.0, Price: 39.48, Balance: 8.52
Date: 2024-04-16 00:00:00, Type: sell, Shares: 2786.0, Price: 37.51, Balance: 104500.23
003028 Initial Balance: 100000.00
003028 Final Balance: 104500.23
003028 Stock Value: 0.00
003028 Total Profit/Loss: 4500.23
===
模拟交易策略 002104 的数据
Date: 2024-03-01 00:00:00, Type: buy, Shares: 14970.0, Price: 6.68, Balance: 0.40
Date: 2024-04-10 00:00:00, Type: sell, Shares: 14970.0, Price: 6.35, Balance: 95000.02
002104 Initial Balance: 100000.00
002104 Final Balance: 95000.02
002104 Stock Value: 0.00
002104 Total Profit/Loss: -4999.98
===
模拟交易策略 301060 的数据
Date: 2024-03-07 00:00:00, Type: buy, Shares: 9960.0, Price: 10.04, Balance: 1.60
Date: 2024-03-18 00:00:00, Type: sell, Shares: 9960.0, Price: 11.04, Balance: 109999.84
Date: 2024-05-14 00:00:00, Type: buy, Shares: 10597.0, Price: 10.38, Balance: 2.98
Date: 2024-05-27 00:00:00, Type: sell, Shares: 10597.0, Price: 9.86, Balance: 104500.00
301060 Initial Balance: 100000.00
301060 Final Balance: 104500.00
301060 Stock Value: 0.00
301060 Total Profit/Loss: 4500.00
===
模拟交易策略 603196 的数据
Date: 2024-03-06 00:00:00, Type: buy, Shares: 9398.0, Price: 10.64, Balance: 5.28
Date: 2024-03-13 00:00:00, Type: sell, Shares: 9398.0, Price: 11.70, Balance: 109999.47
603196 Initial Balance: 100000.00
603196 Final Balance: 109999.47
603196 Stock Value: 0.00
603196 Total Profit/Loss: 9999.47
===
模拟交易策略 603633 的数据
Date: 2024-03-05 00:00:00, Type: buy, Shares: 13422.0, Price: 7.45, Balance: 6.10
Date: 2024-03-19 00:00:00, Type: sell, Shares: 13422.0, Price: 8.20, Balance: 109999.39
Date: 2024-05-09 00:00:00, Type: buy, Shares: 13580.0, Price: 8.10, Balance: 1.39
Date: 2024-05-31 00:00:00, Type: sell, Shares: 13580.0, Price: 8.91, Balance: 120999.19
603633 Initial Balance: 100000.00
603633 Final Balance: 120999.19
603633 Stock Value: 0.00
603633 Total Profit/Loss: 20999.19
===
模拟交易策略 600084 的数据
Date: 2024-03-07 00:00:00, Type: buy, Shares: 16260.0, Price: 6.15, Balance: 1.00
Date: 2024-04-16 00:00:00, Type: sell, Shares: 16260.0, Price: 5.84, Balance: 95000.05
600084 Initial Balance: 100000.00
600084 Final Balance: 95000.05
600084 Stock Value: 0.00
600084 Total Profit/Loss: -4999.95
===
模拟交易策略 830809 的数据
Date: 2024-03-12 00:00:00, Type: buy, Shares: 20202.0, Price: 4.95, Balance: 0.10
Date: 2024-03-22 00:00:00, Type: sell, Shares: 20202.0, Price: 4.70, Balance: 95000.00
830809 Initial Balance: 100000.00
830809 Final Balance: 95000.00
830809 Stock Value: 0.00
830809 Total Profit/Loss: -5000.00
===
模拟交易策略 300659 的数据
Date: 2024-03-05 00:00:00, Type: buy, Shares: 5820.0, Price: 17.18, Balance: 12.40
Date: 2024-03-21 00:00:00, Type: sell, Shares: 5820.0, Price: 18.90, Balance: 109998.76
300659 Initial Balance: 100000.00
300659 Final Balance: 109998.76
300659 Stock Value: 0.00
300659 Total Profit/Loss: 9998.76
===
模拟交易策略 300458 的数据
Date: 2024-02-28 00:00:00, Type: buy, Shares: 5211.0, Price: 19.19, Balance: 0.91
Date: 2024-02-29 00:00:00, Type: sell, Shares: 5211.0, Price: 18.23, Balance: 95000.05
Date: 2024-05-06 00:00:00, Type: buy, Shares: 4638.0, Price: 20.48, Balance: 13.81
Date: 2024-05-13 00:00:00, Type: sell, Shares: 4638.0, Price: 19.46, Balance: 90250.73
Date: 2024-05-31 00:00:00, Type: buy, Shares: 4546.0, Price: 19.85, Balance: 12.63
Date: 2024-06-03 00:00:00, Type: sell, Shares: 4546.0, Price: 21.84, Balance: 99274.54
300458 Initial Balance: 100000.00
300458 Final Balance: 99274.54
300458 Stock Value: 0.00
300458 Total Profit/Loss: -725.46
===
模拟交易策略 300705 的数据
Date: 2024-02-21 00:00:00, Type: buy, Shares: 4046.0, Price: 24.71, Balance: 23.34
Date: 2024-02-22 00:00:00, Type: sell, Shares: 4046.0, Price: 23.47, Balance: 95001.17
Date: 2024-05-08 00:00:00, Type: buy, Shares: 3479.0, Price: 27.30, Balance: 24.47
Date: 2024-05-16 00:00:00, Type: sell, Shares: 3479.0, Price: 25.93, Balance: 90252.33
Date: 2024-06-13 00:00:00, Type: buy, Shares: 3435.0, Price: 26.27, Balance: 14.88
300705 Initial Balance: 100000.00
300705 Final Balance: 14.88
300705 Stock Value: 91851.90
300705 Total Profit/Loss: -8133.22
===
模拟交易策略 688114 的数据
Date: 2024-05-10 00:00:00, Type: buy, Shares: 1626.0, Price: 61.49, Balance: 17.26
Date: 2024-05-13 00:00:00, Type: sell, Shares: 1626.0, Price: 58.42, Balance: 95000.86
688114 Initial Balance: 100000.00
688114 Final Balance: 95000.86
688114 Stock Value: 0.00
688114 Total Profit/Loss: -4999.14
===
模拟交易策略 300255 的数据
Date: 2024-02-27 00:00:00, Type: buy, Shares: 8305.0, Price: 12.04, Balance: 7.80
Date: 2024-02-28 00:00:00, Type: sell, Shares: 8305.0, Price: 13.24, Balance: 109999.22
Date: 2024-05-07 00:00:00, Type: buy, Shares: 9166.0, Price: 12.00, Balance: 7.22
Date: 2024-05-13 00:00:00, Type: sell, Shares: 9166.0, Price: 11.40, Balance: 104499.62
300255 Initial Balance: 100000.00
300255 Final Balance: 104499.62
300255 Stock Value: 0.00
300255 Total Profit/Loss: 4499.62
===
模拟交易策略 300311 的数据
Date: 2024-03-05 00:00:00, Type: buy, Shares: 19379.0, Price: 5.16, Balance: 4.36
Date: 2024-03-14 00:00:00, Type: sell, Shares: 19379.0, Price: 5.68, Balance: 109999.56
300311 Initial Balance: 100000.00
300311 Final Balance: 109999.56
300311 Stock Value: 0.00
300311 Total Profit/Loss: 9999.56
===
模拟交易策略 300137 的数据
Date: 2024-03-05 00:00:00, Type: buy, Shares: 19920.0, Price: 5.02, Balance: 1.60
Date: 2024-04-01 00:00:00, Type: sell, Shares: 19920.0, Price: 5.52, Balance: 109999.84
Date: 2024-05-10 00:00:00, Type: buy, Shares: 19097.0, Price: 5.76, Balance: 1.12
Date: 2024-05-14 00:00:00, Type: sell, Shares: 19097.0, Price: 5.47, Balance: 104499.90
300137 Initial Balance: 100000.00
300137 Final Balance: 104499.90
300137 Stock Value: 0.00
300137 Total Profit/Loss: 4499.90
===
模拟交易策略 300554 的数据
Date: 2024-03-06 00:00:00, Type: buy, Shares: 5446.0, Price: 18.36, Balance: 11.44
Date: 2024-03-07 00:00:00, Type: sell, Shares: 5446.0, Price: 20.20, Balance: 109998.86
Date: 2024-05-09 00:00:00, Type: buy, Shares: 4606.0, Price: 23.88, Balance: 7.58
Date: 2024-05-10 00:00:00, Type: sell, Shares: 4606.0, Price: 22.69, Balance: 104499.29
300554 Initial Balance: 100000.00
300554 Final Balance: 104499.29
300554 Stock Value: 0.00
300554 Total Profit/Loss: 4499.29
===
模拟交易策略 002262 的数据
Date: 2024-04-17 00:00:00, Type: buy, Shares: 4391.0, Price: 22.77, Balance: 16.93
Date: 2024-04-29 00:00:00, Type: sell, Shares: 4391.0, Price: 25.05, Balance: 109998.31
Date: 2024-06-24 00:00:00, Type: buy, Shares: 4643.0, Price: 23.69, Balance: 5.64
002262 Initial Balance: 100000.00
002262 Final Balance: 5.64
002262 Stock Value: 110224.82
002262 Total Profit/Loss: 10230.46
===
模拟交易策略 600362 的数据
600362 Initial Balance: 100000.00
600362 Final Balance: 100000.00
600362 Stock Value: 0.00
600362 Total Profit/Loss: 0.00
===
Total Cash: 9884720.60
Total Stock Value: 202076.72
Total Portfolio Value: 10086797.32
Number of Stocks Simulated: 100
Number of Profitable Stocks: 54
Number of Losing Stocks: 46
Average Profit: 7630.46
Average Loss: -7070.60
