模拟交易策略 600779 的数据
Date: 2024-03-01 00:00:00, Type: buy, Shares: 1992.0, Price: 50.20, Balance: 1.60
Date: 2024-03-08 00:00:00, Type: sell, Shares: 1992.0, Price: 47.69, Balance: 95000.08
Date: 2024-05-10 00:00:00, Type: buy, Shares: 2038.0, Price: 46.60, Balance: 29.28
Date: 2024-06-03 00:00:00, Type: sell, Shares: 2038.0, Price: 44.27, Balance: 90251.54
600779 Initial Balance: 100000.00
600779 Final Balance: 90251.54
600779 Stock Value: 0.00
600779 Total Profit/Loss: -9748.46
===
模拟交易策略 605277 的数据
Date: 2024-03-04 00:00:00, Type: buy, Shares: 8695.0, Price: 11.50, Balance: 7.50
Date: 2024-03-05 00:00:00, Type: sell, Shares: 8695.0, Price: 10.92, Balance: 95000.37
Date: 2024-05-09 00:00:00, Type: buy, Shares: 7235.0, Price: 13.13, Balance: 4.82
Date: 2024-05-22 00:00:00, Type: sell, Shares: 7235.0, Price: 14.44, Balance: 104499.93
605277 Initial Balance: 100000.00
605277 Final Balance: 104499.93
605277 Stock Value: 0.00
605277 Total Profit/Loss: 4499.93
===
模拟交易策略 603269 的数据
Date: 2024-03-05 00:00:00, Type: buy, Shares: 12970.0, Price: 7.71, Balance: 1.30
Date: 2024-03-12 00:00:00, Type: sell, Shares: 12970.0, Price: 8.48, Balance: 109999.87
Date: 2024-05-07 00:00:00, Type: buy, Shares: 10270.0, Price: 10.71, Balance: 8.17
Date: 2024-05-10 00:00:00, Type: sell, Shares: 10270.0, Price: 10.17, Balance: 104500.28
603269 Initial Balance: 100000.00
603269 Final Balance: 104500.28
603269 Stock Value: 0.00
603269 Total Profit/Loss: 4500.28
===
模拟交易策略 002360 的数据
Date: 2024-03-14 00:00:00, Type: buy, Shares: 17094.0, Price: 5.85, Balance: 0.10
Date: 2024-04-02 00:00:00, Type: sell, Shares: 17094.0, Price: 6.44, Balance: 109999.99
Date: 2024-05-29 00:00:00, Type: buy, Shares: 19332.0, Price: 5.69, Balance: 0.91
Date: 2024-06-05 00:00:00, Type: sell, Shares: 19332.0, Price: 5.41, Balance: 104500.04
002360 Initial Balance: 100000.00
002360 Final Balance: 104500.04
002360 Stock Value: 0.00
002360 Total Profit/Loss: 4500.04
===
模拟交易策略 600999 的数据
Date: 2024-04-24 00:00:00, Type: buy, Shares: 6958.0, Price: 14.37, Balance: 13.54
600999 Initial Balance: 100000.00
600999 Final Balance: 13.54
600999 Stock Value: 96785.78
600999 Total Profit/Loss: -3200.68
===
模拟交易策略 688315 的数据
Date: 2024-03-18 00:00:00, Type: buy, Shares: 6553.0, Price: 15.26, Balance: 1.22
Date: 2024-03-26 00:00:00, Type: sell, Shares: 6553.0, Price: 14.50, Balance: 95000.06
Date: 2024-05-08 00:00:00, Type: buy, Shares: 6031.0, Price: 15.75, Balance: 11.81
Date: 2024-05-13 00:00:00, Type: sell, Shares: 6031.0, Price: 14.96, Balance: 90250.65
688315 Initial Balance: 100000.00
688315 Final Balance: 90250.65
688315 Stock Value: 0.00
688315 Total Profit/Loss: -9749.35
===
模拟交易策略 002817 的数据
Date: 2024-03-13 00:00:00, Type: buy, Shares: 14992.0, Price: 6.67, Balance: 3.36
Date: 2024-04-15 00:00:00, Type: sell, Shares: 14992.0, Price: 6.34, Balance: 95000.17
Date: 2024-05-10 00:00:00, Type: buy, Shares: 13828.0, Price: 6.87, Balance: 1.81
Date: 2024-05-13 00:00:00, Type: sell, Shares: 13828.0, Price: 6.53, Balance: 90250.25
002817 Initial Balance: 100000.00
002817 Final Balance: 90250.25
002817 Stock Value: 0.00
002817 Total Profit/Loss: -9749.75
===
模拟交易策略 002616 的数据
Date: 2024-03-13 00:00:00, Type: buy, Shares: 23041.0, Price: 4.34, Balance: 2.06
Date: 2024-04-15 00:00:00, Type: sell, Shares: 23041.0, Price: 4.12, Balance: 95000.10
Date: 2024-05-08 00:00:00, Type: buy, Shares: 19387.0, Price: 4.90, Balance: 3.80
Date: 2024-05-10 00:00:00, Type: sell, Shares: 19387.0, Price: 5.39, Balance: 104499.73
002616 Initial Balance: 100000.00
002616 Final Balance: 104499.73
002616 Stock Value: 0.00
002616 Total Profit/Loss: 4499.73
===
模拟交易策略 001229 的数据
Date: 2024-03-01 00:00:00, Type: buy, Shares: 3378.0, Price: 29.60, Balance: 11.20
Date: 2024-03-04 00:00:00, Type: sell, Shares: 3378.0, Price: 32.56, Balance: 109998.88
Date: 2024-06-27 00:00:00, Type: buy, Shares: 3942.0, Price: 27.90, Balance: 17.08
001229 Initial Balance: 100000.00
001229 Final Balance: 17.08
001229 Stock Value: 114988.14
001229 Total Profit/Loss: 15005.22
===
模拟交易策略 003028 的数据
Date: 2024-03-01 00:00:00, Type: buy, Shares: 2699.0, Price: 37.05, Balance: 2.05
Date: 2024-04-02 00:00:00, Type: sell, Shares: 2699.0, Price: 40.76, Balance: 109999.80
Date: 2024-04-10 00:00:00, Type: buy, Shares: 2786.0, Price: 39.48, Balance: 8.52
Date: 2024-04-16 00:00:00, Type: sell, Shares: 2786.0, Price: 37.51, Balance: 104500.23
003028 Initial Balance: 100000.00
003028 Final Balance: 104500.23
003028 Stock Value: 0.00
003028 Total Profit/Loss: 4500.23
===
模拟交易策略 601089 的数据
Date: 2024-03-07 00:00:00, Type: buy, Shares: 6988.0, Price: 14.31, Balance: 1.72
Date: 2024-06-25 00:00:00, Type: sell, Shares: 6988.0, Price: 13.59, Balance: 95000.09
601089 Initial Balance: 100000.00
601089 Final Balance: 95000.09
601089 Stock Value: 0.00
601089 Total Profit/Loss: -4999.91
===
模拟交易策略 603273 的数据
Date: 2024-03-04 00:00:00, Type: buy, Shares: 4000.0, Price: 25.00, Balance: 0.00
Date: 2024-03-05 00:00:00, Type: sell, Shares: 4000.0, Price: 27.50, Balance: 110000.00
Date: 2024-05-15 00:00:00, Type: buy, Shares: 4865.0, Price: 22.61, Balance: 2.35
Date: 2024-05-23 00:00:00, Type: sell, Shares: 4865.0, Price: 21.48, Balance: 104500.12
603273 Initial Balance: 100000.00
603273 Final Balance: 104500.12
603273 Stock Value: 0.00
603273 Total Profit/Loss: 4500.12
===
模拟交易策略 600054 的数据
Date: 2024-03-12 00:00:00, Type: buy, Shares: 9017.0, Price: 11.09, Balance: 1.47
Date: 2024-04-01 00:00:00, Type: sell, Shares: 9017.0, Price: 12.20, Balance: 109999.85
600054 Initial Balance: 100000.00
600054 Final Balance: 109999.85
600054 Stock Value: 0.00
600054 Total Profit/Loss: 9999.85
===
模拟交易策略 002045 的数据
Date: 2024-03-04 00:00:00, Type: buy, Shares: 7412.0, Price: 13.49, Balance: 12.12
Date: 2024-03-27 00:00:00, Type: sell, Shares: 7412.0, Price: 12.82, Balance: 95000.61
Date: 2024-05-13 00:00:00, Type: buy, Shares: 7661.0, Price: 12.40, Balance: 4.21
Date: 2024-05-14 00:00:00, Type: sell, Shares: 7661.0, Price: 13.64, Balance: 104500.25
Date: 2024-06-24 00:00:00, Type: buy, Shares: 8260.0, Price: 12.65, Balance: 11.25
Date: 2024-06-27 00:00:00, Type: sell, Shares: 8260.0, Price: 13.92, Balance: 114949.15
002045 Initial Balance: 100000.00
002045 Final Balance: 114949.15
002045 Stock Value: 0.00
002045 Total Profit/Loss: 14949.15
===
模拟交易策略 000617 的数据
Date: 2024-04-24 00:00:00, Type: buy, Shares: 16778.0, Price: 5.96, Balance: 3.12
Date: 2024-05-30 00:00:00, Type: sell, Shares: 16778.0, Price: 5.66, Balance: 95000.16
000617 Initial Balance: 100000.00
000617 Final Balance: 95000.16
000617 Stock Value: 0.00
000617 Total Profit/Loss: -4999.84
===
模拟交易策略 002455 的数据
Date: 2024-03-13 00:00:00, Type: buy, Shares: 18796.0, Price: 5.32, Balance: 5.28
Date: 2024-04-09 00:00:00, Type: sell, Shares: 18796.0, Price: 5.85, Balance: 109999.47
002455 Initial Balance: 100000.00
002455 Final Balance: 109999.47
002455 Stock Value: 0.00
002455 Total Profit/Loss: 9999.47
===
模拟交易策略 600903 的数据
Date: 2024-02-29 00:00:00, Type: buy, Shares: 14534.0, Price: 6.88, Balance: 6.08
Date: 2024-04-03 00:00:00, Type: sell, Shares: 14534.0, Price: 7.57, Balance: 109999.39
Date: 2024-04-11 00:00:00, Type: buy, Shares: 15089.0, Price: 7.29, Balance: 0.58
Date: 2024-04-16 00:00:00, Type: sell, Shares: 15089.0, Price: 6.93, Balance: 104499.45
Date: 2024-05-09 00:00:00, Type: buy, Shares: 14574.0, Price: 7.17, Balance: 3.87
Date: 2024-05-13 00:00:00, Type: sell, Shares: 14574.0, Price: 7.89, Balance: 114949.01
600903 Initial Balance: 100000.00
600903 Final Balance: 114949.01
600903 Stock Value: 0.00
600903 Total Profit/Loss: 14949.01
===
模拟交易策略 603661 的数据
Date: 2024-02-28 00:00:00, Type: buy, Shares: 2039.0, Price: 49.04, Balance: 7.44
Date: 2024-02-29 00:00:00, Type: sell, Shares: 2039.0, Price: 46.59, Balance: 95000.37
Date: 2024-04-09 00:00:00, Type: buy, Shares: 2118.0, Price: 44.85, Balance: 8.07
Date: 2024-04-10 00:00:00, Type: sell, Shares: 2118.0, Price: 42.61, Balance: 90250.76
Date: 2024-05-07 00:00:00, Type: buy, Shares: 1961.0, Price: 46.00, Balance: 44.76
Date: 2024-05-14 00:00:00, Type: sell, Shares: 1961.0, Price: 50.60, Balance: 99271.36
603661 Initial Balance: 100000.00
603661 Final Balance: 99271.36
603661 Stock Value: 0.00
603661 Total Profit/Loss: -728.64
===
模拟交易策略 600056 的数据
Date: 2024-04-29 00:00:00, Type: buy, Shares: 9157.0, Price: 10.92, Balance: 5.56
Date: 2024-06-06 00:00:00, Type: sell, Shares: 9157.0, Price: 10.37, Balance: 95000.28
600056 Initial Balance: 100000.00
600056 Final Balance: 95000.28
600056 Stock Value: 0.00
600056 Total Profit/Loss: -4999.72
===
模拟交易策略 688590 的数据
Date: 2024-03-04 00:00:00, Type: buy, Shares: 5649.0, Price: 17.70, Balance: 12.70
Date: 2024-03-06 00:00:00, Type: sell, Shares: 5649.0, Price: 16.81, Balance: 95000.63
Date: 2024-05-09 00:00:00, Type: buy, Shares: 5688.0, Price: 16.70, Balance: 11.03
Date: 2024-05-13 00:00:00, Type: sell, Shares: 5688.0, Price: 15.86, Balance: 90251.15
688590 Initial Balance: 100000.00
688590 Final Balance: 90251.15
688590 Stock Value: 0.00
688590 Total Profit/Loss: -9748.85
===
模拟交易策略 301376 的数据
Date: 2024-03-13 00:00:00, Type: buy, Shares: 4364.0, Price: 22.91, Balance: 20.76
Date: 2024-03-25 00:00:00, Type: sell, Shares: 4364.0, Price: 25.20, Balance: 109997.92
Date: 2024-05-06 00:00:00, Type: buy, Shares: 4704.0, Price: 23.38, Balance: 18.40
Date: 2024-05-07 00:00:00, Type: sell, Shares: 4704.0, Price: 25.72, Balance: 120995.88
301376 Initial Balance: 100000.00
301376 Final Balance: 120995.88
301376 Stock Value: 0.00
301376 Total Profit/Loss: 20995.88
===
模拟交易策略 001268 的数据
Date: 2024-03-11 00:00:00, Type: buy, Shares: 5509.0, Price: 18.15, Balance: 11.65
Date: 2024-03-15 00:00:00, Type: sell, Shares: 5509.0, Price: 19.96, Balance: 109998.84
Date: 2024-05-10 00:00:00, Type: buy, Shares: 5684.0, Price: 19.35, Balance: 13.43
Date: 2024-05-13 00:00:00, Type: sell, Shares: 5684.0, Price: 18.38, Balance: 104499.57
001268 Initial Balance: 100000.00
001268 Final Balance: 104499.57
001268 Stock Value: 0.00
001268 Total Profit/Loss: 4499.57
===
模拟交易策略 000568 的数据
Date: 2024-02-26 00:00:00, Type: buy, Shares: 593.0, Price: 168.58, Balance: 32.06
Date: 2024-03-12 00:00:00, Type: sell, Shares: 593.0, Price: 185.44, Balance: 109996.79
Date: 2024-05-07 00:00:00, Type: buy, Shares: 568.0, Price: 193.56, Balance: 54.71
Date: 2024-05-13 00:00:00, Type: sell, Shares: 568.0, Price: 183.88, Balance: 104499.69
000568 Initial Balance: 100000.00
000568 Final Balance: 104499.69
000568 Stock Value: 0.00
000568 Total Profit/Loss: 4499.69
===
模拟交易策略 000712 的数据
Date: 2024-03-07 00:00:00, Type: buy, Shares: 8354.0, Price: 11.97, Balance: 2.62
Date: 2024-03-27 00:00:00, Type: sell, Shares: 8354.0, Price: 11.37, Balance: 95000.13
Date: 2024-05-14 00:00:00, Type: buy, Shares: 8861.0, Price: 10.72, Balance: 10.21
Date: 2024-05-23 00:00:00, Type: sell, Shares: 8861.0, Price: 10.18, Balance: 90250.63
000712 Initial Balance: 100000.00
000712 Final Balance: 90250.63
000712 Stock Value: 0.00
000712 Total Profit/Loss: -9749.37
===
模拟交易策略 600438 的数据
Date: 2024-02-22 00:00:00, Type: buy, Shares: 3988.0, Price: 25.07, Balance: 20.84
Date: 2024-03-27 00:00:00, Type: sell, Shares: 3988.0, Price: 23.82, Balance: 95001.04
Date: 2024-05-31 00:00:00, Type: buy, Shares: 4194.0, Price: 22.65, Balance: 6.94
Date: 2024-06-06 00:00:00, Type: sell, Shares: 4194.0, Price: 21.52, Balance: 90251.34
600438 Initial Balance: 100000.00
600438 Final Balance: 90251.34
600438 Stock Value: 0.00
600438 Total Profit/Loss: -9748.66
===
模拟交易策略 601988 的数据
Date: 2024-04-09 00:00:00, Type: buy, Shares: 22075.0, Price: 4.53, Balance: 0.25
601988 Initial Balance: 100000.00
601988 Final Balance: 0.25
601988 Stock Value: 101986.50
601988 Total Profit/Loss: 1986.75
===
模拟交易策略 688095 的数据
Date: 2024-03-05 00:00:00, Type: buy, Shares: 1720.0, Price: 58.13, Balance: 16.40
Date: 2024-03-06 00:00:00, Type: sell, Shares: 1720.0, Price: 55.22, Balance: 95000.82
Date: 2024-05-14 00:00:00, Type: buy, Shares: 1672.0, Price: 56.80, Balance: 31.22
Date: 2024-05-15 00:00:00, Type: sell, Shares: 1672.0, Price: 53.96, Balance: 90252.34
688095 Initial Balance: 100000.00
688095 Final Balance: 90252.34
688095 Stock Value: 0.00
688095 Total Profit/Loss: -9747.66
===
模拟交易策略 600749 的数据
Date: 2024-03-08 00:00:00, Type: buy, Shares: 9541.0, Price: 10.48, Balance: 10.32
Date: 2024-04-09 00:00:00, Type: sell, Shares: 9541.0, Price: 11.53, Balance: 109998.97
Date: 2024-04-29 00:00:00, Type: buy, Shares: 7607.0, Price: 14.46, Balance: 1.75
Date: 2024-04-30 00:00:00, Type: sell, Shares: 7607.0, Price: 13.74, Balance: 104499.11
Date: 2024-05-20 00:00:00, Type: buy, Shares: 8163.0, Price: 12.80, Balance: 12.71
Date: 2024-05-21 00:00:00, Type: sell, Shares: 8163.0, Price: 12.16, Balance: 99274.79
Date: 2024-06-28 00:00:00, Type: buy, Shares: 7786.0, Price: 12.75, Balance: 3.29
600749 Initial Balance: 100000.00
600749 Final Balance: 3.29
600749 Stock Value: 100672.98
600749 Total Profit/Loss: 676.27
===
模拟交易策略 603260 的数据
Date: 2024-02-28 00:00:00, Type: buy, Shares: 2036.0, Price: 49.11, Balance: 12.04
Date: 2024-03-01 00:00:00, Type: sell, Shares: 2036.0, Price: 54.02, Balance: 109998.80
Date: 2024-05-13 00:00:00, Type: buy, Shares: 2091.0, Price: 52.59, Balance: 33.11
Date: 2024-06-05 00:00:00, Type: sell, Shares: 2091.0, Price: 49.96, Balance: 104500.51
603260 Initial Balance: 100000.00
603260 Final Balance: 104500.51
603260 Stock Value: 0.00
603260 Total Profit/Loss: 4500.51
===
模拟交易策略 002258 的数据
Date: 2024-05-07 00:00:00, Type: buy, Shares: 10010.0, Price: 9.99, Balance: 0.10
Date: 2024-05-21 00:00:00, Type: sell, Shares: 10010.0, Price: 9.49, Balance: 95000.00
002258 Initial Balance: 100000.00
002258 Final Balance: 95000.00
002258 Stock Value: 0.00
002258 Total Profit/Loss: -5000.00
===
模拟交易策略 834033 的数据
Date: 2024-02-28 00:00:00, Type: buy, Shares: 3234.0, Price: 30.92, Balance: 4.72
Date: 2024-02-29 00:00:00, Type: sell, Shares: 3234.0, Price: 29.37, Balance: 95000.24
Date: 2024-03-19 00:00:00, Type: buy, Shares: 3193.0, Price: 29.75, Balance: 8.49
Date: 2024-03-20 00:00:00, Type: sell, Shares: 3193.0, Price: 28.26, Balance: 90250.65
834033 Initial Balance: 100000.00
834033 Final Balance: 90250.65
834033 Stock Value: 0.00
834033 Total Profit/Loss: -9749.35
===
模拟交易策略 601059 的数据
Date: 2024-03-05 00:00:00, Type: buy, Shares: 6067.0, Price: 16.48, Balance: 15.84
Date: 2024-03-25 00:00:00, Type: sell, Shares: 6067.0, Price: 15.66, Balance: 95000.79
Date: 2024-05-07 00:00:00, Type: buy, Shares: 6089.0, Price: 15.60, Balance: 12.39
Date: 2024-05-24 00:00:00, Type: sell, Shares: 6089.0, Price: 14.82, Balance: 90251.37
Date: 2024-06-25 00:00:00, Type: buy, Shares: 6181.0, Price: 14.60, Balance: 8.77
601059 Initial Balance: 100000.00
601059 Final Balance: 8.77
601059 Stock Value: 87832.01
601059 Total Profit/Loss: -12159.22
===
模拟交易策略 301322 的数据
Date: 2024-03-01 00:00:00, Type: buy, Shares: 4244.0, Price: 23.56, Balance: 11.36
Date: 2024-03-26 00:00:00, Type: sell, Shares: 4244.0, Price: 22.38, Balance: 95000.57
Date: 2024-05-08 00:00:00, Type: buy, Shares: 4091.0, Price: 23.22, Balance: 7.55
Date: 2024-05-30 00:00:00, Type: sell, Shares: 4091.0, Price: 22.06, Balance: 90250.92
301322 Initial Balance: 100000.00
301322 Final Balance: 90250.92
301322 Stock Value: 0.00
301322 Total Profit/Loss: -9749.08
===
模拟交易策略 603899 的数据
Date: 2024-02-23 00:00:00, Type: buy, Shares: 2791.0, Price: 35.82, Balance: 26.38
Date: 2024-03-04 00:00:00, Type: sell, Shares: 2791.0, Price: 34.03, Balance: 95001.32
Date: 2024-05-13 00:00:00, Type: buy, Shares: 2524.0, Price: 37.63, Balance: 23.20
Date: 2024-05-31 00:00:00, Type: sell, Shares: 2524.0, Price: 35.75, Balance: 90252.41
603899 Initial Balance: 100000.00
603899 Final Balance: 90252.41
603899 Stock Value: 0.00
603899 Total Profit/Loss: -9747.59
===
模拟交易策略 838163 的数据
Date: 2024-04-25 00:00:00, Type: buy, Shares: 7794.0, Price: 12.83, Balance: 2.98
Date: 2024-04-29 00:00:00, Type: sell, Shares: 7794.0, Price: 14.11, Balance: 109999.70
Date: 2024-06-21 00:00:00, Type: buy, Shares: 6883.0, Price: 15.98, Balance: 9.36
Date: 2024-06-24 00:00:00, Type: sell, Shares: 6883.0, Price: 15.18, Balance: 104500.18
838163 Initial Balance: 100000.00
838163 Final Balance: 104500.18
838163 Stock Value: 0.00
838163 Total Profit/Loss: 4500.18
===
模拟交易策略 601003 的数据
Date: 2024-03-01 00:00:00, Type: buy, Shares: 33557.0, Price: 2.98, Balance: 0.14
Date: 2024-03-28 00:00:00, Type: sell, Shares: 33557.0, Price: 2.83, Balance: 95000.01
Date: 2024-05-09 00:00:00, Type: buy, Shares: 32094.0, Price: 2.96, Balance: 1.77
Date: 2024-06-03 00:00:00, Type: sell, Shares: 32094.0, Price: 2.81, Balance: 90250.09
601003 Initial Balance: 100000.00
601003 Final Balance: 90250.09
601003 Stock Value: 0.00
601003 Total Profit/Loss: -9749.91
===
模拟交易策略 603197 的数据
Date: 2024-03-05 00:00:00, Type: buy, Shares: 2123.0, Price: 47.09, Balance: 27.93
Date: 2024-03-14 00:00:00, Type: sell, Shares: 2123.0, Price: 51.80, Balance: 109997.21
603197 Initial Balance: 100000.00
603197 Final Balance: 109997.21
603197 Stock Value: 0.00
603197 Total Profit/Loss: 9997.21
===
模拟交易策略 688692 的数据
688692 Initial Balance: 100000.00
688692 Final Balance: 100000.00
688692 Stock Value: 0.00
688692 Total Profit/Loss: 0.00
===
模拟交易策略 000550 的数据
000550 Initial Balance: 100000.00
000550 Final Balance: 100000.00
000550 Stock Value: 0.00
000550 Total Profit/Loss: 0.00
===
模拟交易策略 688401 的数据
Date: 2024-03-01 00:00:00, Type: buy, Shares: 3598.0, Price: 27.79, Balance: 11.58
Date: 2024-03-25 00:00:00, Type: sell, Shares: 3598.0, Price: 26.40, Balance: 95000.58
Date: 2024-05-10 00:00:00, Type: buy, Shares: 3531.0, Price: 26.90, Balance: 16.68
Date: 2024-05-13 00:00:00, Type: sell, Shares: 3531.0, Price: 25.55, Balance: 90251.38
Date: 2024-05-29 00:00:00, Type: buy, Shares: 3465.0, Price: 26.04, Balance: 22.78
Date: 2024-06-13 00:00:00, Type: sell, Shares: 3465.0, Price: 28.64, Balance: 99274.24
688401 Initial Balance: 100000.00
688401 Final Balance: 99274.24
688401 Stock Value: 0.00
688401 Total Profit/Loss: -725.76
===
模拟交易策略 300338 的数据
Date: 2024-03-01 00:00:00, Type: buy, Shares: 25316.0, Price: 3.95, Balance: 1.80
Date: 2024-03-04 00:00:00, Type: sell, Shares: 25316.0, Price: 3.75, Balance: 95000.09
300338 Initial Balance: 100000.00
300338 Final Balance: 95000.09
300338 Stock Value: 0.00
300338 Total Profit/Loss: -4999.91
===
模拟交易策略 600380 的数据
Date: 2024-02-26 00:00:00, Type: buy, Shares: 8382.0, Price: 11.93, Balance: 2.74
Date: 2024-03-22 00:00:00, Type: sell, Shares: 8382.0, Price: 11.33, Balance: 95000.14
Date: 2024-04-17 00:00:00, Type: buy, Shares: 8119.0, Price: 11.70, Balance: 7.84
Date: 2024-05-08 00:00:00, Type: sell, Shares: 8119.0, Price: 12.87, Balance: 104499.37
600380 Initial Balance: 100000.00
600380 Final Balance: 104499.37
600380 Stock Value: 0.00
600380 Total Profit/Loss: 4499.37
===
模拟交易策略 002451 的数据
Date: 2024-03-08 00:00:00, Type: buy, Shares: 17094.0, Price: 5.85, Balance: 0.10
Date: 2024-03-21 00:00:00, Type: sell, Shares: 17094.0, Price: 6.44, Balance: 109999.99
002451 Initial Balance: 100000.00
002451 Final Balance: 109999.99
002451 Stock Value: 0.00
002451 Total Profit/Loss: 9999.99
===
模拟交易策略 600007 的数据
Date: 2024-02-21 00:00:00, Type: buy, Shares: 5685.0, Price: 17.59, Balance: 0.85
Date: 2024-03-22 00:00:00, Type: sell, Shares: 5685.0, Price: 19.35, Balance: 109999.92
600007 Initial Balance: 100000.00
600007 Final Balance: 109999.92
600007 Stock Value: 0.00
600007 Total Profit/Loss: 9999.92
===
模拟交易策略 688335 的数据
Date: 2024-03-08 00:00:00, Type: buy, Shares: 10245.0, Price: 9.76, Balance: 8.80
Date: 2024-03-18 00:00:00, Type: sell, Shares: 10245.0, Price: 10.74, Balance: 109999.12
688335 Initial Balance: 100000.00
688335 Final Balance: 109999.12
688335 Stock Value: 0.00
688335 Total Profit/Loss: 9999.12
===
模拟交易策略 600515 的数据
Date: 2024-03-21 00:00:00, Type: buy, Shares: 27027.0, Price: 3.70, Balance: 0.10
Date: 2024-03-27 00:00:00, Type: sell, Shares: 27027.0, Price: 3.52, Balance: 95000.00
Date: 2024-05-09 00:00:00, Type: buy, Shares: 27536.0, Price: 3.45, Balance: 0.80
Date: 2024-06-20 00:00:00, Type: sell, Shares: 27536.0, Price: 3.28, Balance: 90250.04
600515 Initial Balance: 100000.00
600515 Final Balance: 90250.04
600515 Stock Value: 0.00
600515 Total Profit/Loss: -9749.96
===
模拟交易策略 600711 的数据
Date: 2024-03-01 00:00:00, Type: buy, Shares: 25706.0, Price: 3.89, Balance: 3.66
Date: 2024-03-15 00:00:00, Type: sell, Shares: 25706.0, Price: 4.28, Balance: 109999.63
600711 Initial Balance: 100000.00
600711 Final Balance: 109999.63
600711 Stock Value: 0.00
600711 Total Profit/Loss: 9999.63
===
模拟交易策略 003018 的数据
Date: 2024-03-13 00:00:00, Type: buy, Shares: 12180.0, Price: 8.21, Balance: 2.20
Date: 2024-03-14 00:00:00, Type: sell, Shares: 12180.0, Price: 9.03, Balance: 109999.78
Date: 2024-05-09 00:00:00, Type: buy, Shares: 13048.0, Price: 8.43, Balance: 5.14
Date: 2024-06-03 00:00:00, Type: sell, Shares: 13048.0, Price: 8.01, Balance: 104500.05
Date: 2024-06-24 00:00:00, Type: buy, Shares: 11741.0, Price: 8.90, Balance: 5.15
Date: 2024-06-25 00:00:00, Type: sell, Shares: 11741.0, Price: 8.46, Balance: 99275.30
003018 Initial Balance: 100000.00
003018 Final Balance: 99275.30
003018 Stock Value: 0.00
003018 Total Profit/Loss: -724.70
===
模拟交易策略 000816 的数据
Date: 2024-03-06 00:00:00, Type: buy, Shares: 38910.0, Price: 2.57, Balance: 1.30
Date: 2024-03-27 00:00:00, Type: sell, Shares: 38910.0, Price: 2.44, Balance: 95000.06
Date: 2024-04-12 00:00:00, Type: buy, Shares: 36121.0, Price: 2.63, Balance: 1.83
Date: 2024-04-15 00:00:00, Type: sell, Shares: 36121.0, Price: 2.50, Balance: 90250.15
Date: 2024-05-20 00:00:00, Type: buy, Shares: 37293.0, Price: 2.42, Balance: 1.09
Date: 2024-05-23 00:00:00, Type: sell, Shares: 37293.0, Price: 2.30, Balance: 85737.70
000816 Initial Balance: 100000.00
000816 Final Balance: 85737.70
000816 Stock Value: 0.00
000816 Total Profit/Loss: -14262.30
===
模拟交易策略 688212 的数据
Date: 2024-02-22 00:00:00, Type: buy, Shares: 1811.0, Price: 55.20, Balance: 32.80
Date: 2024-02-28 00:00:00, Type: sell, Shares: 1811.0, Price: 60.72, Balance: 109996.72
688212 Initial Balance: 100000.00
688212 Final Balance: 109996.72
688212 Stock Value: 0.00
688212 Total Profit/Loss: 9996.72
===
模拟交易策略 600671 的数据
Date: 2024-04-03 00:00:00, Type: buy, Shares: 10752.0, Price: 9.30, Balance: 6.40
Date: 2024-04-15 00:00:00, Type: sell, Shares: 10752.0, Price: 8.84, Balance: 95000.32
600671 Initial Balance: 100000.00
600671 Final Balance: 95000.32
600671 Stock Value: 0.00
600671 Total Profit/Loss: -4999.68
===
模拟交易策略 002919 的数据
Date: 2024-03-01 00:00:00, Type: buy, Shares: 5216.0, Price: 19.17, Balance: 9.28
Date: 2024-03-07 00:00:00, Type: sell, Shares: 5216.0, Price: 18.21, Balance: 95000.46
002919 Initial Balance: 100000.00
002919 Final Balance: 95000.46
002919 Stock Value: 0.00
002919 Total Profit/Loss: -4999.54
===
模拟交易策略 601086 的数据
Date: 2024-03-13 00:00:00, Type: buy, Shares: 23474.0, Price: 4.26, Balance: 0.76
Date: 2024-03-15 00:00:00, Type: sell, Shares: 23474.0, Price: 4.69, Balance: 109999.92
601086 Initial Balance: 100000.00
601086 Final Balance: 109999.92
601086 Stock Value: 0.00
601086 Total Profit/Loss: 9999.92
===
模拟交易策略 002658 的数据
Date: 2024-03-08 00:00:00, Type: buy, Shares: 16556.0, Price: 6.04, Balance: 1.76
Date: 2024-03-29 00:00:00, Type: sell, Shares: 16556.0, Price: 6.64, Balance: 109999.82
002658 Initial Balance: 100000.00
002658 Final Balance: 109999.82
002658 Stock Value: 0.00
002658 Total Profit/Loss: 9999.82
===
模拟交易策略 002409 的数据
Date: 2024-02-27 00:00:00, Type: buy, Shares: 2167.0, Price: 46.13, Balance: 36.29
Date: 2024-03-01 00:00:00, Type: sell, Shares: 2167.0, Price: 50.74, Balance: 109996.37
Date: 2024-04-24 00:00:00, Type: buy, Shares: 1894.0, Price: 58.05, Balance: 49.67
Date: 2024-04-29 00:00:00, Type: sell, Shares: 1894.0, Price: 63.86, Balance: 120991.04
Date: 2024-06-06 00:00:00, Type: buy, Shares: 1951.0, Price: 62.00, Balance: 29.04
Date: 2024-06-11 00:00:00, Type: sell, Shares: 1951.0, Price: 58.90, Balance: 114942.94
002409 Initial Balance: 100000.00
002409 Final Balance: 114942.94
002409 Stock Value: 0.00
002409 Total Profit/Loss: 14942.94
===
模拟交易策略 600760 的数据
Date: 2024-02-26 00:00:00, Type: buy, Shares: 2632.0, Price: 37.99, Balance: 10.32
Date: 2024-03-26 00:00:00, Type: sell, Shares: 2632.0, Price: 36.09, Balance: 95000.52
Date: 2024-04-25 00:00:00, Type: buy, Shares: 2517.0, Price: 37.73, Balance: 34.11
Date: 2024-06-05 00:00:00, Type: sell, Shares: 2517.0, Price: 41.50, Balance: 104497.16
600760 Initial Balance: 100000.00
600760 Final Balance: 104497.16
600760 Stock Value: 0.00
600760 Total Profit/Loss: 4497.16
===
模拟交易策略 002422 的数据
Date: 2024-02-26 00:00:00, Type: buy, Shares: 4040.0, Price: 24.75, Balance: 10.00
Date: 2024-03-04 00:00:00, Type: sell, Shares: 4040.0, Price: 27.23, Balance: 109999.00
Date: 2024-04-26 00:00:00, Type: buy, Shares: 3617.0, Price: 30.41, Balance: 6.03
Date: 2024-04-30 00:00:00, Type: sell, Shares: 3617.0, Price: 33.45, Balance: 120998.30
002422 Initial Balance: 100000.00
002422 Final Balance: 120998.30
002422 Stock Value: 0.00
002422 Total Profit/Loss: 20998.30
===
模拟交易策略 301229 的数据
Date: 2024-03-06 00:00:00, Type: buy, Shares: 5485.0, Price: 18.23, Balance: 8.45
Date: 2024-03-12 00:00:00, Type: sell, Shares: 5485.0, Price: 20.05, Balance: 109999.15
Date: 2024-05-13 00:00:00, Type: buy, Shares: 4828.0, Price: 22.78, Balance: 17.31
Date: 2024-05-21 00:00:00, Type: sell, Shares: 4828.0, Price: 21.64, Balance: 104500.06
301229 Initial Balance: 100000.00
301229 Final Balance: 104500.06
301229 Stock Value: 0.00
301229 Total Profit/Loss: 4500.06
===
模拟交易策略 688569 的数据
Date: 2024-03-04 00:00:00, Type: buy, Shares: 3968.0, Price: 25.20, Balance: 6.40
Date: 2024-03-07 00:00:00, Type: sell, Shares: 3968.0, Price: 27.72, Balance: 109999.36
Date: 2024-05-06 00:00:00, Type: buy, Shares: 4735.0, Price: 23.23, Balance: 5.31
Date: 2024-06-11 00:00:00, Type: sell, Shares: 4735.0, Price: 22.07, Balance: 104499.66
688569 Initial Balance: 100000.00
688569 Final Balance: 104499.66
688569 Stock Value: 0.00
688569 Total Profit/Loss: 4499.66
===
模拟交易策略 603757 的数据
Date: 2024-02-29 00:00:00, Type: buy, Shares: 4789.0, Price: 20.88, Balance: 5.68
Date: 2024-03-08 00:00:00, Type: sell, Shares: 4789.0, Price: 22.97, Balance: 109999.43
Date: 2024-04-30 00:00:00, Type: buy, Shares: 5290.0, Price: 20.79, Balance: 20.33
Date: 2024-05-29 00:00:00, Type: sell, Shares: 5290.0, Price: 19.75, Balance: 104500.48
603757 Initial Balance: 100000.00
603757 Final Balance: 104500.48
603757 Stock Value: 0.00
603757 Total Profit/Loss: 4500.48
===
模拟交易策略 600688 的数据
Date: 2024-02-26 00:00:00, Type: buy, Shares: 35971.0, Price: 2.78, Balance: 0.62
Date: 2024-03-26 00:00:00, Type: sell, Shares: 35971.0, Price: 2.64, Balance: 95000.03
Date: 2024-04-11 00:00:00, Type: buy, Shares: 33687.0, Price: 2.82, Balance: 2.69
Date: 2024-06-03 00:00:00, Type: sell, Shares: 33687.0, Price: 2.68, Balance: 90250.16
600688 Initial Balance: 100000.00
600688 Final Balance: 90250.16
600688 Stock Value: 0.00
600688 Total Profit/Loss: -9749.84
===
模拟交易策略 301116 的数据
Date: 2024-03-13 00:00:00, Type: buy, Shares: 9980.0, Price: 10.02, Balance: 0.40
Date: 2024-03-22 00:00:00, Type: sell, Shares: 9980.0, Price: 11.02, Balance: 109999.96
Date: 2024-05-09 00:00:00, Type: buy, Shares: 10546.0, Price: 10.43, Balance: 5.18
Date: 2024-05-24 00:00:00, Type: sell, Shares: 10546.0, Price: 11.47, Balance: 120999.44
301116 Initial Balance: 100000.00
301116 Final Balance: 120999.44
301116 Stock Value: 0.00
301116 Total Profit/Loss: 20999.44
===
模拟交易策略 300712 的数据
Date: 2024-03-06 00:00:00, Type: buy, Shares: 4856.0, Price: 20.59, Balance: 14.96
Date: 2024-03-11 00:00:00, Type: sell, Shares: 4856.0, Price: 22.65, Balance: 109998.50
Date: 2024-05-10 00:00:00, Type: buy, Shares: 4352.0, Price: 25.27, Balance: 23.46
Date: 2024-05-13 00:00:00, Type: sell, Shares: 4352.0, Price: 27.80, Balance: 120996.01
300712 Initial Balance: 100000.00
300712 Final Balance: 120996.01
300712 Stock Value: 0.00
300712 Total Profit/Loss: 20996.01
===
模拟交易策略 832735 的数据
Date: 2024-02-27 00:00:00, Type: buy, Shares: 3787.0, Price: 26.40, Balance: 23.20
Date: 2024-02-28 00:00:00, Type: sell, Shares: 3787.0, Price: 29.04, Balance: 109997.68
Date: 2024-05-08 00:00:00, Type: buy, Shares: 4072.0, Price: 27.01, Balance: 12.96
Date: 2024-05-14 00:00:00, Type: sell, Shares: 4072.0, Price: 25.66, Balance: 104498.44
832735 Initial Balance: 100000.00
832735 Final Balance: 104498.44
832735 Stock Value: 0.00
832735 Total Profit/Loss: 4498.44
===
模拟交易策略 600156 的数据
Date: 2024-03-15 00:00:00, Type: buy, Shares: 24154.0, Price: 4.14, Balance: 2.44
Date: 2024-03-22 00:00:00, Type: sell, Shares: 24154.0, Price: 4.55, Balance: 109999.76
600156 Initial Balance: 100000.00
600156 Final Balance: 109999.76
600156 Stock Value: 0.00
600156 Total Profit/Loss: 9999.76
===
模拟交易策略 603810 的数据
Date: 2024-03-18 00:00:00, Type: buy, Shares: 9149.0, Price: 10.93, Balance: 1.43
Date: 2024-03-27 00:00:00, Type: sell, Shares: 9149.0, Price: 12.02, Balance: 109999.86
603810 Initial Balance: 100000.00
603810 Final Balance: 109999.86
603810 Stock Value: 0.00
603810 Total Profit/Loss: 9999.86
===
模拟交易策略 600751 的数据
Date: 2024-02-28 00:00:00, Type: buy, Shares: 40322.0, Price: 2.48, Balance: 1.44
Date: 2024-03-08 00:00:00, Type: sell, Shares: 40322.0, Price: 2.36, Balance: 95000.07
Date: 2024-05-09 00:00:00, Type: buy, Shares: 41304.0, Price: 2.30, Balance: 0.87
Date: 2024-06-06 00:00:00, Type: sell, Shares: 41304.0, Price: 2.18, Balance: 90250.11
600751 Initial Balance: 100000.00
600751 Final Balance: 90250.11
600751 Stock Value: 0.00
600751 Total Profit/Loss: -9749.89
===
模拟交易策略 831278 的数据
Date: 2024-03-01 00:00:00, Type: buy, Shares: 20080.0, Price: 4.98, Balance: 1.60
Date: 2024-03-04 00:00:00, Type: sell, Shares: 20080.0, Price: 4.73, Balance: 95000.08
Date: 2024-05-28 00:00:00, Type: buy, Shares: 23809.0, Price: 3.99, Balance: 2.17
Date: 2024-05-29 00:00:00, Type: sell, Shares: 23809.0, Price: 4.39, Balance: 104499.87
Date: 2024-06-25 00:00:00, Type: buy, Shares: 25930.0, Price: 4.03, Balance: 1.97
831278 Initial Balance: 100000.00
831278 Final Balance: 1.97
831278 Stock Value: 104497.90
831278 Total Profit/Loss: 4499.87
===
模拟交易策略 002021 的数据
Date: 2024-03-15 00:00:00, Type: buy, Shares: 54054.0, Price: 1.85, Balance: 0.10
Date: 2024-04-03 00:00:00, Type: sell, Shares: 54054.0, Price: 2.04, Balance: 109999.99
Date: 2024-05-08 00:00:00, Type: buy, Shares: 56410.0, Price: 1.95, Balance: 0.49
Date: 2024-05-13 00:00:00, Type: sell, Shares: 56410.0, Price: 1.85, Balance: 104500.01
002021 Initial Balance: 100000.00
002021 Final Balance: 104500.01
002021 Stock Value: 0.00
002021 Total Profit/Loss: 4500.01
===
模拟交易策略 600353 的数据
Date: 2024-03-01 00:00:00, Type: buy, Shares: 12642.0, Price: 7.91, Balance: 1.78
Date: 2024-03-14 00:00:00, Type: sell, Shares: 12642.0, Price: 7.51, Balance: 95000.09
Date: 2024-05-09 00:00:00, Type: buy, Shares: 14264.0, Price: 6.66, Balance: 1.85
Date: 2024-05-15 00:00:00, Type: sell, Shares: 14264.0, Price: 6.33, Balance: 90250.18
Date: 2024-06-19 00:00:00, Type: buy, Shares: 13450.0, Price: 6.71, Balance: 0.68
Date: 2024-06-21 00:00:00, Type: sell, Shares: 13450.0, Price: 6.37, Balance: 85737.70
600353 Initial Balance: 100000.00
600353 Final Balance: 85737.70
600353 Stock Value: 0.00
600353 Total Profit/Loss: -14262.30
===
模拟交易策略 603633 的数据
Date: 2024-03-05 00:00:00, Type: buy, Shares: 13422.0, Price: 7.45, Balance: 6.10
Date: 2024-03-19 00:00:00, Type: sell, Shares: 13422.0, Price: 8.20, Balance: 109999.39
Date: 2024-05-09 00:00:00, Type: buy, Shares: 13580.0, Price: 8.10, Balance: 1.39
Date: 2024-05-31 00:00:00, Type: sell, Shares: 13580.0, Price: 8.91, Balance: 120999.19
603633 Initial Balance: 100000.00
603633 Final Balance: 120999.19
603633 Stock Value: 0.00
603633 Total Profit/Loss: 20999.19
===
模拟交易策略 603599 的数据
Date: 2024-02-26 00:00:00, Type: buy, Shares: 6896.0, Price: 14.50, Balance: 8.00
Date: 2024-05-31 00:00:00, Type: sell, Shares: 6896.0, Price: 13.77, Balance: 95000.40
603599 Initial Balance: 100000.00
603599 Final Balance: 95000.40
603599 Stock Value: 0.00
603599 Total Profit/Loss: -4999.60
===
模拟交易策略 600529 的数据
Date: 2024-02-26 00:00:00, Type: buy, Shares: 3846.0, Price: 26.00, Balance: 4.00
Date: 2024-03-12 00:00:00, Type: sell, Shares: 3846.0, Price: 28.60, Balance: 109999.60
600529 Initial Balance: 100000.00
600529 Final Balance: 109999.60
600529 Stock Value: 0.00
600529 Total Profit/Loss: 9999.60
===
模拟交易策略 688287 的数据
Date: 2024-03-06 00:00:00, Type: buy, Shares: 12626.0, Price: 7.92, Balance: 2.08
Date: 2024-03-13 00:00:00, Type: sell, Shares: 12626.0, Price: 8.71, Balance: 109999.79
688287 Initial Balance: 100000.00
688287 Final Balance: 109999.79
688287 Stock Value: 0.00
688287 Total Profit/Loss: 9999.79
===
模拟交易策略 832885 的数据
Date: 2024-03-08 00:00:00, Type: buy, Shares: 15455.0, Price: 6.47, Balance: 6.15
Date: 2024-03-25 00:00:00, Type: sell, Shares: 15455.0, Price: 6.15, Balance: 95000.31
Date: 2024-04-15 00:00:00, Type: buy, Shares: 13475.0, Price: 7.05, Balance: 1.56
Date: 2024-04-16 00:00:00, Type: sell, Shares: 13475.0, Price: 6.70, Balance: 90250.37
832885 Initial Balance: 100000.00
832885 Final Balance: 90250.37
832885 Stock Value: 0.00
832885 Total Profit/Loss: -9749.63
===
模拟交易策略 002948 的数据
Date: 2024-04-03 00:00:00, Type: buy, Shares: 31645.0, Price: 3.16, Balance: 1.80
Date: 2024-05-16 00:00:00, Type: sell, Shares: 31645.0, Price: 3.48, Balance: 109999.82
002948 Initial Balance: 100000.00
002948 Final Balance: 109999.82
002948 Stock Value: 0.00
002948 Total Profit/Loss: 9999.82
===
模拟交易策略 300806 的数据
Date: 2024-03-07 00:00:00, Type: buy, Shares: 10101.0, Price: 9.90, Balance: 0.10
Date: 2024-03-08 00:00:00, Type: sell, Shares: 10101.0, Price: 9.40, Balance: 95000.00
Date: 2024-05-10 00:00:00, Type: buy, Shares: 10052.0, Price: 9.45, Balance: 8.60
Date: 2024-05-13 00:00:00, Type: sell, Shares: 10052.0, Price: 8.98, Balance: 90250.43
300806 Initial Balance: 100000.00
300806 Final Balance: 90250.43
300806 Stock Value: 0.00
300806 Total Profit/Loss: -9749.57
===
模拟交易策略 605388 的数据
Date: 2024-03-14 00:00:00, Type: buy, Shares: 15673.0, Price: 6.38, Balance: 6.26
Date: 2024-04-12 00:00:00, Type: sell, Shares: 15673.0, Price: 6.06, Balance: 95000.31
Date: 2024-05-09 00:00:00, Type: buy, Shares: 14774.0, Price: 6.43, Balance: 3.49
Date: 2024-05-20 00:00:00, Type: sell, Shares: 14774.0, Price: 7.07, Balance: 104500.00
605388 Initial Balance: 100000.00
605388 Final Balance: 104500.00
605388 Stock Value: 0.00
605388 Total Profit/Loss: 4500.00
===
模拟交易策略 002515 的数据
Date: 2024-03-07 00:00:00, Type: buy, Shares: 20661.0, Price: 4.84, Balance: 0.76
Date: 2024-04-01 00:00:00, Type: sell, Shares: 20661.0, Price: 4.60, Balance: 95000.04
Date: 2024-05-10 00:00:00, Type: buy, Shares: 20742.0, Price: 4.58, Balance: 1.68
Date: 2024-05-15 00:00:00, Type: sell, Shares: 20742.0, Price: 4.35, Balance: 90250.12
002515 Initial Balance: 100000.00
002515 Final Balance: 90250.12
002515 Stock Value: 0.00
002515 Total Profit/Loss: -9749.88
===
模拟交易策略 600650 的数据
Date: 2024-03-19 00:00:00, Type: buy, Shares: 12345.0, Price: 8.10, Balance: 5.50
Date: 2024-04-08 00:00:00, Type: sell, Shares: 12345.0, Price: 8.91, Balance: 109999.45
Date: 2024-05-10 00:00:00, Type: buy, Shares: 13580.0, Price: 8.10, Balance: 1.45
Date: 2024-06-05 00:00:00, Type: sell, Shares: 13580.0, Price: 7.69, Balance: 104499.55
600650 Initial Balance: 100000.00
600650 Final Balance: 104499.55
600650 Stock Value: 0.00
600650 Total Profit/Loss: 4499.55
===
模拟交易策略 688080 的数据
Date: 2024-03-01 00:00:00, Type: buy, Shares: 2886.0, Price: 34.64, Balance: 28.96
Date: 2024-03-27 00:00:00, Type: sell, Shares: 2886.0, Price: 32.91, Balance: 95001.45
Date: 2024-05-07 00:00:00, Type: buy, Shares: 2673.0, Price: 35.54, Balance: 3.03
Date: 2024-05-10 00:00:00, Type: sell, Shares: 2673.0, Price: 33.76, Balance: 90251.53
688080 Initial Balance: 100000.00
688080 Final Balance: 90251.53
688080 Stock Value: 0.00
688080 Total Profit/Loss: -9748.47
===
模拟交易策略 002697 的数据
Date: 2024-03-07 00:00:00, Type: buy, Shares: 21978.0, Price: 4.55, Balance: 0.10
Date: 2024-04-03 00:00:00, Type: sell, Shares: 21978.0, Price: 5.00, Balance: 109999.99
002697 Initial Balance: 100000.00
002697 Final Balance: 109999.99
002697 Stock Value: 0.00
002697 Total Profit/Loss: 9999.99
===
模拟交易策略 301381 的数据
Date: 2024-03-07 00:00:00, Type: buy, Shares: 3861.0, Price: 25.90, Balance: 0.10
Date: 2024-03-27 00:00:00, Type: sell, Shares: 3861.0, Price: 24.60, Balance: 95000.00
Date: 2024-05-07 00:00:00, Type: buy, Shares: 3490.0, Price: 27.22, Balance: 2.20
Date: 2024-05-08 00:00:00, Type: sell, Shares: 3490.0, Price: 25.86, Balance: 90250.11
301381 Initial Balance: 100000.00
301381 Final Balance: 90250.11
301381 Stock Value: 0.00
301381 Total Profit/Loss: -9749.89
===
模拟交易策略 603339 的数据
Date: 2024-03-05 00:00:00, Type: buy, Shares: 10020.0, Price: 9.98, Balance: 0.40
Date: 2024-03-22 00:00:00, Type: sell, Shares: 10020.0, Price: 10.98, Balance: 109999.96
603339 Initial Balance: 100000.00
603339 Final Balance: 109999.96
603339 Stock Value: 0.00
603339 Total Profit/Loss: 9999.96
===
模拟交易策略 600988 的数据
Date: 2024-02-27 00:00:00, Type: buy, Shares: 7800.0, Price: 12.82, Balance: 4.00
Date: 2024-03-05 00:00:00, Type: sell, Shares: 7800.0, Price: 14.10, Balance: 109999.60
600988 Initial Balance: 100000.00
600988 Final Balance: 109999.60
600988 Stock Value: 0.00
600988 Total Profit/Loss: 9999.60
===
模拟交易策略 603125 的数据
Date: 2024-03-13 00:00:00, Type: buy, Shares: 5227.0, Price: 19.13, Balance: 7.49
Date: 2024-05-07 00:00:00, Type: sell, Shares: 5227.0, Price: 21.04, Balance: 109999.25
603125 Initial Balance: 100000.00
603125 Final Balance: 109999.25
603125 Stock Value: 0.00
603125 Total Profit/Loss: 9999.25
===
模拟交易策略 002414 的数据
Date: 2024-02-29 00:00:00, Type: buy, Shares: 16474.0, Price: 6.07, Balance: 2.82
Date: 2024-03-08 00:00:00, Type: sell, Shares: 16474.0, Price: 6.68, Balance: 109999.72
Date: 2024-05-10 00:00:00, Type: buy, Shares: 15514.0, Price: 7.09, Balance: 5.46
Date: 2024-05-15 00:00:00, Type: sell, Shares: 15514.0, Price: 6.74, Balance: 104500.00
002414 Initial Balance: 100000.00
002414 Final Balance: 104500.00
002414 Stock Value: 0.00
002414 Total Profit/Loss: 4500.00
===
模拟交易策略 603682 的数据
Date: 2024-03-20 00:00:00, Type: buy, Shares: 21186.0, Price: 4.72, Balance: 2.08
Date: 2024-04-15 00:00:00, Type: sell, Shares: 21186.0, Price: 4.48, Balance: 95000.10
Date: 2024-05-10 00:00:00, Type: buy, Shares: 20127.0, Price: 4.72, Balance: 0.66
Date: 2024-05-16 00:00:00, Type: sell, Shares: 20127.0, Price: 5.19, Balance: 104500.05
603682 Initial Balance: 100000.00
603682 Final Balance: 104500.05
603682 Stock Value: 0.00
603682 Total Profit/Loss: 4500.05
===
模拟交易策略 002756 的数据
Date: 2024-03-01 00:00:00, Type: buy, Shares: 1876.0, Price: 53.30, Balance: 9.20
Date: 2024-03-05 00:00:00, Type: sell, Shares: 1876.0, Price: 50.63, Balance: 95000.46
002756 Initial Balance: 100000.00
002756 Final Balance: 95000.46
002756 Stock Value: 0.00
002756 Total Profit/Loss: -4999.54
===
模拟交易策略 601628 的数据
Date: 2024-04-29 00:00:00, Type: buy, Shares: 3355.0, Price: 29.80, Balance: 21.00
Date: 2024-05-17 00:00:00, Type: sell, Shares: 3355.0, Price: 32.78, Balance: 109997.90
601628 Initial Balance: 100000.00
601628 Final Balance: 109997.90
601628 Stock Value: 0.00
601628 Total Profit/Loss: 9997.90
===
模拟交易策略 688189 的数据
Date: 2024-03-11 00:00:00, Type: buy, Shares: 14005.0, Price: 7.14, Balance: 4.30
Date: 2024-03-18 00:00:00, Type: sell, Shares: 14005.0, Price: 7.85, Balance: 109999.57
Date: 2024-05-13 00:00:00, Type: buy, Shares: 15406.0, Price: 7.14, Balance: 0.73
Date: 2024-05-16 00:00:00, Type: sell, Shares: 15406.0, Price: 6.78, Balance: 104499.63
688189 Initial Balance: 100000.00
688189 Final Balance: 104499.63
688189 Stock Value: 0.00
688189 Total Profit/Loss: 4499.63
===
模拟交易策略 300649 的数据
Date: 2024-03-15 00:00:00, Type: buy, Shares: 8176.0, Price: 12.23, Balance: 7.52
Date: 2024-04-08 00:00:00, Type: sell, Shares: 8176.0, Price: 11.62, Balance: 95000.38
Date: 2024-05-14 00:00:00, Type: buy, Shares: 8459.0, Price: 11.23, Balance: 5.81
Date: 2024-05-16 00:00:00, Type: sell, Shares: 8459.0, Price: 12.35, Balance: 104499.83
300649 Initial Balance: 100000.00
300649 Final Balance: 104499.83
300649 Stock Value: 0.00
300649 Total Profit/Loss: 4499.83
===
模拟交易策略 002308 的数据
Date: 2024-03-05 00:00:00, Type: buy, Shares: 36363.0, Price: 2.75, Balance: 1.75
Date: 2024-03-20 00:00:00, Type: sell, Shares: 36363.0, Price: 3.03, Balance: 109999.83
002308 Initial Balance: 100000.00
002308 Final Balance: 109999.83
002308 Stock Value: 0.00
002308 Total Profit/Loss: 9999.83
===
模拟交易策略 300855 的数据
Date: 2024-02-28 00:00:00, Type: buy, Shares: 4239.0, Price: 23.59, Balance: 1.99
Date: 2024-02-29 00:00:00, Type: sell, Shares: 4239.0, Price: 22.41, Balance: 95000.10
Date: 2024-04-30 00:00:00, Type: buy, Shares: 3888.0, Price: 24.43, Balance: 16.26
Date: 2024-05-09 00:00:00, Type: sell, Shares: 3888.0, Price: 26.87, Balance: 104498.48
300855 Initial Balance: 100000.00
300855 Final Balance: 104498.48
300855 Stock Value: 0.00
300855 Total Profit/Loss: 4498.48
===
模拟交易策略 002736 的数据
Date: 2024-02-23 00:00:00, Type: buy, Shares: 12180.0, Price: 8.21, Balance: 2.20
Date: 2024-04-18 00:00:00, Type: sell, Shares: 12180.0, Price: 9.03, Balance: 109999.78
Date: 2024-06-05 00:00:00, Type: buy, Shares: 12429.0, Price: 8.85, Balance: 3.13
002736 Initial Balance: 100000.00
002736 Final Balance: 3.13
002736 Stock Value: 108008.01
002736 Total Profit/Loss: 8011.14
===
模拟交易策略 300456 的数据
Date: 2024-02-29 00:00:00, Type: buy, Shares: 5271.0, Price: 18.97, Balance: 9.13
Date: 2024-03-01 00:00:00, Type: sell, Shares: 5271.0, Price: 20.87, Balance: 109999.09
300456 Initial Balance: 100000.00
300456 Final Balance: 109999.09
300456 Stock Value: 0.00
300456 Total Profit/Loss: 9999.09
===
模拟交易策略 002358 的数据
Date: 2024-03-06 00:00:00, Type: buy, Shares: 26737.0, Price: 3.74, Balance: 3.62
Date: 2024-03-12 00:00:00, Type: sell, Shares: 26737.0, Price: 4.11, Balance: 109999.64
Date: 2024-05-09 00:00:00, Type: buy, Shares: 28205.0, Price: 3.90, Balance: 0.14
Date: 2024-06-03 00:00:00, Type: sell, Shares: 28205.0, Price: 3.70, Balance: 104499.66
002358 Initial Balance: 100000.00
002358 Final Balance: 104499.66
002358 Stock Value: 0.00
002358 Total Profit/Loss: 4499.66
===
模拟交易策略 300317 的数据
Date: 2024-03-08 00:00:00, Type: buy, Shares: 25380.0, Price: 3.94, Balance: 2.80
Date: 2024-03-11 00:00:00, Type: sell, Shares: 25380.0, Price: 4.33, Balance: 109999.72
Date: 2024-05-13 00:00:00, Type: buy, Shares: 23912.0, Price: 4.60, Balance: 4.52
Date: 2024-05-15 00:00:00, Type: sell, Shares: 23912.0, Price: 4.37, Balance: 104499.96
300317 Initial Balance: 100000.00
300317 Final Balance: 104499.96
300317 Stock Value: 0.00
300317 Total Profit/Loss: 4499.96
===
模拟交易策略 002594 的数据
Date: 2024-02-29 00:00:00, Type: buy, Shares: 534.0, Price: 187.01, Balance: 136.66
Date: 2024-03-12 00:00:00, Type: sell, Shares: 534.0, Price: 205.71, Balance: 109986.33
Date: 2024-05-06 00:00:00, Type: buy, Shares: 488.0, Price: 225.00, Balance: 186.33
Date: 2024-05-23 00:00:00, Type: sell, Shares: 488.0, Price: 213.75, Balance: 104496.33
Date: 2024-06-03 00:00:00, Type: buy, Shares: 456.0, Price: 229.01, Balance: 67.77
Date: 2024-06-13 00:00:00, Type: sell, Shares: 456.0, Price: 251.91, Balance: 114939.19
002594 Initial Balance: 100000.00
002594 Final Balance: 114939.19
002594 Stock Value: 0.00
002594 Total Profit/Loss: 14939.19
===
模拟交易策略 002765 的数据
Date: 2024-03-07 00:00:00, Type: buy, Shares: 20283.0, Price: 4.93, Balance: 4.81
Date: 2024-03-21 00:00:00, Type: sell, Shares: 20283.0, Price: 5.42, Balance: 109999.52
Date: 2024-05-09 00:00:00, Type: buy, Shares: 21194.0, Price: 5.19, Balance: 2.66
Date: 2024-06-06 00:00:00, Type: sell, Shares: 21194.0, Price: 4.93, Balance: 104499.68
002765 Initial Balance: 100000.00
002765 Final Balance: 104499.68
002765 Stock Value: 0.00
002765 Total Profit/Loss: 4499.68
===
Total Cash: 9545358.96
Total Stock Value: 714771.32
Total Portfolio Value: 10260130.28
Number of Stocks Simulated: 100
Number of Profitable Stocks: 63
Number of Losing Stocks: 37
Average Profit: 8514.71
Average Loss: -7467.47
