Columns for 601698: Index(['日期', '股票代码', '开盘', '收盘', '最高', '最低', '成交量', '成交额', '振幅', '涨跌幅', '涨跌额',
       '换手率'],
      dtype='object')
Columns for 603900: Index(['日期', '股票代码', '开盘', '收盘', '最高', '最低', '成交量', '成交额', '振幅', '涨跌幅', '涨跌额',
       '换手率'],
      dtype='object')
Columns for 300617: Index(['日期', '股票代码', '开盘', '收盘', '最高', '最低', '成交量', '成交额', '振幅', '涨跌幅', '涨跌额',
       '换手率'],
      dtype='object')
Columns for 837663: Index(['日期', '股票代码', '开盘', '收盘', '最高', '最低', '成交量', '成交额', '振幅', '涨跌幅', '涨跌额',
       '换手率'],
      dtype='object')
Columns for 605555: Index(['日期', '股票代码', '开盘', '收盘', '最高', '最低', '成交量', '成交额', '振幅', '涨跌幅', '涨跌额',
       '换手率'],
      dtype='object')
Columns for 002995: Index(['日期', '股票代码', '开盘', '收盘', '最高', '最低', '成交量', '成交额', '振幅', '涨跌幅', '涨跌额',
       '换手率'],
      dtype='object')
Columns for 600128: Index(['日期', '股票代码', '开盘', '收盘', '最高', '最低', '成交量', '成交额', '振幅', '涨跌幅', '涨跌额',
       '换手率'],
      dtype='object')
Columns for 002627: Index(['日期', '股票代码', '开盘', '收盘', '最高', '最低', '成交量', '成交额', '振幅', '涨跌幅', '涨跌额',
       '换手率'],
      dtype='object')
Columns for 000403: Index(['日期', '股票代码', '开盘', '收盘', '最高', '最低', '成交量', '成交额', '振幅', '涨跌幅', '涨跌额',
       '换手率'],
      dtype='object')
Columns for 688351: Index(['日期', '股票代码', '开盘', '收盘', '最高', '最低', '成交量', '成交额', '振幅', '涨跌幅', '涨跌额',
       '换手率'],
      dtype='object')
Columns for 600221: Index(['日期', '股票代码', '开盘', '收盘', '最高', '最低', '成交量', '成交额', '振幅', '涨跌幅', '涨跌额',
       '换手率'],
      dtype='object')
Columns for 601009: Index(['日期', '股票代码', '开盘', '收盘', '最高', '最低', '成交量', '成交额', '振幅', '涨跌幅', '涨跌额',
       '换手率'],
      dtype='object')
Columns for 000400: Index(['日期', '股票代码', '开盘', '收盘', '最高', '最低', '成交量', '成交额', '振幅', '涨跌幅', '涨跌额',
       '换手率'],
      dtype='object')
Columns for 600491: Index(['日期', '股票代码', '开盘', '收盘', '最高', '最低', '成交量', '成交额', '振幅', '涨跌幅', '涨跌额',
       '换手率'],
      dtype='object')
Columns for 002405: Index(['日期', '股票代码', '开盘', '收盘', '最高', '最低', '成交量', '成交额', '振幅', '涨跌幅', '涨跌额',
       '换手率'],
      dtype='object')
Columns for 300567: Index(['日期', '股票代码', '开盘', '收盘', '最高', '最低', '成交量', '成交额', '振幅', '涨跌幅', '涨跌额',
       '换手率'],
      dtype='object')
Columns for 603037: Index(['日期', '股票代码', '开盘', '收盘', '最高', '最低', '成交量', '成交额', '振幅', '涨跌幅', '涨跌额',
       '换手率'],
      dtype='object')
Columns for 002414: Index(['日期', '股票代码', '开盘', '收盘', '最高', '最低', '成交量', '成交额', '振幅', '涨跌幅', '涨跌额',
       '换手率'],
      dtype='object')
Columns for 601101: Index(['日期', '股票代码', '开盘', '收盘', '最高', '最低', '成交量', '成交额', '振幅', '涨跌幅', '涨跌额',
       '换手率'],
      dtype='object')
Columns for 300520: Index(['日期', '股票代码', '开盘', '收盘', '最高', '最低', '成交量', '成交额', '振幅', '涨跌幅', '涨跌额',
       '换手率'],
      dtype='object')
Columns for 601218: Index(['日期', '股票代码', '开盘', '收盘', '最高', '最低', '成交量', '成交额', '振幅', '涨跌幅', '涨跌额',
       '换手率'],
      dtype='object')
Columns for 600888: Index(['日期', '股票代码', '开盘', '收盘', '最高', '最低', '成交量', '成交额', '振幅', '涨跌幅', '涨跌额',
       '换手率'],
      dtype='object')
Columns for 301011: Index(['日期', '股票代码', '开盘', '收盘', '最高', '最低', '成交量', '成交额', '振幅', '涨跌幅', '涨跌额',
       '换手率'],
      dtype='object')
Columns for 601999: Index(['日期', '股票代码', '开盘', '收盘', '最高', '最低', '成交量', '成交额', '振幅', '涨跌幅', '涨跌额',
       '换手率'],
      dtype='object')
Columns for 688671: Index(['日期', '股票代码', '开盘', '收盘', '最高', '最低', '成交量', '成交额', '振幅', '涨跌幅', '涨跌额',
       '换手率'],
      dtype='object')
Columns for 839946: Index(['日期', '股票代码', '开盘', '收盘', '最高', '最低', '成交量', '成交额', '振幅', '涨跌幅', '涨跌额',
       '换手率'],
      dtype='object')
Columns for 600741: Index(['日期', '股票代码', '开盘', '收盘', '最高', '最低', '成交量', '成交额', '振幅', '涨跌幅', '涨跌额',
       '换手率'],
      dtype='object')
Columns for 603585: Index(['日期', '股票代码', '开盘', '收盘', '最高', '最低', '成交量', '成交额', '振幅', '涨跌幅', '涨跌额',
       '换手率'],
      dtype='object')
Columns for 603789: Index(['日期', '股票代码', '开盘', '收盘', '最高', '最低', '成交量', '成交额', '振幅', '涨跌幅', '涨跌额',
       '换手率'],
      dtype='object')
Columns for 002986: Index(['日期', '股票代码', '开盘', '收盘', '最高', '最低', '成交量', '成交额', '振幅', '涨跌幅', '涨跌额',
       '换手率'],
      dtype='object')
Columns for 603355: Index(['日期', '股票代码', '开盘', '收盘', '最高', '最低', '成交量', '成交额', '振幅', '涨跌幅', '涨跌额',
       '换手率'],
      dtype='object')
Columns for 002807: Index(['日期', '股票代码', '开盘', '收盘', '最高', '最低', '成交量', '成交额', '振幅', '涨跌幅', '涨跌额',
       '换手率'],
      dtype='object')
Columns for 688121: Index(['日期', '股票代码', '开盘', '收盘', '最高', '最低', '成交量', '成交额', '振幅', '涨跌幅', '涨跌额',
       '换手率'],
      dtype='object')
Columns for 688522: Index(['日期', '股票代码', '开盘', '收盘', '最高', '最低', '成交量', '成交额', '振幅', '涨跌幅', '涨跌额',
       '换手率'],
      dtype='object')
Columns for 000728: Index(['日期', '股票代码', '开盘', '收盘', '最高', '最低', '成交量', '成交额', '振幅', '涨跌幅', '涨跌额',
       '换手率'],
      dtype='object')
Columns for 600192: Index(['日期', '股票代码', '开盘', '收盘', '最高', '最低', '成交量', '成交额', '振幅', '涨跌幅', '涨跌额',
       '换手率'],
      dtype='object')
Columns for 688079: Index(['日期', '股票代码', '开盘', '收盘', '最高', '最低', '成交量', '成交额', '振幅', '涨跌幅', '涨跌额',
       '换手率'],
      dtype='object')
Columns for 002166: Index(['日期', '股票代码', '开盘', '收盘', '最高', '最低', '成交量', '成交额', '振幅', '涨跌幅', '涨跌额',
       '换手率'],
      dtype='object')
Columns for 600066: Index(['日期', '股票代码', '开盘', '收盘', '最高', '最低', '成交量', '成交额', '振幅', '涨跌幅', '涨跌额',
       '换手率'],
      dtype='object')
Columns for 688728: Index(['日期', '股票代码', '开盘', '收盘', '最高', '最低', '成交量', '成交额', '振幅', '涨跌幅', '涨跌额',
       '换手率'],
      dtype='object')
Columns for 002681: Index(['日期', '股票代码', '开盘', '收盘', '最高', '最低', '成交量', '成交额', '振幅', '涨跌幅', '涨跌额',
       '换手率'],
      dtype='object')
Columns for 600660: Index(['日期', '股票代码', '开盘', '收盘', '最高', '最低', '成交量', '成交额', '振幅', '涨跌幅', '涨跌额',
       '换手率'],
      dtype='object')
Columns for 002947: Index(['日期', '股票代码', '开盘', '收盘', '最高', '最低', '成交量', '成交额', '振幅', '涨跌幅', '涨跌额',
       '换手率'],
      dtype='object')
Columns for 000791: Index(['日期', '股票代码', '开盘', '收盘', '最高', '最低', '成交量', '成交额', '振幅', '涨跌幅', '涨跌额',
       '换手率'],
      dtype='object')
Columns for 002470: Index(['日期', '股票代码', '开盘', '收盘', '最高', '最低', '成交量', '成交额', '振幅', '涨跌幅', '涨跌额',
       '换手率'],
      dtype='object')
Columns for 688395: Index(['日期', '股票代码', '开盘', '收盘', '最高', '最低', '成交量', '成交额', '振幅', '涨跌幅', '涨跌额',
       '换手率'],
      dtype='object')
Columns for 600980: Index(['日期', '股票代码', '开盘', '收盘', '最高', '最低', '成交量', '成交额', '振幅', '涨跌幅', '涨跌额',
       '换手率'],
      dtype='object')
Columns for 300957: Index(['日期', '股票代码', '开盘', '收盘', '最高', '最低', '成交量', '成交额', '振幅', '涨跌幅', '涨跌额',
       '换手率'],
      dtype='object')
Columns for 873703: Index(['日期', '股票代码', '开盘', '收盘', '最高', '最低', '成交量', '成交额', '振幅', '涨跌幅', '涨跌额',
       '换手率'],
      dtype='object')
Columns for 000718: Index(['日期', '股票代码', '开盘', '收盘', '最高', '最低', '成交量', '成交额', '振幅', '涨跌幅', '涨跌额',
       '换手率'],
      dtype='object')
Columns for 002240: Index(['日期', '股票代码', '开盘', '收盘', '最高', '最低', '成交量', '成交额', '振幅', '涨跌幅', '涨跌额',
       '换手率'],
      dtype='object')
Columns for 300510: Index(['日期', '股票代码', '开盘', '收盘', '最高', '最低', '成交量', '成交额', '振幅', '涨跌幅', '涨跌额',
       '换手率'],
      dtype='object')
Columns for 001234: Index(['日期', '股票代码', '开盘', '收盘', '最高', '最低', '成交量', '成交额', '振幅', '涨跌幅', '涨跌额',
       '换手率'],
      dtype='object')
Columns for 600738: Index(['日期', '股票代码', '开盘', '收盘', '最高', '最低', '成交量', '成交额', '振幅', '涨跌幅', '涨跌额',
       '换手率'],
      dtype='object')
Columns for 833346: Index(['日期', '股票代码', '开盘', '收盘', '最高', '最低', '成交量', '成交额', '振幅', '涨跌幅', '涨跌额',
       '换手率'],
      dtype='object')
Columns for 872351: Index(['日期', '股票代码', '开盘', '收盘', '最高', '最低', '成交量', '成交额', '振幅', '涨跌幅', '涨跌额',
       '换手率'],
      dtype='object')
Columns for 002337: Index(['日期', '股票代码', '开盘', '收盘', '最高', '最低', '成交量', '成交额', '振幅', '涨跌幅', '涨跌额',
       '换手率'],
      dtype='object')
Columns for 001215: Index(['日期', '股票代码', '开盘', '收盘', '最高', '最低', '成交量', '成交额', '振幅', '涨跌幅', '涨跌额',
       '换手率'],
      dtype='object')
Columns for 430510: Index(['日期', '股票代码', '开盘', '收盘', '最高', '最低', '成交量', '成交额', '振幅', '涨跌幅', '涨跌额',
       '换手率'],
      dtype='object')
Columns for 605268: Index(['日期', '股票代码', '开盘', '收盘', '最高', '最低', '成交量', '成交额', '振幅', '涨跌幅', '涨跌额',
       '换手率'],
      dtype='object')
Columns for 603306: Index(['日期', '股票代码', '开盘', '收盘', '最高', '最低', '成交量', '成交额', '振幅', '涨跌幅', '涨跌额',
       '换手率'],
      dtype='object')
Columns for 605305: Index(['日期', '股票代码', '开盘', '收盘', '最高', '最低', '成交量', '成交额', '振幅', '涨跌幅', '涨跌额',
       '换手率'],
      dtype='object')
Columns for 600996: Index(['日期', '股票代码', '开盘', '收盘', '最高', '最低', '成交量', '成交额', '振幅', '涨跌幅', '涨跌额',
       '换手率'],
      dtype='object')
Columns for 002104: Index(['日期', '股票代码', '开盘', '收盘', '最高', '最低', '成交量', '成交额', '振幅', '涨跌幅', '涨跌额',
       '换手率'],
      dtype='object')
Columns for 001308: Index(['日期', '股票代码', '开盘', '收盘', '最高', '最低', '成交量', '成交额', '振幅', '涨跌幅', '涨跌额',
       '换手率'],
      dtype='object')
Columns for 600986: Index(['日期', '股票代码', '开盘', '收盘', '最高', '最低', '成交量', '成交额', '振幅', '涨跌幅', '涨跌额',
       '换手率'],
      dtype='object')
Columns for 301152: Index(['日期', '股票代码', '开盘', '收盘', '最高', '最低', '成交量', '成交额', '振幅', '涨跌幅', '涨跌额',
       '换手率'],
      dtype='object')
Columns for 603666: Index(['日期', '股票代码', '开盘', '收盘', '最高', '最低', '成交量', '成交额', '振幅', '涨跌幅', '涨跌额',
       '换手率'],
      dtype='object')
Columns for 603110: Index(['日期', '股票代码', '开盘', '收盘', '最高', '最低', '成交量', '成交额', '振幅', '涨跌幅', '涨跌额',
       '换手率'],
      dtype='object')
Columns for 301380: Index(['日期', '股票代码', '开盘', '收盘', '最高', '最低', '成交量', '成交额', '振幅', '涨跌幅', '涨跌额',
       '换手率'],
      dtype='object')
Columns for 000969: Index(['日期', '股票代码', '开盘', '收盘', '最高', '最低', '成交量', '成交额', '振幅', '涨跌幅', '涨跌额',
       '换手率'],
      dtype='object')
Columns for 300738: Index(['日期', '股票代码', '开盘', '收盘', '最高', '最低', '成交量', '成交额', '振幅', '涨跌幅', '涨跌额',
       '换手率'],
      dtype='object')
Columns for 000976: RangeIndex(start=0, stop=0, step=1)
Error processing 000976: "None of [Index(['日期', '开盘', '收盘', '最高', '最低', '成交量', '成交额'], dtype='object')] are in the [columns]"
Columns for 688319: Index(['日期', '股票代码', '开盘', '收盘', '最高', '最低', '成交量', '成交额', '振幅', '涨跌幅', '涨跌额',
       '换手率'],
      dtype='object')
Columns for 688529: Index(['日期', '股票代码', '开盘', '收盘', '最高', '最低', '成交量', '成交额', '振幅', '涨跌幅', '涨跌额',
       '换手率'],
      dtype='object')
Columns for 603956: Index(['日期', '股票代码', '开盘', '收盘', '最高', '最低', '成交量', '成交额', '振幅', '涨跌幅', '涨跌额',
       '换手率'],
      dtype='object')
Columns for 002566: Index(['日期', '股票代码', '开盘', '收盘', '最高', '最低', '成交量', '成交额', '振幅', '涨跌幅', '涨跌额',
       '换手率'],
      dtype='object')
Columns for 002397: Index(['日期', '股票代码', '开盘', '收盘', '最高', '最低', '成交量', '成交额', '振幅', '涨跌幅', '涨跌额',
       '换手率'],
      dtype='object')
Columns for 300171: Index(['日期', '股票代码', '开盘', '收盘', '最高', '最低', '成交量', '成交额', '振幅', '涨跌幅', '涨跌额',
       '换手率'],
      dtype='object')
Columns for 003040: Index(['日期', '股票代码', '开盘', '收盘', '最高', '最低', '成交量', '成交额', '振幅', '涨跌幅', '涨跌额',
       '换手率'],
      dtype='object')
Columns for 603061: Index(['日期', '股票代码', '开盘', '收盘', '最高', '最低', '成交量', '成交额', '振幅', '涨跌幅', '涨跌额',
       '换手率'],
      dtype='object')
Columns for 002565: Index(['日期', '股票代码', '开盘', '收盘', '最高', '最低', '成交量', '成交额', '振幅', '涨跌幅', '涨跌额',
       '换手率'],
      dtype='object')
Columns for 002990: Index(['日期', '股票代码', '开盘', '收盘', '最高', '最低', '成交量', '成交额', '振幅', '涨跌幅', '涨跌额',
       '换手率'],
      dtype='object')
Columns for 300398: Index(['日期', '股票代码', '开盘', '收盘', '最高', '最低', '成交量', '成交额', '振幅', '涨跌幅', '涨跌额',
       '换手率'],
      dtype='object')
Columns for 600117: Index(['日期', '股票代码', '开盘', '收盘', '最高', '最低', '成交量', '成交额', '振幅', '涨跌幅', '涨跌额',
       '换手率'],
      dtype='object')
Columns for 002858: Index(['日期', '股票代码', '开盘', '收盘', '最高', '最低', '成交量', '成交额', '振幅', '涨跌幅', '涨跌额',
       '换手率'],
      dtype='object')
Columns for 603228: Index(['日期', '股票代码', '开盘', '收盘', '最高', '最低', '成交量', '成交额', '振幅', '涨跌幅', '涨跌额',
       '换手率'],
      dtype='object')
Columns for 301023: Index(['日期', '股票代码', '开盘', '收盘', '最高', '最低', '成交量', '成交额', '振幅', '涨跌幅', '涨跌额',
       '换手率'],
      dtype='object')
Columns for 002180: Index(['日期', '股票代码', '开盘', '收盘', '最高', '最低', '成交量', '成交额', '振幅', '涨跌幅', '涨跌额',
       '换手率'],
      dtype='object')
Columns for 300425: Index(['日期', '股票代码', '开盘', '收盘', '最高', '最低', '成交量', '成交额', '振幅', '涨跌幅', '涨跌额',
       '换手率'],
      dtype='object')
Columns for 000906: Index(['日期', '股票代码', '开盘', '收盘', '最高', '最低', '成交量', '成交额', '振幅', '涨跌幅', '涨跌额',
       '换手率'],
      dtype='object')
Columns for 002712: Index(['日期', '股票代码', '开盘', '收盘', '最高', '最低', '成交量', '成交额', '振幅', '涨跌幅', '涨跌额',
       '换手率'],
      dtype='object')
Columns for 600333: Index(['日期', '股票代码', '开盘', '收盘', '最高', '最低', '成交量', '成交额', '振幅', '涨跌幅', '涨跌额',
       '换手率'],
      dtype='object')
Columns for 301047: Index(['日期', '股票代码', '开盘', '收盘', '最高', '最低', '成交量', '成交额', '振幅', '涨跌幅', '涨跌额',
       '换手率'],
      dtype='object')
Columns for 300765: Index(['日期', '股票代码', '开盘', '收盘', '最高', '最低', '成交量', '成交额', '振幅', '涨跌幅', '涨跌额',
       '换手率'],
      dtype='object')
Columns for 600505: Index(['日期', '股票代码', '开盘', '收盘', '最高', '最低', '成交量', '成交额', '振幅', '涨跌幅', '涨跌额',
       '换手率'],
      dtype='object')
Columns for 833580: Index(['日期', '股票代码', '开盘', '收盘', '最高', '最低', '成交量', '成交额', '振幅', '涨跌幅', '涨跌额',
       '换手率'],
      dtype='object')
Columns for 301370: Index(['日期', '股票代码', '开盘', '收盘', '最高', '最低', '成交量', '成交额', '振幅', '涨跌幅', '涨跌额',
       '换手率'],
      dtype='object')
Columns for 600982: Index(['日期', '股票代码', '开盘', '收盘', '最高', '最低', '成交量', '成交额', '振幅', '涨跌幅', '涨跌额',
       '换手率'],
      dtype='object')
Columns for 600017: Index(['日期', '股票代码', '开盘', '收盘', '最高', '最低', '成交量', '成交额', '振幅', '涨跌幅', '涨跌额',
       '换手率'],
      dtype='object')
